2014-02-26 09:43:06,069 [10] Orchard.FileSystems.AppData.AppDataFolder - Could not delete recipe execution folder C:\Users\Lyrix\Desktop\Orchard\src\Orchard.Web\App_Data\RecipeQueue\68521df22bd441d28337bae7ccfd39ab under "App_Data" folder
2014-02-26 09:43:54,776 [10] Orchard.Environment.DefaultAssemblyLoader - Error loading assembly 'ExternalBlogAggregation'
System.IO.FileNotFoundException: Could not load file or assembly 'ExternalBlogAggregation' or one of its dependencies. The system cannot find the file specified.
File name: 'ExternalBlogAggregation'
   at System.Reflection.RuntimeAssembly._nLoad(AssemblyName fileName, String codeBase, Evidence assemblySecurity, RuntimeAssembly locationHint, StackCrawlMark& stackMark, IntPtr pPrivHostBinder, Boolean throwOnFileNotFound, Boolean forIntrospection, Boolean suppressSecurityChecks)
   at System.Reflection.RuntimeAssembly.nLoad(AssemblyName fileName, String codeBase, Evidence assemblySecurity, RuntimeAssembly locationHint, StackCrawlMark& stackMark, IntPtr pPrivHostBinder, Boolean throwOnFileNotFound, Boolean forIntrospection, Boolean suppressSecurityChecks)
   at System.Reflection.RuntimeAssembly.InternalLoadAssemblyName(AssemblyName assemblyRef, Evidence assemblySecurity, RuntimeAssembly reqAssembly, StackCrawlMark& stackMark, IntPtr pPrivHostBinder, Boolean throwOnFileNotFound, Boolean forIntrospection, Boolean suppressSecurityChecks)
   at System.Reflection.RuntimeAssembly.InternalLoad(String assemblyString, Evidence assemblySecurity, StackCrawlMark& stackMark, IntPtr pPrivHostBinder, Boolean forIntrospection)
   at System.Reflection.RuntimeAssembly.InternalLoad(String assemblyString, Evidence assemblySecurity, StackCrawlMark& stackMark, Boolean forIntrospection)
   at System.Reflection.Assembly.Load(String assemblyString)
   at Orchard.Environment.DefaultAssemblyLoader.LoadWorker(String shortName, String fullName) in c:\Users\Lyrix\Desktop\Orchard\src\Orchard\Environment\IAssemblyLoader.cs:line 56
   at Orchard.Environment.DefaultAssemblyLoader.<>c__DisplayClass4.<Load>b__2(String shortName) in c:\Users\Lyrix\Desktop\Orchard\src\Orchard\Environment\IAssemblyLoader.cs:line 26
   at System.Collections.Concurrent.ConcurrentDictionary`2.GetOrAdd(TKey key, Func`2 valueFactory)
   at Orchard.Environment.DefaultAssemblyLoader.Load(String assemblyName) in c:\Users\Lyrix\Desktop\Orchard\src\Orchard\Environment\IAssemblyLoader.cs:line 26

WRN: Assembly binding logging is turned OFF.
To enable assembly bind failure logging, set the registry value [HKLM\Software\Microsoft\Fusion!EnableLog] (DWORD) to 1.
Note: There is some performance penalty associated with assembly bind failure logging.
To turn this feature off, remove the registry value [HKLM\Software\Microsoft\Fusion!EnableLog].

2014-02-26 09:43:54,787 [10] Orchard.Environment.Extensions.Compilers.DefaultExtensionCompiler - Assembly reference 'ExternalBlogAggregation' for project '/OrchardLocal/Themes/OrchardProject.Net/OrchardProject.Net.csproj' cannot be loaded
2014-02-26 09:43:54,792 [10] Orchard.Environment.DefaultAssemblyLoader - Error loading assembly 'ExternalBlogAggregation'
System.IO.FileNotFoundException: Could not load file or assembly 'ExternalBlogAggregation' or one of its dependencies. The system cannot find the file specified.
File name: 'ExternalBlogAggregation'
   at System.Reflection.RuntimeAssembly._nLoad(AssemblyName fileName, String codeBase, Evidence assemblySecurity, RuntimeAssembly locationHint, StackCrawlMark& stackMark, IntPtr pPrivHostBinder, Boolean throwOnFileNotFound, Boolean forIntrospection, Boolean suppressSecurityChecks)
   at System.Reflection.RuntimeAssembly.nLoad(AssemblyName fileName, String codeBase, Evidence assemblySecurity, RuntimeAssembly locationHint, StackCrawlMark& stackMark, IntPtr pPrivHostBinder, Boolean throwOnFileNotFound, Boolean forIntrospection, Boolean suppressSecurityChecks)
   at System.Reflection.RuntimeAssembly.InternalLoadAssemblyName(AssemblyName assemblyRef, Evidence assemblySecurity, RuntimeAssembly reqAssembly, StackCrawlMark& stackMark, IntPtr pPrivHostBinder, Boolean throwOnFileNotFound, Boolean forIntrospection, Boolean suppressSecurityChecks)
   at System.Reflection.RuntimeAssembly.InternalLoad(String assemblyString, Evidence assemblySecurity, StackCrawlMark& stackMark, IntPtr pPrivHostBinder, Boolean forIntrospection)
   at System.Reflection.RuntimeAssembly.InternalLoad(String assemblyString, Evidence assemblySecurity, StackCrawlMark& stackMark, Boolean forIntrospection)
   at System.Reflection.Assembly.Load(String assemblyString)
   at Orchard.Environment.DefaultAssemblyLoader.LoadWorker(String shortName, String fullName) in c:\Users\Lyrix\Desktop\Orchard\src\Orchard\Environment\IAssemblyLoader.cs:line 56
   at Orchard.Environment.DefaultAssemblyLoader.<>c__DisplayClass4.<Load>b__2(String shortName) in c:\Users\Lyrix\Desktop\Orchard\src\Orchard\Environment\IAssemblyLoader.cs:line 26
   at System.Collections.Concurrent.ConcurrentDictionary`2.GetOrAdd(TKey key, Func`2 valueFactory)
   at Orchard.Environment.DefaultAssemblyLoader.Load(String assemblyName) in c:\Users\Lyrix\Desktop\Orchard\src\Orchard\Environment\IAssemblyLoader.cs:line 26

WRN: Assembly binding logging is turned OFF.
To enable assembly bind failure logging, set the registry value [HKLM\Software\Microsoft\Fusion!EnableLog] (DWORD) to 1.
Note: There is some performance penalty associated with assembly bind failure logging.
To turn this feature off, remove the registry value [HKLM\Software\Microsoft\Fusion!EnableLog].

2014-02-26 09:43:54,797 [10] Orchard.Environment.Extensions.Compilers.DefaultExtensionCompiler - Assembly reference 'ExternalBlogAggregation' for project '/OrchardLocal/Themes/OrchardProject.Net/OrchardProject.Net.csproj' cannot be loaded
2014-02-26 09:43:54,799 [10] Orchard.Environment.DefaultBuildManager - Error when compiling assembly under ~/Themes/OrchardProject.Net/OrchardProject.Net.csproj.
System.Web.HttpParseException (0x80004005): Error compiling module "OrchardProject.Net" from file "/OrchardLocal/Themes/OrchardProject.Net/OrchardProject.Net.csproj":
Assembly reference 'ExternalBlogAggregation' for project '/OrchardLocal/Themes/OrchardProject.Net/OrchardProject.Net.csproj' cannot be loaded ---> Orchard.OrchardCoreException: Error compiling module "OrchardProject.Net" from file "/OrchardLocal/Themes/OrchardProject.Net/OrchardProject.Net.csproj":
Assembly reference 'ExternalBlogAggregation' for project '/OrchardLocal/Themes/OrchardProject.Net/OrchardProject.Net.csproj' cannot be loaded ---> Orchard.OrchardCoreException: Assembly reference 'ExternalBlogAggregation' for project '/OrchardLocal/Themes/OrchardProject.Net/OrchardProject.Net.csproj' cannot be loaded
   at Orchard.Environment.Extensions.Compilers.DefaultExtensionCompiler.Compile(CompileExtensionContext context) in c:\Users\Lyrix\Desktop\Orchard\src\Orchard\Environment\Extensions\Compilers\DefaultExtensionCompiler.cs:line 105
   --- End of inner exception stack trace ---
   at Orchard.Environment.Extensions.Compilers.DefaultExtensionCompiler.Compile(CompileExtensionContext context) in c:\Users\Lyrix\Desktop\Orchard\src\Orchard\Environment\Extensions\Compilers\DefaultExtensionCompiler.cs:line 112
   at Orchard.Environment.Extensions.Compilers.CSharpExtensionBuildProviderShim.GenerateCode(AssemblyBuilder assemblyBuilder) in c:\Users\Lyrix\Desktop\Orchard\src\Orchard\Environment\Extensions\Compilers\CSharpExtensionBuildProviderShim.cs:line 32
   at System.Web.Compilation.AssemblyBuilder.AddBuildProvider(BuildProvider buildProvider)
   at System.Web.Compilation.AssemblyBuilder.AddBuildProvider(BuildProvider buildProvider)
   at System.Web.Compilation.BuildProvidersCompiler.ProcessBuildProviders()
   at System.Web.Compilation.BuildProvidersCompiler.PerformBuild()
   at System.Web.Compilation.BuildManager.CompileWebFile(VirtualPath virtualPath)
   at System.Web.Compilation.BuildManager.GetVPathBuildResultInternal(VirtualPath virtualPath, Boolean noBuild, Boolean allowCrossApp, Boolean allowBuildInPrecompile, Boolean throwIfNotFound, Boolean ensureIsUpToDate)
   at System.Web.Compilation.BuildManager.GetVPathBuildResultWithNoAssert(HttpContext context, VirtualPath virtualPath, Boolean noBuild, Boolean allowCrossApp, Boolean allowBuildInPrecompile, Boolean throwIfNotFound, Boolean ensureIsUpToDate)
   at System.Web.Compilation.BuildManager.GetVPathBuildResult(HttpContext context, VirtualPath virtualPath, Boolean noBuild, Boolean allowCrossApp, Boolean allowBuildInPrecompile, Boolean ensureIsUpToDate)
   at System.Web.Compilation.BuildManager.GetCompiledAssembly(String virtualPath)
   at Orchard.Environment.DefaultBuildManager.GetCompiledAssembly(String virtualPath) in c:\Users\Lyrix\Desktop\Orchard\src\Orchard\Environment\IBuildManager.cs:line 53
2014-02-26 09:43:54,811 [10] Orchard.Environment.DefaultAssemblyLoader - Error loading assembly 'ExternalBlogAggregation'
System.IO.FileNotFoundException: Could not load file or assembly 'ExternalBlogAggregation' or one of its dependencies. The system cannot find the file specified.
File name: 'ExternalBlogAggregation'
   at System.Reflection.RuntimeAssembly._nLoad(AssemblyName fileName, String codeBase, Evidence assemblySecurity, RuntimeAssembly locationHint, StackCrawlMark& stackMark, IntPtr pPrivHostBinder, Boolean throwOnFileNotFound, Boolean forIntrospection, Boolean suppressSecurityChecks)
   at System.Reflection.RuntimeAssembly.nLoad(AssemblyName fileName, String codeBase, Evidence assemblySecurity, RuntimeAssembly locationHint, StackCrawlMark& stackMark, IntPtr pPrivHostBinder, Boolean throwOnFileNotFound, Boolean forIntrospection, Boolean suppressSecurityChecks)
   at System.Reflection.RuntimeAssembly.InternalLoadAssemblyName(AssemblyName assemblyRef, Evidence assemblySecurity, RuntimeAssembly reqAssembly, StackCrawlMark& stackMark, IntPtr pPrivHostBinder, Boolean throwOnFileNotFound, Boolean forIntrospection, Boolean suppressSecurityChecks)
   at System.Reflection.RuntimeAssembly.InternalLoad(String assemblyString, Evidence assemblySecurity, StackCrawlMark& stackMark, IntPtr pPrivHostBinder, Boolean forIntrospection)
   at System.Reflection.RuntimeAssembly.InternalLoad(String assemblyString, Evidence assemblySecurity, StackCrawlMark& stackMark, Boolean forIntrospection)
   at System.Reflection.Assembly.Load(String assemblyString)
   at Orchard.Environment.DefaultAssemblyLoader.LoadWorker(String shortName, String fullName) in c:\Users\Lyrix\Desktop\Orchard\src\Orchard\Environment\IAssemblyLoader.cs:line 56
   at Orchard.Environment.DefaultAssemblyLoader.<>c__DisplayClass4.<Load>b__2(String shortName) in c:\Users\Lyrix\Desktop\Orchard\src\Orchard\Environment\IAssemblyLoader.cs:line 26
   at System.Collections.Concurrent.ConcurrentDictionary`2.GetOrAdd(TKey key, Func`2 valueFactory)
   at Orchard.Environment.DefaultAssemblyLoader.Load(String assemblyName) in c:\Users\Lyrix\Desktop\Orchard\src\Orchard\Environment\IAssemblyLoader.cs:line 26

WRN: Assembly binding logging is turned OFF.
To enable assembly bind failure logging, set the registry value [HKLM\Software\Microsoft\Fusion!EnableLog] (DWORD) to 1.
Note: There is some performance penalty associated with assembly bind failure logging.
To turn this feature off, remove the registry value [HKLM\Software\Microsoft\Fusion!EnableLog].

2014-02-26 09:43:54,812 [10] Orchard.Environment.Extensions.Compilers.DefaultExtensionCompiler - Assembly reference 'ExternalBlogAggregation' for project '/OrchardLocal/Themes/OrchardProject.Net/OrchardProject.Net.csproj' cannot be loaded
2014-02-26 09:43:54,813 [10] Orchard.Environment.DefaultBuildManager - Error when compiling assembly under ~/Themes/OrchardProject.Net/OrchardProject.Net.csproj.
System.Web.HttpParseException (0x80004005): Error compiling module "OrchardProject.Net" from file "/OrchardLocal/Themes/OrchardProject.Net/OrchardProject.Net.csproj":
Assembly reference 'ExternalBlogAggregation' for project '/OrchardLocal/Themes/OrchardProject.Net/OrchardProject.Net.csproj' cannot be loaded ---> Orchard.OrchardCoreException: Error compiling module "OrchardProject.Net" from file "/OrchardLocal/Themes/OrchardProject.Net/OrchardProject.Net.csproj":
Assembly reference 'ExternalBlogAggregation' for project '/OrchardLocal/Themes/OrchardProject.Net/OrchardProject.Net.csproj' cannot be loaded ---> Orchard.OrchardCoreException: Assembly reference 'ExternalBlogAggregation' for project '/OrchardLocal/Themes/OrchardProject.Net/OrchardProject.Net.csproj' cannot be loaded
   at Orchard.Environment.Extensions.Compilers.DefaultExtensionCompiler.Compile(CompileExtensionContext context) in c:\Users\Lyrix\Desktop\Orchard\src\Orchard\Environment\Extensions\Compilers\DefaultExtensionCompiler.cs:line 105
   --- End of inner exception stack trace ---
   at Orchard.Environment.Extensions.Compilers.DefaultExtensionCompiler.Compile(CompileExtensionContext context) in c:\Users\Lyrix\Desktop\Orchard\src\Orchard\Environment\Extensions\Compilers\DefaultExtensionCompiler.cs:line 112
   at Orchard.Environment.Extensions.Compilers.CSharpExtensionBuildProviderShim.GenerateCode(AssemblyBuilder assemblyBuilder) in c:\Users\Lyrix\Desktop\Orchard\src\Orchard\Environment\Extensions\Compilers\CSharpExtensionBuildProviderShim.cs:line 32
   at System.Web.Compilation.AssemblyBuilder.AddBuildProvider(BuildProvider buildProvider)
   at System.Web.Compilation.AssemblyBuilder.AddBuildProvider(BuildProvider buildProvider)
   at System.Web.Compilation.BuildProvidersCompiler.ProcessBuildProviders()
   at System.Web.Compilation.BuildProvidersCompiler.PerformBuild()
   at System.Web.Compilation.BuildManager.CompileWebFile(VirtualPath virtualPath)
   at System.Web.Compilation.BuildManager.GetVPathBuildResultInternal(VirtualPath virtualPath, Boolean noBuild, Boolean allowCrossApp, Boolean allowBuildInPrecompile, Boolean throwIfNotFound, Boolean ensureIsUpToDate)
   at System.Web.Compilation.BuildManager.GetVPathBuildResultWithNoAssert(HttpContext context, VirtualPath virtualPath, Boolean noBuild, Boolean allowCrossApp, Boolean allowBuildInPrecompile, Boolean throwIfNotFound, Boolean ensureIsUpToDate)
   at System.Web.Compilation.BuildManager.GetVPathBuildResult(HttpContext context, VirtualPath virtualPath, Boolean noBuild, Boolean allowCrossApp, Boolean allowBuildInPrecompile, Boolean ensureIsUpToDate)
   at System.Web.Compilation.BuildManager.GetCompiledAssembly(String virtualPath)
   at Orchard.Environment.DefaultBuildManager.GetCompiledAssembly(String virtualPath) in c:\Users\Lyrix\Desktop\Orchard\src\Orchard\Environment\IBuildManager.cs:line 53
2014-02-26 09:43:54,821 [10] Orchard.Environment.DefaultAssemblyLoader - Error loading assembly 'ExternalBlogAggregation'
System.IO.FileNotFoundException: Could not load file or assembly 'ExternalBlogAggregation' or one of its dependencies. The system cannot find the file specified.
File name: 'ExternalBlogAggregation'
   at System.Reflection.RuntimeAssembly._nLoad(AssemblyName fileName, String codeBase, Evidence assemblySecurity, RuntimeAssembly locationHint, StackCrawlMark& stackMark, IntPtr pPrivHostBinder, Boolean throwOnFileNotFound, Boolean forIntrospection, Boolean suppressSecurityChecks)
   at System.Reflection.RuntimeAssembly.nLoad(AssemblyName fileName, String codeBase, Evidence assemblySecurity, RuntimeAssembly locationHint, StackCrawlMark& stackMark, IntPtr pPrivHostBinder, Boolean throwOnFileNotFound, Boolean forIntrospection, Boolean suppressSecurityChecks)
   at System.Reflection.RuntimeAssembly.InternalLoadAssemblyName(AssemblyName assemblyRef, Evidence assemblySecurity, RuntimeAssembly reqAssembly, StackCrawlMark& stackMark, IntPtr pPrivHostBinder, Boolean throwOnFileNotFound, Boolean forIntrospection, Boolean suppressSecurityChecks)
   at System.Reflection.RuntimeAssembly.InternalLoad(String assemblyString, Evidence assemblySecurity, StackCrawlMark& stackMark, IntPtr pPrivHostBinder, Boolean forIntrospection)
   at System.Reflection.RuntimeAssembly.InternalLoad(String assemblyString, Evidence assemblySecurity, StackCrawlMark& stackMark, Boolean forIntrospection)
   at System.Reflection.Assembly.Load(String assemblyString)
   at Orchard.Environment.DefaultAssemblyLoader.LoadWorker(String shortName, String fullName) in c:\Users\Lyrix\Desktop\Orchard\src\Orchard\Environment\IAssemblyLoader.cs:line 56
   at Orchard.Environment.DefaultAssemblyLoader.<>c__DisplayClass4.<Load>b__2(String shortName) in c:\Users\Lyrix\Desktop\Orchard\src\Orchard\Environment\IAssemblyLoader.cs:line 26
   at System.Collections.Concurrent.ConcurrentDictionary`2.GetOrAdd(TKey key, Func`2 valueFactory)
   at Orchard.Environment.DefaultAssemblyLoader.Load(String assemblyName) in c:\Users\Lyrix\Desktop\Orchard\src\Orchard\Environment\IAssemblyLoader.cs:line 26

WRN: Assembly binding logging is turned OFF.
To enable assembly bind failure logging, set the registry value [HKLM\Software\Microsoft\Fusion!EnableLog] (DWORD) to 1.
Note: There is some performance penalty associated with assembly bind failure logging.
To turn this feature off, remove the registry value [HKLM\Software\Microsoft\Fusion!EnableLog].

2014-02-26 09:43:54,822 [10] Orchard.Environment.Extensions.Compilers.DefaultExtensionCompiler - Assembly reference 'ExternalBlogAggregation' for project '/OrchardLocal/Themes/OrchardProject.Net/OrchardProject.Net.csproj' cannot be loaded
2014-02-26 09:43:54,824 [10] Orchard.Environment.DefaultBuildManager - Error when compiling assembly under ~/Themes/OrchardProject.Net/OrchardProject.Net.csproj.
System.Web.HttpParseException (0x80004005): Error compiling module "OrchardProject.Net" from file "/OrchardLocal/Themes/OrchardProject.Net/OrchardProject.Net.csproj":
Assembly reference 'ExternalBlogAggregation' for project '/OrchardLocal/Themes/OrchardProject.Net/OrchardProject.Net.csproj' cannot be loaded ---> Orchard.OrchardCoreException: Error compiling module "OrchardProject.Net" from file "/OrchardLocal/Themes/OrchardProject.Net/OrchardProject.Net.csproj":
Assembly reference 'ExternalBlogAggregation' for project '/OrchardLocal/Themes/OrchardProject.Net/OrchardProject.Net.csproj' cannot be loaded ---> Orchard.OrchardCoreException: Assembly reference 'ExternalBlogAggregation' for project '/OrchardLocal/Themes/OrchardProject.Net/OrchardProject.Net.csproj' cannot be loaded
   at Orchard.Environment.Extensions.Compilers.DefaultExtensionCompiler.Compile(CompileExtensionContext context) in c:\Users\Lyrix\Desktop\Orchard\src\Orchard\Environment\Extensions\Compilers\DefaultExtensionCompiler.cs:line 105
   --- End of inner exception stack trace ---
   at Orchard.Environment.Extensions.Compilers.DefaultExtensionCompiler.Compile(CompileExtensionContext context) in c:\Users\Lyrix\Desktop\Orchard\src\Orchard\Environment\Extensions\Compilers\DefaultExtensionCompiler.cs:line 112
   at Orchard.Environment.Extensions.Compilers.CSharpExtensionBuildProviderShim.GenerateCode(AssemblyBuilder assemblyBuilder) in c:\Users\Lyrix\Desktop\Orchard\src\Orchard\Environment\Extensions\Compilers\CSharpExtensionBuildProviderShim.cs:line 32
   at System.Web.Compilation.AssemblyBuilder.AddBuildProvider(BuildProvider buildProvider)
   at System.Web.Compilation.AssemblyBuilder.AddBuildProvider(BuildProvider buildProvider)
   at System.Web.Compilation.BuildProvidersCompiler.ProcessBuildProviders()
   at System.Web.Compilation.BuildProvidersCompiler.PerformBuild()
   at System.Web.Compilation.BuildManager.CompileWebFile(VirtualPath virtualPath)
   at System.Web.Compilation.BuildManager.GetVPathBuildResultInternal(VirtualPath virtualPath, Boolean noBuild, Boolean allowCrossApp, Boolean allowBuildInPrecompile, Boolean throwIfNotFound, Boolean ensureIsUpToDate)
   at System.Web.Compilation.BuildManager.GetVPathBuildResultWithNoAssert(HttpContext context, VirtualPath virtualPath, Boolean noBuild, Boolean allowCrossApp, Boolean allowBuildInPrecompile, Boolean throwIfNotFound, Boolean ensureIsUpToDate)
   at System.Web.Compilation.BuildManager.GetVPathBuildResult(HttpContext context, VirtualPath virtualPath, Boolean noBuild, Boolean allowCrossApp, Boolean allowBuildInPrecompile, Boolean ensureIsUpToDate)
   at System.Web.Compilation.BuildManager.GetCompiledAssembly(String virtualPath)
   at Orchard.Environment.DefaultBuildManager.GetCompiledAssembly(String virtualPath) in c:\Users\Lyrix\Desktop\Orchard\src\Orchard\Environment\IBuildManager.cs:line 53
2014-02-26 09:43:54,829 [10] Orchard.Environment.DefaultAssemblyLoader - Error loading assembly 'ExternalBlogAggregation'
System.IO.FileNotFoundException: Could not load file or assembly 'ExternalBlogAggregation' or one of its dependencies. The system cannot find the file specified.
File name: 'ExternalBlogAggregation'
   at System.Reflection.RuntimeAssembly._nLoad(AssemblyName fileName, String codeBase, Evidence assemblySecurity, RuntimeAssembly locationHint, StackCrawlMark& stackMark, IntPtr pPrivHostBinder, Boolean throwOnFileNotFound, Boolean forIntrospection, Boolean suppressSecurityChecks)
   at System.Reflection.RuntimeAssembly.nLoad(AssemblyName fileName, String codeBase, Evidence assemblySecurity, RuntimeAssembly locationHint, StackCrawlMark& stackMark, IntPtr pPrivHostBinder, Boolean throwOnFileNotFound, Boolean forIntrospection, Boolean suppressSecurityChecks)
   at System.Reflection.RuntimeAssembly.InternalLoadAssemblyName(AssemblyName assemblyRef, Evidence assemblySecurity, RuntimeAssembly reqAssembly, StackCrawlMark& stackMark, IntPtr pPrivHostBinder, Boolean throwOnFileNotFound, Boolean forIntrospection, Boolean suppressSecurityChecks)
   at System.Reflection.RuntimeAssembly.InternalLoad(String assemblyString, Evidence assemblySecurity, StackCrawlMark& stackMark, IntPtr pPrivHostBinder, Boolean forIntrospection)
   at System.Reflection.RuntimeAssembly.InternalLoad(String assemblyString, Evidence assemblySecurity, StackCrawlMark& stackMark, Boolean forIntrospection)
   at System.Reflection.Assembly.Load(String assemblyString)
   at Orchard.Environment.DefaultAssemblyLoader.LoadWorker(String shortName, String fullName) in c:\Users\Lyrix\Desktop\Orchard\src\Orchard\Environment\IAssemblyLoader.cs:line 56
   at Orchard.Environment.DefaultAssemblyLoader.<>c__DisplayClass4.<Load>b__2(String shortName) in c:\Users\Lyrix\Desktop\Orchard\src\Orchard\Environment\IAssemblyLoader.cs:line 26
   at System.Collections.Concurrent.ConcurrentDictionary`2.GetOrAdd(TKey key, Func`2 valueFactory)
   at Orchard.Environment.DefaultAssemblyLoader.Load(String assemblyName) in c:\Users\Lyrix\Desktop\Orchard\src\Orchard\Environment\IAssemblyLoader.cs:line 26

WRN: Assembly binding logging is turned OFF.
To enable assembly bind failure logging, set the registry value [HKLM\Software\Microsoft\Fusion!EnableLog] (DWORD) to 1.
Note: There is some performance penalty associated with assembly bind failure logging.
To turn this feature off, remove the registry value [HKLM\Software\Microsoft\Fusion!EnableLog].

2014-02-26 09:43:54,831 [10] Orchard.Environment.Extensions.Compilers.DefaultExtensionCompiler - Assembly reference 'ExternalBlogAggregation' for project '/OrchardLocal/Themes/OrchardProject.Net/OrchardProject.Net.csproj' cannot be loaded
2014-02-26 09:43:54,832 [10] Orchard.Environment.DefaultBuildManager - Error when compiling assembly under ~/Themes/OrchardProject.Net/OrchardProject.Net.csproj.
System.Web.HttpParseException (0x80004005): Error compiling module "OrchardProject.Net" from file "/OrchardLocal/Themes/OrchardProject.Net/OrchardProject.Net.csproj":
Assembly reference 'ExternalBlogAggregation' for project '/OrchardLocal/Themes/OrchardProject.Net/OrchardProject.Net.csproj' cannot be loaded ---> Orchard.OrchardCoreException: Error compiling module "OrchardProject.Net" from file "/OrchardLocal/Themes/OrchardProject.Net/OrchardProject.Net.csproj":
Assembly reference 'ExternalBlogAggregation' for project '/OrchardLocal/Themes/OrchardProject.Net/OrchardProject.Net.csproj' cannot be loaded ---> Orchard.OrchardCoreException: Assembly reference 'ExternalBlogAggregation' for project '/OrchardLocal/Themes/OrchardProject.Net/OrchardProject.Net.csproj' cannot be loaded
   at Orchard.Environment.Extensions.Compilers.DefaultExtensionCompiler.Compile(CompileExtensionContext context) in c:\Users\Lyrix\Desktop\Orchard\src\Orchard\Environment\Extensions\Compilers\DefaultExtensionCompiler.cs:line 105
   --- End of inner exception stack trace ---
   at Orchard.Environment.Extensions.Compilers.DefaultExtensionCompiler.Compile(CompileExtensionContext context) in c:\Users\Lyrix\Desktop\Orchard\src\Orchard\Environment\Extensions\Compilers\DefaultExtensionCompiler.cs:line 112
   at Orchard.Environment.Extensions.Compilers.CSharpExtensionBuildProviderShim.GenerateCode(AssemblyBuilder assemblyBuilder) in c:\Users\Lyrix\Desktop\Orchard\src\Orchard\Environment\Extensions\Compilers\CSharpExtensionBuildProviderShim.cs:line 32
   at System.Web.Compilation.AssemblyBuilder.AddBuildProvider(BuildProvider buildProvider)
   at System.Web.Compilation.AssemblyBuilder.AddBuildProvider(BuildProvider buildProvider)
   at System.Web.Compilation.BuildProvidersCompiler.ProcessBuildProviders()
   at System.Web.Compilation.BuildProvidersCompiler.PerformBuild()
   at System.Web.Compilation.BuildManager.CompileWebFile(VirtualPath virtualPath)
   at System.Web.Compilation.BuildManager.GetVPathBuildResultInternal(VirtualPath virtualPath, Boolean noBuild, Boolean allowCrossApp, Boolean allowBuildInPrecompile, Boolean throwIfNotFound, Boolean ensureIsUpToDate)
   at System.Web.Compilation.BuildManager.GetVPathBuildResultWithNoAssert(HttpContext context, VirtualPath virtualPath, Boolean noBuild, Boolean allowCrossApp, Boolean allowBuildInPrecompile, Boolean throwIfNotFound, Boolean ensureIsUpToDate)
   at System.Web.Compilation.BuildManager.GetVPathBuildResult(HttpContext context, VirtualPath virtualPath, Boolean noBuild, Boolean allowCrossApp, Boolean allowBuildInPrecompile, Boolean ensureIsUpToDate)
   at System.Web.Compilation.BuildManager.GetCompiledAssembly(String virtualPath)
   at Orchard.Environment.DefaultBuildManager.GetCompiledAssembly(String virtualPath) in c:\Users\Lyrix\Desktop\Orchard\src\Orchard\Environment\IBuildManager.cs:line 53
2014-02-26 09:43:54,840 [10] Orchard.Environment.DefaultAssemblyLoader - Error loading assembly 'ExternalBlogAggregation'
System.IO.FileNotFoundException: Could not load file or assembly 'ExternalBlogAggregation' or one of its dependencies. The system cannot find the file specified.
File name: 'ExternalBlogAggregation'
   at System.Reflection.RuntimeAssembly._nLoad(AssemblyName fileName, String codeBase, Evidence assemblySecurity, RuntimeAssembly locationHint, StackCrawlMark& stackMark, IntPtr pPrivHostBinder, Boolean throwOnFileNotFound, Boolean forIntrospection, Boolean suppressSecurityChecks)
   at System.Reflection.RuntimeAssembly.nLoad(AssemblyName fileName, String codeBase, Evidence assemblySecurity, RuntimeAssembly locationHint, StackCrawlMark& stackMark, IntPtr pPrivHostBinder, Boolean throwOnFileNotFound, Boolean forIntrospection, Boolean suppressSecurityChecks)
   at System.Reflection.RuntimeAssembly.InternalLoadAssemblyName(AssemblyName assemblyRef, Evidence assemblySecurity, RuntimeAssembly reqAssembly, StackCrawlMark& stackMark, IntPtr pPrivHostBinder, Boolean throwOnFileNotFound, Boolean forIntrospection, Boolean suppressSecurityChecks)
   at System.Reflection.RuntimeAssembly.InternalLoad(String assemblyString, Evidence assemblySecurity, StackCrawlMark& stackMark, IntPtr pPrivHostBinder, Boolean forIntrospection)
   at System.Reflection.RuntimeAssembly.InternalLoad(String assemblyString, Evidence assemblySecurity, StackCrawlMark& stackMark, Boolean forIntrospection)
   at System.Reflection.Assembly.Load(String assemblyString)
   at Orchard.Environment.DefaultAssemblyLoader.LoadWorker(String shortName, String fullName) in c:\Users\Lyrix\Desktop\Orchard\src\Orchard\Environment\IAssemblyLoader.cs:line 56
   at Orchard.Environment.DefaultAssemblyLoader.<>c__DisplayClass4.<Load>b__2(String shortName) in c:\Users\Lyrix\Desktop\Orchard\src\Orchard\Environment\IAssemblyLoader.cs:line 26
   at System.Collections.Concurrent.ConcurrentDictionary`2.GetOrAdd(TKey key, Func`2 valueFactory)
   at Orchard.Environment.DefaultAssemblyLoader.Load(String assemblyName) in c:\Users\Lyrix\Desktop\Orchard\src\Orchard\Environment\IAssemblyLoader.cs:line 26

WRN: Assembly binding logging is turned OFF.
To enable assembly bind failure logging, set the registry value [HKLM\Software\Microsoft\Fusion!EnableLog] (DWORD) to 1.
Note: There is some performance penalty associated with assembly bind failure logging.
To turn this feature off, remove the registry value [HKLM\Software\Microsoft\Fusion!EnableLog].

2014-02-26 09:43:54,842 [10] Orchard.Environment.Extensions.Compilers.DefaultExtensionCompiler - Assembly reference 'ExternalBlogAggregation' for project '/OrchardLocal/Themes/OrchardProject.Net/OrchardProject.Net.csproj' cannot be loaded
2014-02-26 09:43:54,843 [10] Orchard.Environment.DefaultBuildManager - Error when compiling assembly under ~/Themes/OrchardProject.Net/OrchardProject.Net.csproj.
System.Web.HttpParseException (0x80004005): Error compiling module "OrchardProject.Net" from file "/OrchardLocal/Themes/OrchardProject.Net/OrchardProject.Net.csproj":
Assembly reference 'ExternalBlogAggregation' for project '/OrchardLocal/Themes/OrchardProject.Net/OrchardProject.Net.csproj' cannot be loaded ---> Orchard.OrchardCoreException: Error compiling module "OrchardProject.Net" from file "/OrchardLocal/Themes/OrchardProject.Net/OrchardProject.Net.csproj":
Assembly reference 'ExternalBlogAggregation' for project '/OrchardLocal/Themes/OrchardProject.Net/OrchardProject.Net.csproj' cannot be loaded ---> Orchard.OrchardCoreException: Assembly reference 'ExternalBlogAggregation' for project '/OrchardLocal/Themes/OrchardProject.Net/OrchardProject.Net.csproj' cannot be loaded
   at Orchard.Environment.Extensions.Compilers.DefaultExtensionCompiler.Compile(CompileExtensionContext context) in c:\Users\Lyrix\Desktop\Orchard\src\Orchard\Environment\Extensions\Compilers\DefaultExtensionCompiler.cs:line 105
   --- End of inner exception stack trace ---
   at Orchard.Environment.Extensions.Compilers.DefaultExtensionCompiler.Compile(CompileExtensionContext context) in c:\Users\Lyrix\Desktop\Orchard\src\Orchard\Environment\Extensions\Compilers\DefaultExtensionCompiler.cs:line 112
   at Orchard.Environment.Extensions.Compilers.CSharpExtensionBuildProviderShim.GenerateCode(AssemblyBuilder assemblyBuilder) in c:\Users\Lyrix\Desktop\Orchard\src\Orchard\Environment\Extensions\Compilers\CSharpExtensionBuildProviderShim.cs:line 32
   at System.Web.Compilation.AssemblyBuilder.AddBuildProvider(BuildProvider buildProvider)
   at System.Web.Compilation.AssemblyBuilder.AddBuildProvider(BuildProvider buildProvider)
   at System.Web.Compilation.BuildProvidersCompiler.ProcessBuildProviders()
   at System.Web.Compilation.BuildProvidersCompiler.PerformBuild()
   at System.Web.Compilation.BuildManager.CompileWebFile(VirtualPath virtualPath)
   at System.Web.Compilation.BuildManager.GetVPathBuildResultInternal(VirtualPath virtualPath, Boolean noBuild, Boolean allowCrossApp, Boolean allowBuildInPrecompile, Boolean throwIfNotFound, Boolean ensureIsUpToDate)
   at System.Web.Compilation.BuildManager.GetVPathBuildResultWithNoAssert(HttpContext context, VirtualPath virtualPath, Boolean noBuild, Boolean allowCrossApp, Boolean allowBuildInPrecompile, Boolean throwIfNotFound, Boolean ensureIsUpToDate)
   at System.Web.Compilation.BuildManager.GetVPathBuildResult(HttpContext context, VirtualPath virtualPath, Boolean noBuild, Boolean allowCrossApp, Boolean allowBuildInPrecompile, Boolean ensureIsUpToDate)
   at System.Web.Compilation.BuildManager.GetCompiledAssembly(String virtualPath)
   at Orchard.Environment.DefaultBuildManager.GetCompiledAssembly(String virtualPath) in c:\Users\Lyrix\Desktop\Orchard\src\Orchard\Environment\IBuildManager.cs:line 53
2014-02-26 09:43:54,849 [10] Orchard.Environment.DefaultAssemblyLoader - Error loading assembly 'ExternalBlogAggregation'
System.IO.FileNotFoundException: Could not load file or assembly 'ExternalBlogAggregation' or one of its dependencies. The system cannot find the file specified.
File name: 'ExternalBlogAggregation'
   at System.Reflection.RuntimeAssembly._nLoad(AssemblyName fileName, String codeBase, Evidence assemblySecurity, RuntimeAssembly locationHint, StackCrawlMark& stackMark, IntPtr pPrivHostBinder, Boolean throwOnFileNotFound, Boolean forIntrospection, Boolean suppressSecurityChecks)
   at System.Reflection.RuntimeAssembly.nLoad(AssemblyName fileName, String codeBase, Evidence assemblySecurity, RuntimeAssembly locationHint, StackCrawlMark& stackMark, IntPtr pPrivHostBinder, Boolean throwOnFileNotFound, Boolean forIntrospection, Boolean suppressSecurityChecks)
   at System.Reflection.RuntimeAssembly.InternalLoadAssemblyName(AssemblyName assemblyRef, Evidence assemblySecurity, RuntimeAssembly reqAssembly, StackCrawlMark& stackMark, IntPtr pPrivHostBinder, Boolean throwOnFileNotFound, Boolean forIntrospection, Boolean suppressSecurityChecks)
   at System.Reflection.RuntimeAssembly.InternalLoad(String assemblyString, Evidence assemblySecurity, StackCrawlMark& stackMark, IntPtr pPrivHostBinder, Boolean forIntrospection)
   at System.Reflection.RuntimeAssembly.InternalLoad(String assemblyString, Evidence assemblySecurity, StackCrawlMark& stackMark, Boolean forIntrospection)
   at System.Reflection.Assembly.Load(String assemblyString)
   at Orchard.Environment.DefaultAssemblyLoader.LoadWorker(String shortName, String fullName) in c:\Users\Lyrix\Desktop\Orchard\src\Orchard\Environment\IAssemblyLoader.cs:line 56
   at Orchard.Environment.DefaultAssemblyLoader.<>c__DisplayClass4.<Load>b__2(String shortName) in c:\Users\Lyrix\Desktop\Orchard\src\Orchard\Environment\IAssemblyLoader.cs:line 26
   at System.Collections.Concurrent.ConcurrentDictionary`2.GetOrAdd(TKey key, Func`2 valueFactory)
   at Orchard.Environment.DefaultAssemblyLoader.Load(String assemblyName) in c:\Users\Lyrix\Desktop\Orchard\src\Orchard\Environment\IAssemblyLoader.cs:line 26

WRN: Assembly binding logging is turned OFF.
To enable assembly bind failure logging, set the registry value [HKLM\Software\Microsoft\Fusion!EnableLog] (DWORD) to 1.
Note: There is some performance penalty associated with assembly bind failure logging.
To turn this feature off, remove the registry value [HKLM\Software\Microsoft\Fusion!EnableLog].

2014-02-26 09:43:54,850 [10] Orchard.Environment.Extensions.Compilers.DefaultExtensionCompiler - Assembly reference 'ExternalBlogAggregation' for project '/OrchardLocal/Themes/OrchardProject.Net/OrchardProject.Net.csproj' cannot be loaded
2014-02-26 09:43:54,851 [10] Orchard.Environment.DefaultBuildManager - Error when compiling assembly under ~/Themes/OrchardProject.Net/OrchardProject.Net.csproj.
System.Web.HttpParseException (0x80004005): Error compiling module "OrchardProject.Net" from file "/OrchardLocal/Themes/OrchardProject.Net/OrchardProject.Net.csproj":
Assembly reference 'ExternalBlogAggregation' for project '/OrchardLocal/Themes/OrchardProject.Net/OrchardProject.Net.csproj' cannot be loaded ---> Orchard.OrchardCoreException: Error compiling module "OrchardProject.Net" from file "/OrchardLocal/Themes/OrchardProject.Net/OrchardProject.Net.csproj":
Assembly reference 'ExternalBlogAggregation' for project '/OrchardLocal/Themes/OrchardProject.Net/OrchardProject.Net.csproj' cannot be loaded ---> Orchard.OrchardCoreException: Assembly reference 'ExternalBlogAggregation' for project '/OrchardLocal/Themes/OrchardProject.Net/OrchardProject.Net.csproj' cannot be loaded
   at Orchard.Environment.Extensions.Compilers.DefaultExtensionCompiler.Compile(CompileExtensionContext context) in c:\Users\Lyrix\Desktop\Orchard\src\Orchard\Environment\Extensions\Compilers\DefaultExtensionCompiler.cs:line 105
   --- End of inner exception stack trace ---
   at Orchard.Environment.Extensions.Compilers.DefaultExtensionCompiler.Compile(CompileExtensionContext context) in c:\Users\Lyrix\Desktop\Orchard\src\Orchard\Environment\Extensions\Compilers\DefaultExtensionCompiler.cs:line 112
   at Orchard.Environment.Extensions.Compilers.CSharpExtensionBuildProviderShim.GenerateCode(AssemblyBuilder assemblyBuilder) in c:\Users\Lyrix\Desktop\Orchard\src\Orchard\Environment\Extensions\Compilers\CSharpExtensionBuildProviderShim.cs:line 32
   at System.Web.Compilation.AssemblyBuilder.AddBuildProvider(BuildProvider buildProvider)
   at System.Web.Compilation.AssemblyBuilder.AddBuildProvider(BuildProvider buildProvider)
   at System.Web.Compilation.BuildProvidersCompiler.ProcessBuildProviders()
   at System.Web.Compilation.BuildProvidersCompiler.PerformBuild()
   at System.Web.Compilation.BuildManager.CompileWebFile(VirtualPath virtualPath)
   at System.Web.Compilation.BuildManager.GetVPathBuildResultInternal(VirtualPath virtualPath, Boolean noBuild, Boolean allowCrossApp, Boolean allowBuildInPrecompile, Boolean throwIfNotFound, Boolean ensureIsUpToDate)
   at System.Web.Compilation.BuildManager.GetVPathBuildResultWithNoAssert(HttpContext context, VirtualPath virtualPath, Boolean noBuild, Boolean allowCrossApp, Boolean allowBuildInPrecompile, Boolean throwIfNotFound, Boolean ensureIsUpToDate)
   at System.Web.Compilation.BuildManager.GetVPathBuildResult(HttpContext context, VirtualPath virtualPath, Boolean noBuild, Boolean allowCrossApp, Boolean allowBuildInPrecompile, Boolean ensureIsUpToDate)
   at System.Web.Compilation.BuildManager.GetCompiledAssembly(String virtualPath)
   at Orchard.Environment.DefaultBuildManager.GetCompiledAssembly(String virtualPath) in c:\Users\Lyrix\Desktop\Orchard\src\Orchard\Environment\IBuildManager.cs:line 53
2014-02-26 09:43:54,863 [10] Orchard.Environment.DefaultAssemblyLoader - Error loading assembly 'ExternalBlogAggregation'
System.IO.FileNotFoundException: Could not load file or assembly 'ExternalBlogAggregation' or one of its dependencies. The system cannot find the file specified.
File name: 'ExternalBlogAggregation'
   at System.Reflection.RuntimeAssembly._nLoad(AssemblyName fileName, String codeBase, Evidence assemblySecurity, RuntimeAssembly locationHint, StackCrawlMark& stackMark, IntPtr pPrivHostBinder, Boolean throwOnFileNotFound, Boolean forIntrospection, Boolean suppressSecurityChecks)
   at System.Reflection.RuntimeAssembly.nLoad(AssemblyName fileName, String codeBase, Evidence assemblySecurity, RuntimeAssembly locationHint, StackCrawlMark& stackMark, IntPtr pPrivHostBinder, Boolean throwOnFileNotFound, Boolean forIntrospection, Boolean suppressSecurityChecks)
   at System.Reflection.RuntimeAssembly.InternalLoadAssemblyName(AssemblyName assemblyRef, Evidence assemblySecurity, RuntimeAssembly reqAssembly, StackCrawlMark& stackMark, IntPtr pPrivHostBinder, Boolean throwOnFileNotFound, Boolean forIntrospection, Boolean suppressSecurityChecks)
   at System.Reflection.RuntimeAssembly.InternalLoad(String assemblyString, Evidence assemblySecurity, StackCrawlMark& stackMark, IntPtr pPrivHostBinder, Boolean forIntrospection)
   at System.Reflection.RuntimeAssembly.InternalLoad(String assemblyString, Evidence assemblySecurity, StackCrawlMark& stackMark, Boolean forIntrospection)
   at System.Reflection.Assembly.Load(String assemblyString)
   at Orchard.Environment.DefaultAssemblyLoader.LoadWorker(String shortName, String fullName) in c:\Users\Lyrix\Desktop\Orchard\src\Orchard\Environment\IAssemblyLoader.cs:line 56
   at Orchard.Environment.DefaultAssemblyLoader.<>c__DisplayClass4.<Load>b__2(String shortName) in c:\Users\Lyrix\Desktop\Orchard\src\Orchard\Environment\IAssemblyLoader.cs:line 26
   at System.Collections.Concurrent.ConcurrentDictionary`2.GetOrAdd(TKey key, Func`2 valueFactory)
   at Orchard.Environment.DefaultAssemblyLoader.Load(String assemblyName) in c:\Users\Lyrix\Desktop\Orchard\src\Orchard\Environment\IAssemblyLoader.cs:line 26

WRN: Assembly binding logging is turned OFF.
To enable assembly bind failure logging, set the registry value [HKLM\Software\Microsoft\Fusion!EnableLog] (DWORD) to 1.
Note: There is some performance penalty associated with assembly bind failure logging.
To turn this feature off, remove the registry value [HKLM\Software\Microsoft\Fusion!EnableLog].

2014-02-26 09:43:54,864 [10] Orchard.Environment.Extensions.Compilers.DefaultExtensionCompiler - Assembly reference 'ExternalBlogAggregation' for project '/OrchardLocal/Themes/OrchardProject.Net/OrchardProject.Net.csproj' cannot be loaded
2014-02-26 09:43:54,865 [10] Orchard.Environment.DefaultBuildManager - Error when compiling assembly under ~/Themes/OrchardProject.Net/OrchardProject.Net.csproj.
System.Web.HttpParseException (0x80004005): Error compiling module "OrchardProject.Net" from file "/OrchardLocal/Themes/OrchardProject.Net/OrchardProject.Net.csproj":
Assembly reference 'ExternalBlogAggregation' for project '/OrchardLocal/Themes/OrchardProject.Net/OrchardProject.Net.csproj' cannot be loaded ---> Orchard.OrchardCoreException: Error compiling module "OrchardProject.Net" from file "/OrchardLocal/Themes/OrchardProject.Net/OrchardProject.Net.csproj":
Assembly reference 'ExternalBlogAggregation' for project '/OrchardLocal/Themes/OrchardProject.Net/OrchardProject.Net.csproj' cannot be loaded ---> Orchard.OrchardCoreException: Assembly reference 'ExternalBlogAggregation' for project '/OrchardLocal/Themes/OrchardProject.Net/OrchardProject.Net.csproj' cannot be loaded
   at Orchard.Environment.Extensions.Compilers.DefaultExtensionCompiler.Compile(CompileExtensionContext context) in c:\Users\Lyrix\Desktop\Orchard\src\Orchard\Environment\Extensions\Compilers\DefaultExtensionCompiler.cs:line 105
   --- End of inner exception stack trace ---
   at Orchard.Environment.Extensions.Compilers.DefaultExtensionCompiler.Compile(CompileExtensionContext context) in c:\Users\Lyrix\Desktop\Orchard\src\Orchard\Environment\Extensions\Compilers\DefaultExtensionCompiler.cs:line 112
   at Orchard.Environment.Extensions.Compilers.CSharpExtensionBuildProviderShim.GenerateCode(AssemblyBuilder assemblyBuilder) in c:\Users\Lyrix\Desktop\Orchard\src\Orchard\Environment\Extensions\Compilers\CSharpExtensionBuildProviderShim.cs:line 32
   at System.Web.Compilation.AssemblyBuilder.AddBuildProvider(BuildProvider buildProvider)
   at System.Web.Compilation.AssemblyBuilder.AddBuildProvider(BuildProvider buildProvider)
   at System.Web.Compilation.BuildProvidersCompiler.ProcessBuildProviders()
   at System.Web.Compilation.BuildProvidersCompiler.PerformBuild()
   at System.Web.Compilation.BuildManager.CompileWebFile(VirtualPath virtualPath)
   at System.Web.Compilation.BuildManager.GetVPathBuildResultInternal(VirtualPath virtualPath, Boolean noBuild, Boolean allowCrossApp, Boolean allowBuildInPrecompile, Boolean throwIfNotFound, Boolean ensureIsUpToDate)
   at System.Web.Compilation.BuildManager.GetVPathBuildResultWithNoAssert(HttpContext context, VirtualPath virtualPath, Boolean noBuild, Boolean allowCrossApp, Boolean allowBuildInPrecompile, Boolean throwIfNotFound, Boolean ensureIsUpToDate)
   at System.Web.Compilation.BuildManager.GetVPathBuildResult(HttpContext context, VirtualPath virtualPath, Boolean noBuild, Boolean allowCrossApp, Boolean allowBuildInPrecompile, Boolean ensureIsUpToDate)
   at System.Web.Compilation.BuildManager.GetCompiledAssembly(String virtualPath)
   at Orchard.Environment.DefaultBuildManager.GetCompiledAssembly(String virtualPath) in c:\Users\Lyrix\Desktop\Orchard\src\Orchard\Environment\IBuildManager.cs:line 53
2014-02-26 09:43:54,872 [10] Orchard.Environment.DefaultAssemblyLoader - Error loading assembly 'ExternalBlogAggregation'
System.IO.FileNotFoundException: Could not load file or assembly 'ExternalBlogAggregation' or one of its dependencies. The system cannot find the file specified.
File name: 'ExternalBlogAggregation'
   at System.Reflection.RuntimeAssembly._nLoad(AssemblyName fileName, String codeBase, Evidence assemblySecurity, RuntimeAssembly locationHint, StackCrawlMark& stackMark, IntPtr pPrivHostBinder, Boolean throwOnFileNotFound, Boolean forIntrospection, Boolean suppressSecurityChecks)
   at System.Reflection.RuntimeAssembly.nLoad(AssemblyName fileName, String codeBase, Evidence assemblySecurity, RuntimeAssembly locationHint, StackCrawlMark& stackMark, IntPtr pPrivHostBinder, Boolean throwOnFileNotFound, Boolean forIntrospection, Boolean suppressSecurityChecks)
   at System.Reflection.RuntimeAssembly.InternalLoadAssemblyName(AssemblyName assemblyRef, Evidence assemblySecurity, RuntimeAssembly reqAssembly, StackCrawlMark& stackMark, IntPtr pPrivHostBinder, Boolean throwOnFileNotFound, Boolean forIntrospection, Boolean suppressSecurityChecks)
   at System.Reflection.RuntimeAssembly.InternalLoad(String assemblyString, Evidence assemblySecurity, StackCrawlMark& stackMark, IntPtr pPrivHostBinder, Boolean forIntrospection)
   at System.Reflection.RuntimeAssembly.InternalLoad(String assemblyString, Evidence assemblySecurity, StackCrawlMark& stackMark, Boolean forIntrospection)
   at System.Reflection.Assembly.Load(String assemblyString)
   at Orchard.Environment.DefaultAssemblyLoader.LoadWorker(String shortName, String fullName) in c:\Users\Lyrix\Desktop\Orchard\src\Orchard\Environment\IAssemblyLoader.cs:line 56
   at Orchard.Environment.DefaultAssemblyLoader.<>c__DisplayClass4.<Load>b__2(String shortName) in c:\Users\Lyrix\Desktop\Orchard\src\Orchard\Environment\IAssemblyLoader.cs:line 26
   at System.Collections.Concurrent.ConcurrentDictionary`2.GetOrAdd(TKey key, Func`2 valueFactory)
   at Orchard.Environment.DefaultAssemblyLoader.Load(String assemblyName) in c:\Users\Lyrix\Desktop\Orchard\src\Orchard\Environment\IAssemblyLoader.cs:line 26

WRN: Assembly binding logging is turned OFF.
To enable assembly bind failure logging, set the registry value [HKLM\Software\Microsoft\Fusion!EnableLog] (DWORD) to 1.
Note: There is some performance penalty associated with assembly bind failure logging.
To turn this feature off, remove the registry value [HKLM\Software\Microsoft\Fusion!EnableLog].

2014-02-26 09:43:54,873 [10] Orchard.Environment.Extensions.Compilers.DefaultExtensionCompiler - Assembly reference 'ExternalBlogAggregation' for project '/OrchardLocal/Themes/OrchardProject.Net/OrchardProject.Net.csproj' cannot be loaded
2014-02-26 09:43:54,874 [10] Orchard.Environment.DefaultBuildManager - Error when compiling assembly under ~/Themes/OrchardProject.Net/OrchardProject.Net.csproj.
System.Web.HttpParseException (0x80004005): Error compiling module "OrchardProject.Net" from file "/OrchardLocal/Themes/OrchardProject.Net/OrchardProject.Net.csproj":
Assembly reference 'ExternalBlogAggregation' for project '/OrchardLocal/Themes/OrchardProject.Net/OrchardProject.Net.csproj' cannot be loaded ---> Orchard.OrchardCoreException: Error compiling module "OrchardProject.Net" from file "/OrchardLocal/Themes/OrchardProject.Net/OrchardProject.Net.csproj":
Assembly reference 'ExternalBlogAggregation' for project '/OrchardLocal/Themes/OrchardProject.Net/OrchardProject.Net.csproj' cannot be loaded ---> Orchard.OrchardCoreException: Assembly reference 'ExternalBlogAggregation' for project '/OrchardLocal/Themes/OrchardProject.Net/OrchardProject.Net.csproj' cannot be loaded
   at Orchard.Environment.Extensions.Compilers.DefaultExtensionCompiler.Compile(CompileExtensionContext context) in c:\Users\Lyrix\Desktop\Orchard\src\Orchard\Environment\Extensions\Compilers\DefaultExtensionCompiler.cs:line 105
   --- End of inner exception stack trace ---
   at Orchard.Environment.Extensions.Compilers.DefaultExtensionCompiler.Compile(CompileExtensionContext context) in c:\Users\Lyrix\Desktop\Orchard\src\Orchard\Environment\Extensions\Compilers\DefaultExtensionCompiler.cs:line 112
   at Orchard.Environment.Extensions.Compilers.CSharpExtensionBuildProviderShim.GenerateCode(AssemblyBuilder assemblyBuilder) in c:\Users\Lyrix\Desktop\Orchard\src\Orchard\Environment\Extensions\Compilers\CSharpExtensionBuildProviderShim.cs:line 32
   at System.Web.Compilation.AssemblyBuilder.AddBuildProvider(BuildProvider buildProvider)
   at System.Web.Compilation.AssemblyBuilder.AddBuildProvider(BuildProvider buildProvider)
   at System.Web.Compilation.BuildProvidersCompiler.ProcessBuildProviders()
   at System.Web.Compilation.BuildProvidersCompiler.PerformBuild()
   at System.Web.Compilation.BuildManager.CompileWebFile(VirtualPath virtualPath)
   at System.Web.Compilation.BuildManager.GetVPathBuildResultInternal(VirtualPath virtualPath, Boolean noBuild, Boolean allowCrossApp, Boolean allowBuildInPrecompile, Boolean throwIfNotFound, Boolean ensureIsUpToDate)
   at System.Web.Compilation.BuildManager.GetVPathBuildResultWithNoAssert(HttpContext context, VirtualPath virtualPath, Boolean noBuild, Boolean allowCrossApp, Boolean allowBuildInPrecompile, Boolean throwIfNotFound, Boolean ensureIsUpToDate)
   at System.Web.Compilation.BuildManager.GetVPathBuildResult(HttpContext context, VirtualPath virtualPath, Boolean noBuild, Boolean allowCrossApp, Boolean allowBuildInPrecompile, Boolean ensureIsUpToDate)
   at System.Web.Compilation.BuildManager.GetCompiledAssembly(String virtualPath)
   at Orchard.Environment.DefaultBuildManager.GetCompiledAssembly(String virtualPath) in c:\Users\Lyrix\Desktop\Orchard\src\Orchard\Environment\IBuildManager.cs:line 53
2014-02-26 09:43:54,880 [10] Orchard.Environment.DefaultAssemblyLoader - Error loading assembly 'ExternalBlogAggregation'
System.IO.FileNotFoundException: Could not load file or assembly 'ExternalBlogAggregation' or one of its dependencies. The system cannot find the file specified.
File name: 'ExternalBlogAggregation'
   at System.Reflection.RuntimeAssembly._nLoad(AssemblyName fileName, String codeBase, Evidence assemblySecurity, RuntimeAssembly locationHint, StackCrawlMark& stackMark, IntPtr pPrivHostBinder, Boolean throwOnFileNotFound, Boolean forIntrospection, Boolean suppressSecurityChecks)
   at System.Reflection.RuntimeAssembly.nLoad(AssemblyName fileName, String codeBase, Evidence assemblySecurity, RuntimeAssembly locationHint, StackCrawlMark& stackMark, IntPtr pPrivHostBinder, Boolean throwOnFileNotFound, Boolean forIntrospection, Boolean suppressSecurityChecks)
   at System.Reflection.RuntimeAssembly.InternalLoadAssemblyName(AssemblyName assemblyRef, Evidence assemblySecurity, RuntimeAssembly reqAssembly, StackCrawlMark& stackMark, IntPtr pPrivHostBinder, Boolean throwOnFileNotFound, Boolean forIntrospection, Boolean suppressSecurityChecks)
   at System.Reflection.RuntimeAssembly.InternalLoad(String assemblyString, Evidence assemblySecurity, StackCrawlMark& stackMark, IntPtr pPrivHostBinder, Boolean forIntrospection)
   at System.Reflection.RuntimeAssembly.InternalLoad(String assemblyString, Evidence assemblySecurity, StackCrawlMark& stackMark, Boolean forIntrospection)
   at System.Reflection.Assembly.Load(String assemblyString)
   at Orchard.Environment.DefaultAssemblyLoader.LoadWorker(String shortName, String fullName) in c:\Users\Lyrix\Desktop\Orchard\src\Orchard\Environment\IAssemblyLoader.cs:line 56
   at Orchard.Environment.DefaultAssemblyLoader.<>c__DisplayClass4.<Load>b__2(String shortName) in c:\Users\Lyrix\Desktop\Orchard\src\Orchard\Environment\IAssemblyLoader.cs:line 26
   at System.Collections.Concurrent.ConcurrentDictionary`2.GetOrAdd(TKey key, Func`2 valueFactory)
   at Orchard.Environment.DefaultAssemblyLoader.Load(String assemblyName) in c:\Users\Lyrix\Desktop\Orchard\src\Orchard\Environment\IAssemblyLoader.cs:line 26

WRN: Assembly binding logging is turned OFF.
To enable assembly bind failure logging, set the registry value [HKLM\Software\Microsoft\Fusion!EnableLog] (DWORD) to 1.
Note: There is some performance penalty associated with assembly bind failure logging.
To turn this feature off, remove the registry value [HKLM\Software\Microsoft\Fusion!EnableLog].

2014-02-26 09:43:54,882 [10] Orchard.Environment.Extensions.Compilers.DefaultExtensionCompiler - Assembly reference 'ExternalBlogAggregation' for project '/OrchardLocal/Themes/OrchardProject.Net/OrchardProject.Net.csproj' cannot be loaded
2014-02-26 09:43:54,884 [10] Orchard.Environment.DefaultBuildManager - Error when compiling assembly under ~/Themes/OrchardProject.Net/OrchardProject.Net.csproj.
System.Web.HttpParseException (0x80004005): Error compiling module "OrchardProject.Net" from file "/OrchardLocal/Themes/OrchardProject.Net/OrchardProject.Net.csproj":
Assembly reference 'ExternalBlogAggregation' for project '/OrchardLocal/Themes/OrchardProject.Net/OrchardProject.Net.csproj' cannot be loaded ---> Orchard.OrchardCoreException: Error compiling module "OrchardProject.Net" from file "/OrchardLocal/Themes/OrchardProject.Net/OrchardProject.Net.csproj":
Assembly reference 'ExternalBlogAggregation' for project '/OrchardLocal/Themes/OrchardProject.Net/OrchardProject.Net.csproj' cannot be loaded ---> Orchard.OrchardCoreException: Assembly reference 'ExternalBlogAggregation' for project '/OrchardLocal/Themes/OrchardProject.Net/OrchardProject.Net.csproj' cannot be loaded
   at Orchard.Environment.Extensions.Compilers.DefaultExtensionCompiler.Compile(CompileExtensionContext context) in c:\Users\Lyrix\Desktop\Orchard\src\Orchard\Environment\Extensions\Compilers\DefaultExtensionCompiler.cs:line 105
   --- End of inner exception stack trace ---
   at Orchard.Environment.Extensions.Compilers.DefaultExtensionCompiler.Compile(CompileExtensionContext context) in c:\Users\Lyrix\Desktop\Orchard\src\Orchard\Environment\Extensions\Compilers\DefaultExtensionCompiler.cs:line 112
   at Orchard.Environment.Extensions.Compilers.CSharpExtensionBuildProviderShim.GenerateCode(AssemblyBuilder assemblyBuilder) in c:\Users\Lyrix\Desktop\Orchard\src\Orchard\Environment\Extensions\Compilers\CSharpExtensionBuildProviderShim.cs:line 32
   at System.Web.Compilation.AssemblyBuilder.AddBuildProvider(BuildProvider buildProvider)
   at System.Web.Compilation.AssemblyBuilder.AddBuildProvider(BuildProvider buildProvider)
   at System.Web.Compilation.BuildProvidersCompiler.ProcessBuildProviders()
   at System.Web.Compilation.BuildProvidersCompiler.PerformBuild()
   at System.Web.Compilation.BuildManager.CompileWebFile(VirtualPath virtualPath)
   at System.Web.Compilation.BuildManager.GetVPathBuildResultInternal(VirtualPath virtualPath, Boolean noBuild, Boolean allowCrossApp, Boolean allowBuildInPrecompile, Boolean throwIfNotFound, Boolean ensureIsUpToDate)
   at System.Web.Compilation.BuildManager.GetVPathBuildResultWithNoAssert(HttpContext context, VirtualPath virtualPath, Boolean noBuild, Boolean allowCrossApp, Boolean allowBuildInPrecompile, Boolean throwIfNotFound, Boolean ensureIsUpToDate)
   at System.Web.Compilation.BuildManager.GetVPathBuildResult(HttpContext context, VirtualPath virtualPath, Boolean noBuild, Boolean allowCrossApp, Boolean allowBuildInPrecompile, Boolean ensureIsUpToDate)
   at System.Web.Compilation.BuildManager.GetCompiledAssembly(String virtualPath)
   at Orchard.Environment.DefaultBuildManager.GetCompiledAssembly(String virtualPath) in c:\Users\Lyrix\Desktop\Orchard\src\Orchard\Environment\IBuildManager.cs:line 53
2014-02-26 09:44:17,198 [25] Orchard.Environment.DefaultAssemblyLoader - Error loading assembly 'ExternalBlogAggregation'
System.IO.FileNotFoundException: Could not load file or assembly 'ExternalBlogAggregation' or one of its dependencies. The system cannot find the file specified.
File name: 'ExternalBlogAggregation'
   at System.Reflection.RuntimeAssembly._nLoad(AssemblyName fileName, String codeBase, Evidence assemblySecurity, RuntimeAssembly locationHint, StackCrawlMark& stackMark, IntPtr pPrivHostBinder, Boolean throwOnFileNotFound, Boolean forIntrospection, Boolean suppressSecurityChecks)
   at System.Reflection.RuntimeAssembly.nLoad(AssemblyName fileName, String codeBase, Evidence assemblySecurity, RuntimeAssembly locationHint, StackCrawlMark& stackMark, IntPtr pPrivHostBinder, Boolean throwOnFileNotFound, Boolean forIntrospection, Boolean suppressSecurityChecks)
   at System.Reflection.RuntimeAssembly.InternalLoadAssemblyName(AssemblyName assemblyRef, Evidence assemblySecurity, RuntimeAssembly reqAssembly, StackCrawlMark& stackMark, IntPtr pPrivHostBinder, Boolean throwOnFileNotFound, Boolean forIntrospection, Boolean suppressSecurityChecks)
   at System.Reflection.RuntimeAssembly.InternalLoad(String assemblyString, Evidence assemblySecurity, StackCrawlMark& stackMark, IntPtr pPrivHostBinder, Boolean forIntrospection)
   at System.Reflection.RuntimeAssembly.InternalLoad(String assemblyString, Evidence assemblySecurity, StackCrawlMark& stackMark, Boolean forIntrospection)
   at System.Reflection.Assembly.Load(String assemblyString)
   at Orchard.Environment.DefaultAssemblyLoader.LoadWorker(String shortName, String fullName) in c:\Users\Lyrix\Desktop\Orchard\src\Orchard\Environment\IAssemblyLoader.cs:line 56
   at Orchard.Environment.DefaultAssemblyLoader.<>c__DisplayClass4.<Load>b__2(String shortName) in c:\Users\Lyrix\Desktop\Orchard\src\Orchard\Environment\IAssemblyLoader.cs:line 26
   at System.Collections.Concurrent.ConcurrentDictionary`2.GetOrAdd(TKey key, Func`2 valueFactory)
   at Orchard.Environment.DefaultAssemblyLoader.Load(String assemblyName) in c:\Users\Lyrix\Desktop\Orchard\src\Orchard\Environment\IAssemblyLoader.cs:line 26

WRN: Assembly binding logging is turned OFF.
To enable assembly bind failure logging, set the registry value [HKLM\Software\Microsoft\Fusion!EnableLog] (DWORD) to 1.
Note: There is some performance penalty associated with assembly bind failure logging.
To turn this feature off, remove the registry value [HKLM\Software\Microsoft\Fusion!EnableLog].

2014-02-26 09:44:17,200 [25] Orchard.Environment.Extensions.Compilers.DefaultExtensionCompiler - Assembly reference 'ExternalBlogAggregation' for project '/OrchardLocal/Themes/OrchardProject.Net/OrchardProject.Net.csproj' cannot be loaded
2014-02-26 09:44:17,204 [25] Orchard.Environment.DefaultAssemblyLoader - Error loading assembly 'ExternalBlogAggregation'
System.IO.FileNotFoundException: Could not load file or assembly 'ExternalBlogAggregation' or one of its dependencies. The system cannot find the file specified.
File name: 'ExternalBlogAggregation'
   at System.Reflection.RuntimeAssembly._nLoad(AssemblyName fileName, String codeBase, Evidence assemblySecurity, RuntimeAssembly locationHint, StackCrawlMark& stackMark, IntPtr pPrivHostBinder, Boolean throwOnFileNotFound, Boolean forIntrospection, Boolean suppressSecurityChecks)
   at System.Reflection.RuntimeAssembly.nLoad(AssemblyName fileName, String codeBase, Evidence assemblySecurity, RuntimeAssembly locationHint, StackCrawlMark& stackMark, IntPtr pPrivHostBinder, Boolean throwOnFileNotFound, Boolean forIntrospection, Boolean suppressSecurityChecks)
   at System.Reflection.RuntimeAssembly.InternalLoadAssemblyName(AssemblyName assemblyRef, Evidence assemblySecurity, RuntimeAssembly reqAssembly, StackCrawlMark& stackMark, IntPtr pPrivHostBinder, Boolean throwOnFileNotFound, Boolean forIntrospection, Boolean suppressSecurityChecks)
   at System.Reflection.RuntimeAssembly.InternalLoad(String assemblyString, Evidence assemblySecurity, StackCrawlMark& stackMark, IntPtr pPrivHostBinder, Boolean forIntrospection)
   at System.Reflection.RuntimeAssembly.InternalLoad(String assemblyString, Evidence assemblySecurity, StackCrawlMark& stackMark, Boolean forIntrospection)
   at System.Reflection.Assembly.Load(String assemblyString)
   at Orchard.Environment.DefaultAssemblyLoader.LoadWorker(String shortName, String fullName) in c:\Users\Lyrix\Desktop\Orchard\src\Orchard\Environment\IAssemblyLoader.cs:line 56
   at Orchard.Environment.DefaultAssemblyLoader.<>c__DisplayClass4.<Load>b__2(String shortName) in c:\Users\Lyrix\Desktop\Orchard\src\Orchard\Environment\IAssemblyLoader.cs:line 26
   at System.Collections.Concurrent.ConcurrentDictionary`2.GetOrAdd(TKey key, Func`2 valueFactory)
   at Orchard.Environment.DefaultAssemblyLoader.Load(String assemblyName) in c:\Users\Lyrix\Desktop\Orchard\src\Orchard\Environment\IAssemblyLoader.cs:line 26

WRN: Assembly binding logging is turned OFF.
To enable assembly bind failure logging, set the registry value [HKLM\Software\Microsoft\Fusion!EnableLog] (DWORD) to 1.
Note: There is some performance penalty associated with assembly bind failure logging.
To turn this feature off, remove the registry value [HKLM\Software\Microsoft\Fusion!EnableLog].

2014-02-26 09:44:17,205 [25] Orchard.Environment.Extensions.Compilers.DefaultExtensionCompiler - Assembly reference 'ExternalBlogAggregation' for project '/OrchardLocal/Themes/OrchardProject.Net/OrchardProject.Net.csproj' cannot be loaded
2014-02-26 09:44:17,207 [25] Orchard.Environment.DefaultBuildManager - Error when compiling assembly under ~/Themes/OrchardProject.Net/OrchardProject.Net.csproj.
System.Web.HttpParseException (0x80004005): Error compiling module "OrchardProject.Net" from file "/OrchardLocal/Themes/OrchardProject.Net/OrchardProject.Net.csproj":
Assembly reference 'ExternalBlogAggregation' for project '/OrchardLocal/Themes/OrchardProject.Net/OrchardProject.Net.csproj' cannot be loaded ---> Orchard.OrchardCoreException: Error compiling module "OrchardProject.Net" from file "/OrchardLocal/Themes/OrchardProject.Net/OrchardProject.Net.csproj":
Assembly reference 'ExternalBlogAggregation' for project '/OrchardLocal/Themes/OrchardProject.Net/OrchardProject.Net.csproj' cannot be loaded ---> Orchard.OrchardCoreException: Assembly reference 'ExternalBlogAggregation' for project '/OrchardLocal/Themes/OrchardProject.Net/OrchardProject.Net.csproj' cannot be loaded
   at Orchard.Environment.Extensions.Compilers.DefaultExtensionCompiler.Compile(CompileExtensionContext context) in c:\Users\Lyrix\Desktop\Orchard\src\Orchard\Environment\Extensions\Compilers\DefaultExtensionCompiler.cs:line 105
   --- End of inner exception stack trace ---
   at Orchard.Environment.Extensions.Compilers.DefaultExtensionCompiler.Compile(CompileExtensionContext context) in c:\Users\Lyrix\Desktop\Orchard\src\Orchard\Environment\Extensions\Compilers\DefaultExtensionCompiler.cs:line 112
   at Orchard.Environment.Extensions.Compilers.CSharpExtensionBuildProviderShim.GenerateCode(AssemblyBuilder assemblyBuilder) in c:\Users\Lyrix\Desktop\Orchard\src\Orchard\Environment\Extensions\Compilers\CSharpExtensionBuildProviderShim.cs:line 32
   at System.Web.Compilation.AssemblyBuilder.AddBuildProvider(BuildProvider buildProvider)
   at System.Web.Compilation.AssemblyBuilder.AddBuildProvider(BuildProvider buildProvider)
   at System.Web.Compilation.BuildProvidersCompiler.ProcessBuildProviders()
   at System.Web.Compilation.BuildProvidersCompiler.PerformBuild()
   at System.Web.Compilation.BuildManager.CompileWebFile(VirtualPath virtualPath)
   at System.Web.Compilation.BuildManager.GetVPathBuildResultInternal(VirtualPath virtualPath, Boolean noBuild, Boolean allowCrossApp, Boolean allowBuildInPrecompile, Boolean throwIfNotFound, Boolean ensureIsUpToDate)
   at System.Web.Compilation.BuildManager.GetVPathBuildResultWithNoAssert(HttpContext context, VirtualPath virtualPath, Boolean noBuild, Boolean allowCrossApp, Boolean allowBuildInPrecompile, Boolean throwIfNotFound, Boolean ensureIsUpToDate)
   at System.Web.Compilation.BuildManager.GetVPathBuildResult(HttpContext context, VirtualPath virtualPath, Boolean noBuild, Boolean allowCrossApp, Boolean allowBuildInPrecompile, Boolean ensureIsUpToDate)
   at System.Web.Compilation.BuildManager.GetCompiledAssembly(String virtualPath)
   at Orchard.Environment.DefaultBuildManager.GetCompiledAssembly(String virtualPath) in c:\Users\Lyrix\Desktop\Orchard\src\Orchard\Environment\IBuildManager.cs:line 53
2014-02-26 09:44:17,208 [25] Orchard.Environment.Extensions.ExtensionManager - No suitable loader found for extension "OrchardProject.Net"
2014-02-26 09:47:31,607 [10] Orchard.Environment.DefaultBuildManager - Error when compiling assembly under ~/Themes/OrchardProject.Net/OrchardProject.Net.csproj.
System.Web.HttpParseException (0x80004005): Error compiling module "OrchardProject.Net" from file "/OrchardLocal/Themes/OrchardProject.Net/OrchardProject.Net.csproj":
Could not find file 'C:\Users\Lyrix\Desktop\Orchard\src\Orchard.Web\Themes\OrchardProject.Net\Properties\AssemblyInfo.cs'. ---> Orchard.OrchardCoreException: Error compiling module "OrchardProject.Net" from file "/OrchardLocal/Themes/OrchardProject.Net/OrchardProject.Net.csproj":
Could not find file 'C:\Users\Lyrix\Desktop\Orchard\src\Orchard.Web\Themes\OrchardProject.Net\Properties\AssemblyInfo.cs'. ---> System.IO.FileNotFoundException: Could not find file 'C:\Users\Lyrix\Desktop\Orchard\src\Orchard.Web\Themes\OrchardProject.Net\Properties\AssemblyInfo.cs'.
   at System.IO.__Error.WinIOError(Int32 errorCode, String maybeFullPath)
   at System.IO.FileStream.Init(String path, FileMode mode, FileAccess access, Int32 rights, Boolean useRights, FileShare share, Int32 bufferSize, FileOptions options, SECURITY_ATTRIBUTES secAttrs, String msgPath, Boolean bFromProxy, Boolean useLongPath, Boolean checkHost)
   at System.IO.FileStream..ctor(String path, FileMode mode, FileAccess access, FileShare share)
   at System.Web.Hosting.MapPathBasedVirtualFile.Open()
   at Orchard.FileSystems.VirtualPath.DefaultVirtualPathProvider.OpenFile(String virtualPath) in c:\Users\Lyrix\Desktop\Orchard\src\Orchard\FileSystems\VirtualPath\DefaultVirtualPathProvider.cs:line 107
   at Orchard.Environment.Extensions.Compilers.DefaultExtensionCompiler.GetContents(String virtualPath) in c:\Users\Lyrix\Desktop\Orchard\src\Orchard\Environment\Extensions\Compilers\DefaultExtensionCompiler.cs:line 129
   at Orchard.Environment.Extensions.Compilers.DefaultExtensionCompiler.CreateCompileUnit(String virtualPath) in c:\Users\Lyrix\Desktop\Orchard\src\Orchard\Environment\Extensions\Compilers\DefaultExtensionCompiler.cs:line 117
   at Orchard.Environment.Extensions.Compilers.DefaultExtensionCompiler.Compile(CompileExtensionContext context) in c:\Users\Lyrix\Desktop\Orchard\src\Orchard\Environment\Extensions\Compilers\DefaultExtensionCompiler.cs:line 59
   --- End of inner exception stack trace ---
   at Orchard.Environment.Extensions.Compilers.DefaultExtensionCompiler.Compile(CompileExtensionContext context) in c:\Users\Lyrix\Desktop\Orchard\src\Orchard\Environment\Extensions\Compilers\DefaultExtensionCompiler.cs:line 112
   at Orchard.Environment.Extensions.Compilers.CSharpExtensionBuildProviderShim.GenerateCode(AssemblyBuilder assemblyBuilder) in c:\Users\Lyrix\Desktop\Orchard\src\Orchard\Environment\Extensions\Compilers\CSharpExtensionBuildProviderShim.cs:line 32
   at System.Web.Compilation.AssemblyBuilder.AddBuildProvider(BuildProvider buildProvider)
   at System.Web.Compilation.AssemblyBuilder.AddBuildProvider(BuildProvider buildProvider)
   at System.Web.Compilation.BuildProvidersCompiler.ProcessBuildProviders()
   at System.Web.Compilation.BuildProvidersCompiler.PerformBuild()
   at System.Web.Compilation.BuildManager.CompileWebFile(VirtualPath virtualPath)
   at System.Web.Compilation.BuildManager.GetVPathBuildResultInternal(VirtualPath virtualPath, Boolean noBuild, Boolean allowCrossApp, Boolean allowBuildInPrecompile, Boolean throwIfNotFound, Boolean ensureIsUpToDate)
   at System.Web.Compilation.BuildManager.GetVPathBuildResultWithNoAssert(HttpContext context, VirtualPath virtualPath, Boolean noBuild, Boolean allowCrossApp, Boolean allowBuildInPrecompile, Boolean throwIfNotFound, Boolean ensureIsUpToDate)
   at System.Web.Compilation.BuildManager.GetVPathBuildResult(HttpContext context, VirtualPath virtualPath, Boolean noBuild, Boolean allowCrossApp, Boolean allowBuildInPrecompile, Boolean ensureIsUpToDate)
   at System.Web.Compilation.BuildManager.GetCompiledAssembly(String virtualPath)
   at Orchard.Environment.DefaultBuildManager.GetCompiledAssembly(String virtualPath) in c:\Users\Lyrix\Desktop\Orchard\src\Orchard\Environment\IBuildManager.cs:line 53
2014-02-26 09:47:31,631 [10] Orchard.Environment.Extensions.ExtensionManager - No suitable loader found for extension "OrchardProject.Net"
2014-02-26 09:47:34,578 [10] Orchard.Environment.DefaultBuildManager - Error when compiling assembly under ~/Themes/OrchardProject.Net/OrchardProject.Net.csproj.
System.Web.HttpParseException (0x80004005): Error compiling module "OrchardProject.Net" from file "/OrchardLocal/Themes/OrchardProject.Net/OrchardProject.Net.csproj":
Could not find file 'C:\Users\Lyrix\Desktop\Orchard\src\Orchard.Web\Themes\OrchardProject.Net\Properties\AssemblyInfo.cs'. ---> Orchard.OrchardCoreException: Error compiling module "OrchardProject.Net" from file "/OrchardLocal/Themes/OrchardProject.Net/OrchardProject.Net.csproj":
Could not find file 'C:\Users\Lyrix\Desktop\Orchard\src\Orchard.Web\Themes\OrchardProject.Net\Properties\AssemblyInfo.cs'. ---> System.IO.FileNotFoundException: Could not find file 'C:\Users\Lyrix\Desktop\Orchard\src\Orchard.Web\Themes\OrchardProject.Net\Properties\AssemblyInfo.cs'.
   at System.IO.__Error.WinIOError(Int32 errorCode, String maybeFullPath)
   at System.IO.FileStream.Init(String path, FileMode mode, FileAccess access, Int32 rights, Boolean useRights, FileShare share, Int32 bufferSize, FileOptions options, SECURITY_ATTRIBUTES secAttrs, String msgPath, Boolean bFromProxy, Boolean useLongPath, Boolean checkHost)
   at System.IO.FileStream..ctor(String path, FileMode mode, FileAccess access, FileShare share)
   at System.Web.Hosting.MapPathBasedVirtualFile.Open()
   at Orchard.FileSystems.VirtualPath.DefaultVirtualPathProvider.OpenFile(String virtualPath) in c:\Users\Lyrix\Desktop\Orchard\src\Orchard\FileSystems\VirtualPath\DefaultVirtualPathProvider.cs:line 107
   at Orchard.Environment.Extensions.Compilers.DefaultExtensionCompiler.GetContents(String virtualPath) in c:\Users\Lyrix\Desktop\Orchard\src\Orchard\Environment\Extensions\Compilers\DefaultExtensionCompiler.cs:line 129
   at Orchard.Environment.Extensions.Compilers.DefaultExtensionCompiler.CreateCompileUnit(String virtualPath) in c:\Users\Lyrix\Desktop\Orchard\src\Orchard\Environment\Extensions\Compilers\DefaultExtensionCompiler.cs:line 117
   at Orchard.Environment.Extensions.Compilers.DefaultExtensionCompiler.Compile(CompileExtensionContext context) in c:\Users\Lyrix\Desktop\Orchard\src\Orchard\Environment\Extensions\Compilers\DefaultExtensionCompiler.cs:line 59
   --- End of inner exception stack trace ---
   at Orchard.Environment.Extensions.Compilers.DefaultExtensionCompiler.Compile(CompileExtensionContext context) in c:\Users\Lyrix\Desktop\Orchard\src\Orchard\Environment\Extensions\Compilers\DefaultExtensionCompiler.cs:line 112
   at Orchard.Environment.Extensions.Compilers.CSharpExtensionBuildProviderShim.GenerateCode(AssemblyBuilder assemblyBuilder) in c:\Users\Lyrix\Desktop\Orchard\src\Orchard\Environment\Extensions\Compilers\CSharpExtensionBuildProviderShim.cs:line 32
   at System.Web.Compilation.AssemblyBuilder.AddBuildProvider(BuildProvider buildProvider)
   at System.Web.Compilation.AssemblyBuilder.AddBuildProvider(BuildProvider buildProvider)
   at System.Web.Compilation.BuildProvidersCompiler.ProcessBuildProviders()
   at System.Web.Compilation.BuildProvidersCompiler.PerformBuild()
   at System.Web.Compilation.BuildManager.CompileWebFile(VirtualPath virtualPath)
   at System.Web.Compilation.BuildManager.GetVPathBuildResultInternal(VirtualPath virtualPath, Boolean noBuild, Boolean allowCrossApp, Boolean allowBuildInPrecompile, Boolean throwIfNotFound, Boolean ensureIsUpToDate)
   at System.Web.Compilation.BuildManager.GetVPathBuildResultWithNoAssert(HttpContext context, VirtualPath virtualPath, Boolean noBuild, Boolean allowCrossApp, Boolean allowBuildInPrecompile, Boolean throwIfNotFound, Boolean ensureIsUpToDate)
   at System.Web.Compilation.BuildManager.GetVPathBuildResult(HttpContext context, VirtualPath virtualPath, Boolean noBuild, Boolean allowCrossApp, Boolean allowBuildInPrecompile, Boolean ensureIsUpToDate)
   at System.Web.Compilation.BuildManager.GetCompiledAssembly(String virtualPath)
   at Orchard.Environment.DefaultBuildManager.GetCompiledAssembly(String virtualPath) in c:\Users\Lyrix\Desktop\Orchard\src\Orchard\Environment\IBuildManager.cs:line 53
2014-02-26 09:47:34,588 [10] Orchard.Environment.DefaultBuildManager - Error when compiling assembly under ~/Themes/OrchardProject.Net/OrchardProject.Net.csproj.
System.Web.HttpParseException (0x80004005): Error compiling module "OrchardProject.Net" from file "/OrchardLocal/Themes/OrchardProject.Net/OrchardProject.Net.csproj":
Could not find file 'C:\Users\Lyrix\Desktop\Orchard\src\Orchard.Web\Themes\OrchardProject.Net\Properties\AssemblyInfo.cs'. ---> Orchard.OrchardCoreException: Error compiling module "OrchardProject.Net" from file "/OrchardLocal/Themes/OrchardProject.Net/OrchardProject.Net.csproj":
Could not find file 'C:\Users\Lyrix\Desktop\Orchard\src\Orchard.Web\Themes\OrchardProject.Net\Properties\AssemblyInfo.cs'. ---> System.IO.FileNotFoundException: Could not find file 'C:\Users\Lyrix\Desktop\Orchard\src\Orchard.Web\Themes\OrchardProject.Net\Properties\AssemblyInfo.cs'.
   at System.IO.__Error.WinIOError(Int32 errorCode, String maybeFullPath)
   at System.IO.FileStream.Init(String path, FileMode mode, FileAccess access, Int32 rights, Boolean useRights, FileShare share, Int32 bufferSize, FileOptions options, SECURITY_ATTRIBUTES secAttrs, String msgPath, Boolean bFromProxy, Boolean useLongPath, Boolean checkHost)
   at System.IO.FileStream..ctor(String path, FileMode mode, FileAccess access, FileShare share)
   at System.Web.Hosting.MapPathBasedVirtualFile.Open()
   at Orchard.FileSystems.VirtualPath.DefaultVirtualPathProvider.OpenFile(String virtualPath) in c:\Users\Lyrix\Desktop\Orchard\src\Orchard\FileSystems\VirtualPath\DefaultVirtualPathProvider.cs:line 107
   at Orchard.Environment.Extensions.Compilers.DefaultExtensionCompiler.GetContents(String virtualPath) in c:\Users\Lyrix\Desktop\Orchard\src\Orchard\Environment\Extensions\Compilers\DefaultExtensionCompiler.cs:line 129
   at Orchard.Environment.Extensions.Compilers.DefaultExtensionCompiler.CreateCompileUnit(String virtualPath) in c:\Users\Lyrix\Desktop\Orchard\src\Orchard\Environment\Extensions\Compilers\DefaultExtensionCompiler.cs:line 117
   at Orchard.Environment.Extensions.Compilers.DefaultExtensionCompiler.Compile(CompileExtensionContext context) in c:\Users\Lyrix\Desktop\Orchard\src\Orchard\Environment\Extensions\Compilers\DefaultExtensionCompiler.cs:line 59
   --- End of inner exception stack trace ---
   at Orchard.Environment.Extensions.Compilers.DefaultExtensionCompiler.Compile(CompileExtensionContext context) in c:\Users\Lyrix\Desktop\Orchard\src\Orchard\Environment\Extensions\Compilers\DefaultExtensionCompiler.cs:line 112
   at Orchard.Environment.Extensions.Compilers.CSharpExtensionBuildProviderShim.GenerateCode(AssemblyBuilder assemblyBuilder) in c:\Users\Lyrix\Desktop\Orchard\src\Orchard\Environment\Extensions\Compilers\CSharpExtensionBuildProviderShim.cs:line 32
   at System.Web.Compilation.AssemblyBuilder.AddBuildProvider(BuildProvider buildProvider)
   at System.Web.Compilation.AssemblyBuilder.AddBuildProvider(BuildProvider buildProvider)
   at System.Web.Compilation.BuildProvidersCompiler.ProcessBuildProviders()
   at System.Web.Compilation.BuildProvidersCompiler.PerformBuild()
   at System.Web.Compilation.BuildManager.CompileWebFile(VirtualPath virtualPath)
   at System.Web.Compilation.BuildManager.GetVPathBuildResultInternal(VirtualPath virtualPath, Boolean noBuild, Boolean allowCrossApp, Boolean allowBuildInPrecompile, Boolean throwIfNotFound, Boolean ensureIsUpToDate)
   at System.Web.Compilation.BuildManager.GetVPathBuildResultWithNoAssert(HttpContext context, VirtualPath virtualPath, Boolean noBuild, Boolean allowCrossApp, Boolean allowBuildInPrecompile, Boolean throwIfNotFound, Boolean ensureIsUpToDate)
   at System.Web.Compilation.BuildManager.GetVPathBuildResult(HttpContext context, VirtualPath virtualPath, Boolean noBuild, Boolean allowCrossApp, Boolean allowBuildInPrecompile, Boolean ensureIsUpToDate)
   at System.Web.Compilation.BuildManager.GetCompiledAssembly(String virtualPath)
   at Orchard.Environment.DefaultBuildManager.GetCompiledAssembly(String virtualPath) in c:\Users\Lyrix\Desktop\Orchard\src\Orchard\Environment\IBuildManager.cs:line 53
2014-02-26 09:47:34,601 [10] Orchard.Environment.DefaultBuildManager - Error when compiling assembly under ~/Themes/OrchardProject.Net/OrchardProject.Net.csproj.
System.Web.HttpParseException (0x80004005): Error compiling module "OrchardProject.Net" from file "/OrchardLocal/Themes/OrchardProject.Net/OrchardProject.Net.csproj":
Could not find file 'C:\Users\Lyrix\Desktop\Orchard\src\Orchard.Web\Themes\OrchardProject.Net\Properties\AssemblyInfo.cs'. ---> Orchard.OrchardCoreException: Error compiling module "OrchardProject.Net" from file "/OrchardLocal/Themes/OrchardProject.Net/OrchardProject.Net.csproj":
Could not find file 'C:\Users\Lyrix\Desktop\Orchard\src\Orchard.Web\Themes\OrchardProject.Net\Properties\AssemblyInfo.cs'. ---> System.IO.FileNotFoundException: Could not find file 'C:\Users\Lyrix\Desktop\Orchard\src\Orchard.Web\Themes\OrchardProject.Net\Properties\AssemblyInfo.cs'.
   at System.IO.__Error.WinIOError(Int32 errorCode, String maybeFullPath)
   at System.IO.FileStream.Init(String path, FileMode mode, FileAccess access, Int32 rights, Boolean useRights, FileShare share, Int32 bufferSize, FileOptions options, SECURITY_ATTRIBUTES secAttrs, String msgPath, Boolean bFromProxy, Boolean useLongPath, Boolean checkHost)
   at System.IO.FileStream..ctor(String path, FileMode mode, FileAccess access, FileShare share)
   at System.Web.Hosting.MapPathBasedVirtualFile.Open()
   at Orchard.FileSystems.VirtualPath.DefaultVirtualPathProvider.OpenFile(String virtualPath) in c:\Users\Lyrix\Desktop\Orchard\src\Orchard\FileSystems\VirtualPath\DefaultVirtualPathProvider.cs:line 107
   at Orchard.Environment.Extensions.Compilers.DefaultExtensionCompiler.GetContents(String virtualPath) in c:\Users\Lyrix\Desktop\Orchard\src\Orchard\Environment\Extensions\Compilers\DefaultExtensionCompiler.cs:line 129
   at Orchard.Environment.Extensions.Compilers.DefaultExtensionCompiler.CreateCompileUnit(String virtualPath) in c:\Users\Lyrix\Desktop\Orchard\src\Orchard\Environment\Extensions\Compilers\DefaultExtensionCompiler.cs:line 117
   at Orchard.Environment.Extensions.Compilers.DefaultExtensionCompiler.Compile(CompileExtensionContext context) in c:\Users\Lyrix\Desktop\Orchard\src\Orchard\Environment\Extensions\Compilers\DefaultExtensionCompiler.cs:line 59
   --- End of inner exception stack trace ---
   at Orchard.Environment.Extensions.Compilers.DefaultExtensionCompiler.Compile(CompileExtensionContext context) in c:\Users\Lyrix\Desktop\Orchard\src\Orchard\Environment\Extensions\Compilers\DefaultExtensionCompiler.cs:line 112
   at Orchard.Environment.Extensions.Compilers.CSharpExtensionBuildProviderShim.GenerateCode(AssemblyBuilder assemblyBuilder) in c:\Users\Lyrix\Desktop\Orchard\src\Orchard\Environment\Extensions\Compilers\CSharpExtensionBuildProviderShim.cs:line 32
   at System.Web.Compilation.AssemblyBuilder.AddBuildProvider(BuildProvider buildProvider)
   at System.Web.Compilation.AssemblyBuilder.AddBuildProvider(BuildProvider buildProvider)
   at System.Web.Compilation.BuildProvidersCompiler.ProcessBuildProviders()
   at System.Web.Compilation.BuildProvidersCompiler.PerformBuild()
   at System.Web.Compilation.BuildManager.CompileWebFile(VirtualPath virtualPath)
   at System.Web.Compilation.BuildManager.GetVPathBuildResultInternal(VirtualPath virtualPath, Boolean noBuild, Boolean allowCrossApp, Boolean allowBuildInPrecompile, Boolean throwIfNotFound, Boolean ensureIsUpToDate)
   at System.Web.Compilation.BuildManager.GetVPathBuildResultWithNoAssert(HttpContext context, VirtualPath virtualPath, Boolean noBuild, Boolean allowCrossApp, Boolean allowBuildInPrecompile, Boolean throwIfNotFound, Boolean ensureIsUpToDate)
   at System.Web.Compilation.BuildManager.GetVPathBuildResult(HttpContext context, VirtualPath virtualPath, Boolean noBuild, Boolean allowCrossApp, Boolean allowBuildInPrecompile, Boolean ensureIsUpToDate)
   at System.Web.Compilation.BuildManager.GetCompiledAssembly(String virtualPath)
   at Orchard.Environment.DefaultBuildManager.GetCompiledAssembly(String virtualPath) in c:\Users\Lyrix\Desktop\Orchard\src\Orchard\Environment\IBuildManager.cs:line 53
2014-02-26 09:47:34,606 [10] Orchard.Environment.DefaultBuildManager - Error when compiling assembly under ~/Themes/OrchardProject.Net/OrchardProject.Net.csproj.
System.Web.HttpParseException (0x80004005): Error compiling module "OrchardProject.Net" from file "/OrchardLocal/Themes/OrchardProject.Net/OrchardProject.Net.csproj":
Could not find file 'C:\Users\Lyrix\Desktop\Orchard\src\Orchard.Web\Themes\OrchardProject.Net\Properties\AssemblyInfo.cs'. ---> Orchard.OrchardCoreException: Error compiling module "OrchardProject.Net" from file "/OrchardLocal/Themes/OrchardProject.Net/OrchardProject.Net.csproj":
Could not find file 'C:\Users\Lyrix\Desktop\Orchard\src\Orchard.Web\Themes\OrchardProject.Net\Properties\AssemblyInfo.cs'. ---> System.IO.FileNotFoundException: Could not find file 'C:\Users\Lyrix\Desktop\Orchard\src\Orchard.Web\Themes\OrchardProject.Net\Properties\AssemblyInfo.cs'.
   at System.IO.__Error.WinIOError(Int32 errorCode, String maybeFullPath)
   at System.IO.FileStream.Init(String path, FileMode mode, FileAccess access, Int32 rights, Boolean useRights, FileShare share, Int32 bufferSize, FileOptions options, SECURITY_ATTRIBUTES secAttrs, String msgPath, Boolean bFromProxy, Boolean useLongPath, Boolean checkHost)
   at System.IO.FileStream..ctor(String path, FileMode mode, FileAccess access, FileShare share)
   at System.Web.Hosting.MapPathBasedVirtualFile.Open()
   at Orchard.FileSystems.VirtualPath.DefaultVirtualPathProvider.OpenFile(String virtualPath) in c:\Users\Lyrix\Desktop\Orchard\src\Orchard\FileSystems\VirtualPath\DefaultVirtualPathProvider.cs:line 107
   at Orchard.Environment.Extensions.Compilers.DefaultExtensionCompiler.GetContents(String virtualPath) in c:\Users\Lyrix\Desktop\Orchard\src\Orchard\Environment\Extensions\Compilers\DefaultExtensionCompiler.cs:line 129
   at Orchard.Environment.Extensions.Compilers.DefaultExtensionCompiler.CreateCompileUnit(String virtualPath) in c:\Users\Lyrix\Desktop\Orchard\src\Orchard\Environment\Extensions\Compilers\DefaultExtensionCompiler.cs:line 117
   at Orchard.Environment.Extensions.Compilers.DefaultExtensionCompiler.Compile(CompileExtensionContext context) in c:\Users\Lyrix\Desktop\Orchard\src\Orchard\Environment\Extensions\Compilers\DefaultExtensionCompiler.cs:line 59
   --- End of inner exception stack trace ---
   at Orchard.Environment.Extensions.Compilers.DefaultExtensionCompiler.Compile(CompileExtensionContext context) in c:\Users\Lyrix\Desktop\Orchard\src\Orchard\Environment\Extensions\Compilers\DefaultExtensionCompiler.cs:line 112
   at Orchard.Environment.Extensions.Compilers.CSharpExtensionBuildProviderShim.GenerateCode(AssemblyBuilder assemblyBuilder) in c:\Users\Lyrix\Desktop\Orchard\src\Orchard\Environment\Extensions\Compilers\CSharpExtensionBuildProviderShim.cs:line 32
   at System.Web.Compilation.AssemblyBuilder.AddBuildProvider(BuildProvider buildProvider)
   at System.Web.Compilation.AssemblyBuilder.AddBuildProvider(BuildProvider buildProvider)
   at System.Web.Compilation.BuildProvidersCompiler.ProcessBuildProviders()
   at System.Web.Compilation.BuildProvidersCompiler.PerformBuild()
   at System.Web.Compilation.BuildManager.CompileWebFile(VirtualPath virtualPath)
   at System.Web.Compilation.BuildManager.GetVPathBuildResultInternal(VirtualPath virtualPath, Boolean noBuild, Boolean allowCrossApp, Boolean allowBuildInPrecompile, Boolean throwIfNotFound, Boolean ensureIsUpToDate)
   at System.Web.Compilation.BuildManager.GetVPathBuildResultWithNoAssert(HttpContext context, VirtualPath virtualPath, Boolean noBuild, Boolean allowCrossApp, Boolean allowBuildInPrecompile, Boolean throwIfNotFound, Boolean ensureIsUpToDate)
   at System.Web.Compilation.BuildManager.GetVPathBuildResult(HttpContext context, VirtualPath virtualPath, Boolean noBuild, Boolean allowCrossApp, Boolean allowBuildInPrecompile, Boolean ensureIsUpToDate)
   at System.Web.Compilation.BuildManager.GetCompiledAssembly(String virtualPath)
   at Orchard.Environment.DefaultBuildManager.GetCompiledAssembly(String virtualPath) in c:\Users\Lyrix\Desktop\Orchard\src\Orchard\Environment\IBuildManager.cs:line 53
2014-02-26 09:47:34,612 [10] Orchard.Environment.DefaultBuildManager - Error when compiling assembly under ~/Themes/OrchardProject.Net/OrchardProject.Net.csproj.
System.Web.HttpParseException (0x80004005): Error compiling module "OrchardProject.Net" from file "/OrchardLocal/Themes/OrchardProject.Net/OrchardProject.Net.csproj":
Could not find file 'C:\Users\Lyrix\Desktop\Orchard\src\Orchard.Web\Themes\OrchardProject.Net\Properties\AssemblyInfo.cs'. ---> Orchard.OrchardCoreException: Error compiling module "OrchardProject.Net" from file "/OrchardLocal/Themes/OrchardProject.Net/OrchardProject.Net.csproj":
Could not find file 'C:\Users\Lyrix\Desktop\Orchard\src\Orchard.Web\Themes\OrchardProject.Net\Properties\AssemblyInfo.cs'. ---> System.IO.FileNotFoundException: Could not find file 'C:\Users\Lyrix\Desktop\Orchard\src\Orchard.Web\Themes\OrchardProject.Net\Properties\AssemblyInfo.cs'.
   at System.IO.__Error.WinIOError(Int32 errorCode, String maybeFullPath)
   at System.IO.FileStream.Init(String path, FileMode mode, FileAccess access, Int32 rights, Boolean useRights, FileShare share, Int32 bufferSize, FileOptions options, SECURITY_ATTRIBUTES secAttrs, String msgPath, Boolean bFromProxy, Boolean useLongPath, Boolean checkHost)
   at System.IO.FileStream..ctor(String path, FileMode mode, FileAccess access, FileShare share)
   at System.Web.Hosting.MapPathBasedVirtualFile.Open()
   at Orchard.FileSystems.VirtualPath.DefaultVirtualPathProvider.OpenFile(String virtualPath) in c:\Users\Lyrix\Desktop\Orchard\src\Orchard\FileSystems\VirtualPath\DefaultVirtualPathProvider.cs:line 107
   at Orchard.Environment.Extensions.Compilers.DefaultExtensionCompiler.GetContents(String virtualPath) in c:\Users\Lyrix\Desktop\Orchard\src\Orchard\Environment\Extensions\Compilers\DefaultExtensionCompiler.cs:line 129
   at Orchard.Environment.Extensions.Compilers.DefaultExtensionCompiler.CreateCompileUnit(String virtualPath) in c:\Users\Lyrix\Desktop\Orchard\src\Orchard\Environment\Extensions\Compilers\DefaultExtensionCompiler.cs:line 117
   at Orchard.Environment.Extensions.Compilers.DefaultExtensionCompiler.Compile(CompileExtensionContext context) in c:\Users\Lyrix\Desktop\Orchard\src\Orchard\Environment\Extensions\Compilers\DefaultExtensionCompiler.cs:line 59
   --- End of inner exception stack trace ---
   at Orchard.Environment.Extensions.Compilers.DefaultExtensionCompiler.Compile(CompileExtensionContext context) in c:\Users\Lyrix\Desktop\Orchard\src\Orchard\Environment\Extensions\Compilers\DefaultExtensionCompiler.cs:line 112
   at Orchard.Environment.Extensions.Compilers.CSharpExtensionBuildProviderShim.GenerateCode(AssemblyBuilder assemblyBuilder) in c:\Users\Lyrix\Desktop\Orchard\src\Orchard\Environment\Extensions\Compilers\CSharpExtensionBuildProviderShim.cs:line 32
   at System.Web.Compilation.AssemblyBuilder.AddBuildProvider(BuildProvider buildProvider)
   at System.Web.Compilation.AssemblyBuilder.AddBuildProvider(BuildProvider buildProvider)
   at System.Web.Compilation.BuildProvidersCompiler.ProcessBuildProviders()
   at System.Web.Compilation.BuildProvidersCompiler.PerformBuild()
   at System.Web.Compilation.BuildManager.CompileWebFile(VirtualPath virtualPath)
   at System.Web.Compilation.BuildManager.GetVPathBuildResultInternal(VirtualPath virtualPath, Boolean noBuild, Boolean allowCrossApp, Boolean allowBuildInPrecompile, Boolean throwIfNotFound, Boolean ensureIsUpToDate)
   at System.Web.Compilation.BuildManager.GetVPathBuildResultWithNoAssert(HttpContext context, VirtualPath virtualPath, Boolean noBuild, Boolean allowCrossApp, Boolean allowBuildInPrecompile, Boolean throwIfNotFound, Boolean ensureIsUpToDate)
   at System.Web.Compilation.BuildManager.GetVPathBuildResult(HttpContext context, VirtualPath virtualPath, Boolean noBuild, Boolean allowCrossApp, Boolean allowBuildInPrecompile, Boolean ensureIsUpToDate)
   at System.Web.Compilation.BuildManager.GetCompiledAssembly(String virtualPath)
   at Orchard.Environment.DefaultBuildManager.GetCompiledAssembly(String virtualPath) in c:\Users\Lyrix\Desktop\Orchard\src\Orchard\Environment\IBuildManager.cs:line 53
2014-02-26 09:47:34,617 [10] Orchard.Environment.DefaultBuildManager - Error when compiling assembly under ~/Themes/OrchardProject.Net/OrchardProject.Net.csproj.
System.Web.HttpParseException (0x80004005): Error compiling module "OrchardProject.Net" from file "/OrchardLocal/Themes/OrchardProject.Net/OrchardProject.Net.csproj":
Could not find file 'C:\Users\Lyrix\Desktop\Orchard\src\Orchard.Web\Themes\OrchardProject.Net\Properties\AssemblyInfo.cs'. ---> Orchard.OrchardCoreException: Error compiling module "OrchardProject.Net" from file "/OrchardLocal/Themes/OrchardProject.Net/OrchardProject.Net.csproj":
Could not find file 'C:\Users\Lyrix\Desktop\Orchard\src\Orchard.Web\Themes\OrchardProject.Net\Properties\AssemblyInfo.cs'. ---> System.IO.FileNotFoundException: Could not find file 'C:\Users\Lyrix\Desktop\Orchard\src\Orchard.Web\Themes\OrchardProject.Net\Properties\AssemblyInfo.cs'.
   at System.IO.__Error.WinIOError(Int32 errorCode, String maybeFullPath)
   at System.IO.FileStream.Init(String path, FileMode mode, FileAccess access, Int32 rights, Boolean useRights, FileShare share, Int32 bufferSize, FileOptions options, SECURITY_ATTRIBUTES secAttrs, String msgPath, Boolean bFromProxy, Boolean useLongPath, Boolean checkHost)
   at System.IO.FileStream..ctor(String path, FileMode mode, FileAccess access, FileShare share)
   at System.Web.Hosting.MapPathBasedVirtualFile.Open()
   at Orchard.FileSystems.VirtualPath.DefaultVirtualPathProvider.OpenFile(String virtualPath) in c:\Users\Lyrix\Desktop\Orchard\src\Orchard\FileSystems\VirtualPath\DefaultVirtualPathProvider.cs:line 107
   at Orchard.Environment.Extensions.Compilers.DefaultExtensionCompiler.GetContents(String virtualPath) in c:\Users\Lyrix\Desktop\Orchard\src\Orchard\Environment\Extensions\Compilers\DefaultExtensionCompiler.cs:line 129
   at Orchard.Environment.Extensions.Compilers.DefaultExtensionCompiler.CreateCompileUnit(String virtualPath) in c:\Users\Lyrix\Desktop\Orchard\src\Orchard\Environment\Extensions\Compilers\DefaultExtensionCompiler.cs:line 117
   at Orchard.Environment.Extensions.Compilers.DefaultExtensionCompiler.Compile(CompileExtensionContext context) in c:\Users\Lyrix\Desktop\Orchard\src\Orchard\Environment\Extensions\Compilers\DefaultExtensionCompiler.cs:line 59
   --- End of inner exception stack trace ---
   at Orchard.Environment.Extensions.Compilers.DefaultExtensionCompiler.Compile(CompileExtensionContext context) in c:\Users\Lyrix\Desktop\Orchard\src\Orchard\Environment\Extensions\Compilers\DefaultExtensionCompiler.cs:line 112
   at Orchard.Environment.Extensions.Compilers.CSharpExtensionBuildProviderShim.GenerateCode(AssemblyBuilder assemblyBuilder) in c:\Users\Lyrix\Desktop\Orchard\src\Orchard\Environment\Extensions\Compilers\CSharpExtensionBuildProviderShim.cs:line 32
   at System.Web.Compilation.AssemblyBuilder.AddBuildProvider(BuildProvider buildProvider)
   at System.Web.Compilation.AssemblyBuilder.AddBuildProvider(BuildProvider buildProvider)
   at System.Web.Compilation.BuildProvidersCompiler.ProcessBuildProviders()
   at System.Web.Compilation.BuildProvidersCompiler.PerformBuild()
   at System.Web.Compilation.BuildManager.CompileWebFile(VirtualPath virtualPath)
   at System.Web.Compilation.BuildManager.GetVPathBuildResultInternal(VirtualPath virtualPath, Boolean noBuild, Boolean allowCrossApp, Boolean allowBuildInPrecompile, Boolean throwIfNotFound, Boolean ensureIsUpToDate)
   at System.Web.Compilation.BuildManager.GetVPathBuildResultWithNoAssert(HttpContext context, VirtualPath virtualPath, Boolean noBuild, Boolean allowCrossApp, Boolean allowBuildInPrecompile, Boolean throwIfNotFound, Boolean ensureIsUpToDate)
   at System.Web.Compilation.BuildManager.GetVPathBuildResult(HttpContext context, VirtualPath virtualPath, Boolean noBuild, Boolean allowCrossApp, Boolean allowBuildInPrecompile, Boolean ensureIsUpToDate)
   at System.Web.Compilation.BuildManager.GetCompiledAssembly(String virtualPath)
   at Orchard.Environment.DefaultBuildManager.GetCompiledAssembly(String virtualPath) in c:\Users\Lyrix\Desktop\Orchard\src\Orchard\Environment\IBuildManager.cs:line 53
2014-02-26 09:47:34,622 [10] Orchard.Environment.DefaultBuildManager - Error when compiling assembly under ~/Themes/OrchardProject.Net/OrchardProject.Net.csproj.
System.Web.HttpParseException (0x80004005): Error compiling module "OrchardProject.Net" from file "/OrchardLocal/Themes/OrchardProject.Net/OrchardProject.Net.csproj":
Could not find file 'C:\Users\Lyrix\Desktop\Orchard\src\Orchard.Web\Themes\OrchardProject.Net\Properties\AssemblyInfo.cs'. ---> Orchard.OrchardCoreException: Error compiling module "OrchardProject.Net" from file "/OrchardLocal/Themes/OrchardProject.Net/OrchardProject.Net.csproj":
Could not find file 'C:\Users\Lyrix\Desktop\Orchard\src\Orchard.Web\Themes\OrchardProject.Net\Properties\AssemblyInfo.cs'. ---> System.IO.FileNotFoundException: Could not find file 'C:\Users\Lyrix\Desktop\Orchard\src\Orchard.Web\Themes\OrchardProject.Net\Properties\AssemblyInfo.cs'.
   at System.IO.__Error.WinIOError(Int32 errorCode, String maybeFullPath)
   at System.IO.FileStream.Init(String path, FileMode mode, FileAccess access, Int32 rights, Boolean useRights, FileShare share, Int32 bufferSize, FileOptions options, SECURITY_ATTRIBUTES secAttrs, String msgPath, Boolean bFromProxy, Boolean useLongPath, Boolean checkHost)
   at System.IO.FileStream..ctor(String path, FileMode mode, FileAccess access, FileShare share)
   at System.Web.Hosting.MapPathBasedVirtualFile.Open()
   at Orchard.FileSystems.VirtualPath.DefaultVirtualPathProvider.OpenFile(String virtualPath) in c:\Users\Lyrix\Desktop\Orchard\src\Orchard\FileSystems\VirtualPath\DefaultVirtualPathProvider.cs:line 107
   at Orchard.Environment.Extensions.Compilers.DefaultExtensionCompiler.GetContents(String virtualPath) in c:\Users\Lyrix\Desktop\Orchard\src\Orchard\Environment\Extensions\Compilers\DefaultExtensionCompiler.cs:line 129
   at Orchard.Environment.Extensions.Compilers.DefaultExtensionCompiler.CreateCompileUnit(String virtualPath) in c:\Users\Lyrix\Desktop\Orchard\src\Orchard\Environment\Extensions\Compilers\DefaultExtensionCompiler.cs:line 117
   at Orchard.Environment.Extensions.Compilers.DefaultExtensionCompiler.Compile(CompileExtensionContext context) in c:\Users\Lyrix\Desktop\Orchard\src\Orchard\Environment\Extensions\Compilers\DefaultExtensionCompiler.cs:line 59
   --- End of inner exception stack trace ---
   at Orchard.Environment.Extensions.Compilers.DefaultExtensionCompiler.Compile(CompileExtensionContext context) in c:\Users\Lyrix\Desktop\Orchard\src\Orchard\Environment\Extensions\Compilers\DefaultExtensionCompiler.cs:line 112
   at Orchard.Environment.Extensions.Compilers.CSharpExtensionBuildProviderShim.GenerateCode(AssemblyBuilder assemblyBuilder) in c:\Users\Lyrix\Desktop\Orchard\src\Orchard\Environment\Extensions\Compilers\CSharpExtensionBuildProviderShim.cs:line 32
   at System.Web.Compilation.AssemblyBuilder.AddBuildProvider(BuildProvider buildProvider)
   at System.Web.Compilation.AssemblyBuilder.AddBuildProvider(BuildProvider buildProvider)
   at System.Web.Compilation.BuildProvidersCompiler.ProcessBuildProviders()
   at System.Web.Compilation.BuildProvidersCompiler.PerformBuild()
   at System.Web.Compilation.BuildManager.CompileWebFile(VirtualPath virtualPath)
   at System.Web.Compilation.BuildManager.GetVPathBuildResultInternal(VirtualPath virtualPath, Boolean noBuild, Boolean allowCrossApp, Boolean allowBuildInPrecompile, Boolean throwIfNotFound, Boolean ensureIsUpToDate)
   at System.Web.Compilation.BuildManager.GetVPathBuildResultWithNoAssert(HttpContext context, VirtualPath virtualPath, Boolean noBuild, Boolean allowCrossApp, Boolean allowBuildInPrecompile, Boolean throwIfNotFound, Boolean ensureIsUpToDate)
   at System.Web.Compilation.BuildManager.GetVPathBuildResult(HttpContext context, VirtualPath virtualPath, Boolean noBuild, Boolean allowCrossApp, Boolean allowBuildInPrecompile, Boolean ensureIsUpToDate)
   at System.Web.Compilation.BuildManager.GetCompiledAssembly(String virtualPath)
   at Orchard.Environment.DefaultBuildManager.GetCompiledAssembly(String virtualPath) in c:\Users\Lyrix\Desktop\Orchard\src\Orchard\Environment\IBuildManager.cs:line 53
2014-02-26 09:47:34,626 [10] Orchard.Environment.DefaultBuildManager - Error when compiling assembly under ~/Themes/OrchardProject.Net/OrchardProject.Net.csproj.
System.Web.HttpParseException (0x80004005): Error compiling module "OrchardProject.Net" from file "/OrchardLocal/Themes/OrchardProject.Net/OrchardProject.Net.csproj":
Could not find file 'C:\Users\Lyrix\Desktop\Orchard\src\Orchard.Web\Themes\OrchardProject.Net\Properties\AssemblyInfo.cs'. ---> Orchard.OrchardCoreException: Error compiling module "OrchardProject.Net" from file "/OrchardLocal/Themes/OrchardProject.Net/OrchardProject.Net.csproj":
Could not find file 'C:\Users\Lyrix\Desktop\Orchard\src\Orchard.Web\Themes\OrchardProject.Net\Properties\AssemblyInfo.cs'. ---> System.IO.FileNotFoundException: Could not find file 'C:\Users\Lyrix\Desktop\Orchard\src\Orchard.Web\Themes\OrchardProject.Net\Properties\AssemblyInfo.cs'.
   at System.IO.__Error.WinIOError(Int32 errorCode, String maybeFullPath)
   at System.IO.FileStream.Init(String path, FileMode mode, FileAccess access, Int32 rights, Boolean useRights, FileShare share, Int32 bufferSize, FileOptions options, SECURITY_ATTRIBUTES secAttrs, String msgPath, Boolean bFromProxy, Boolean useLongPath, Boolean checkHost)
   at System.IO.FileStream..ctor(String path, FileMode mode, FileAccess access, FileShare share)
   at System.Web.Hosting.MapPathBasedVirtualFile.Open()
   at Orchard.FileSystems.VirtualPath.DefaultVirtualPathProvider.OpenFile(String virtualPath) in c:\Users\Lyrix\Desktop\Orchard\src\Orchard\FileSystems\VirtualPath\DefaultVirtualPathProvider.cs:line 107
   at Orchard.Environment.Extensions.Compilers.DefaultExtensionCompiler.GetContents(String virtualPath) in c:\Users\Lyrix\Desktop\Orchard\src\Orchard\Environment\Extensions\Compilers\DefaultExtensionCompiler.cs:line 129
   at Orchard.Environment.Extensions.Compilers.DefaultExtensionCompiler.CreateCompileUnit(String virtualPath) in c:\Users\Lyrix\Desktop\Orchard\src\Orchard\Environment\Extensions\Compilers\DefaultExtensionCompiler.cs:line 117
   at Orchard.Environment.Extensions.Compilers.DefaultExtensionCompiler.Compile(CompileExtensionContext context) in c:\Users\Lyrix\Desktop\Orchard\src\Orchard\Environment\Extensions\Compilers\DefaultExtensionCompiler.cs:line 59
   --- End of inner exception stack trace ---
   at Orchard.Environment.Extensions.Compilers.DefaultExtensionCompiler.Compile(CompileExtensionContext context) in c:\Users\Lyrix\Desktop\Orchard\src\Orchard\Environment\Extensions\Compilers\DefaultExtensionCompiler.cs:line 112
   at Orchard.Environment.Extensions.Compilers.CSharpExtensionBuildProviderShim.GenerateCode(AssemblyBuilder assemblyBuilder) in c:\Users\Lyrix\Desktop\Orchard\src\Orchard\Environment\Extensions\Compilers\CSharpExtensionBuildProviderShim.cs:line 32
   at System.Web.Compilation.AssemblyBuilder.AddBuildProvider(BuildProvider buildProvider)
   at System.Web.Compilation.AssemblyBuilder.AddBuildProvider(BuildProvider buildProvider)
   at System.Web.Compilation.BuildProvidersCompiler.ProcessBuildProviders()
   at System.Web.Compilation.BuildProvidersCompiler.PerformBuild()
   at System.Web.Compilation.BuildManager.CompileWebFile(VirtualPath virtualPath)
   at System.Web.Compilation.BuildManager.GetVPathBuildResultInternal(VirtualPath virtualPath, Boolean noBuild, Boolean allowCrossApp, Boolean allowBuildInPrecompile, Boolean throwIfNotFound, Boolean ensureIsUpToDate)
   at System.Web.Compilation.BuildManager.GetVPathBuildResultWithNoAssert(HttpContext context, VirtualPath virtualPath, Boolean noBuild, Boolean allowCrossApp, Boolean allowBuildInPrecompile, Boolean throwIfNotFound, Boolean ensureIsUpToDate)
   at System.Web.Compilation.BuildManager.GetVPathBuildResult(HttpContext context, VirtualPath virtualPath, Boolean noBuild, Boolean allowCrossApp, Boolean allowBuildInPrecompile, Boolean ensureIsUpToDate)
   at System.Web.Compilation.BuildManager.GetCompiledAssembly(String virtualPath)
   at Orchard.Environment.DefaultBuildManager.GetCompiledAssembly(String virtualPath) in c:\Users\Lyrix\Desktop\Orchard\src\Orchard\Environment\IBuildManager.cs:line 53
2014-02-26 09:47:34,632 [10] Orchard.Environment.DefaultBuildManager - Error when compiling assembly under ~/Themes/OrchardProject.Net/OrchardProject.Net.csproj.
System.Web.HttpParseException (0x80004005): Error compiling module "OrchardProject.Net" from file "/OrchardLocal/Themes/OrchardProject.Net/OrchardProject.Net.csproj":
Could not find file 'C:\Users\Lyrix\Desktop\Orchard\src\Orchard.Web\Themes\OrchardProject.Net\Properties\AssemblyInfo.cs'. ---> Orchard.OrchardCoreException: Error compiling module "OrchardProject.Net" from file "/OrchardLocal/Themes/OrchardProject.Net/OrchardProject.Net.csproj":
Could not find file 'C:\Users\Lyrix\Desktop\Orchard\src\Orchard.Web\Themes\OrchardProject.Net\Properties\AssemblyInfo.cs'. ---> System.IO.FileNotFoundException: Could not find file 'C:\Users\Lyrix\Desktop\Orchard\src\Orchard.Web\Themes\OrchardProject.Net\Properties\AssemblyInfo.cs'.
   at System.IO.__Error.WinIOError(Int32 errorCode, String maybeFullPath)
   at System.IO.FileStream.Init(String path, FileMode mode, FileAccess access, Int32 rights, Boolean useRights, FileShare share, Int32 bufferSize, FileOptions options, SECURITY_ATTRIBUTES secAttrs, String msgPath, Boolean bFromProxy, Boolean useLongPath, Boolean checkHost)
   at System.IO.FileStream..ctor(String path, FileMode mode, FileAccess access, FileShare share)
   at System.Web.Hosting.MapPathBasedVirtualFile.Open()
   at Orchard.FileSystems.VirtualPath.DefaultVirtualPathProvider.OpenFile(String virtualPath) in c:\Users\Lyrix\Desktop\Orchard\src\Orchard\FileSystems\VirtualPath\DefaultVirtualPathProvider.cs:line 107
   at Orchard.Environment.Extensions.Compilers.DefaultExtensionCompiler.GetContents(String virtualPath) in c:\Users\Lyrix\Desktop\Orchard\src\Orchard\Environment\Extensions\Compilers\DefaultExtensionCompiler.cs:line 129
   at Orchard.Environment.Extensions.Compilers.DefaultExtensionCompiler.CreateCompileUnit(String virtualPath) in c:\Users\Lyrix\Desktop\Orchard\src\Orchard\Environment\Extensions\Compilers\DefaultExtensionCompiler.cs:line 117
   at Orchard.Environment.Extensions.Compilers.DefaultExtensionCompiler.Compile(CompileExtensionContext context) in c:\Users\Lyrix\Desktop\Orchard\src\Orchard\Environment\Extensions\Compilers\DefaultExtensionCompiler.cs:line 59
   --- End of inner exception stack trace ---
   at Orchard.Environment.Extensions.Compilers.DefaultExtensionCompiler.Compile(CompileExtensionContext context) in c:\Users\Lyrix\Desktop\Orchard\src\Orchard\Environment\Extensions\Compilers\DefaultExtensionCompiler.cs:line 112
   at Orchard.Environment.Extensions.Compilers.CSharpExtensionBuildProviderShim.GenerateCode(AssemblyBuilder assemblyBuilder) in c:\Users\Lyrix\Desktop\Orchard\src\Orchard\Environment\Extensions\Compilers\CSharpExtensionBuildProviderShim.cs:line 32
   at System.Web.Compilation.AssemblyBuilder.AddBuildProvider(BuildProvider buildProvider)
   at System.Web.Compilation.AssemblyBuilder.AddBuildProvider(BuildProvider buildProvider)
   at System.Web.Compilation.BuildProvidersCompiler.ProcessBuildProviders()
   at System.Web.Compilation.BuildProvidersCompiler.PerformBuild()
   at System.Web.Compilation.BuildManager.CompileWebFile(VirtualPath virtualPath)
   at System.Web.Compilation.BuildManager.GetVPathBuildResultInternal(VirtualPath virtualPath, Boolean noBuild, Boolean allowCrossApp, Boolean allowBuildInPrecompile, Boolean throwIfNotFound, Boolean ensureIsUpToDate)
   at System.Web.Compilation.BuildManager.GetVPathBuildResultWithNoAssert(HttpContext context, VirtualPath virtualPath, Boolean noBuild, Boolean allowCrossApp, Boolean allowBuildInPrecompile, Boolean throwIfNotFound, Boolean ensureIsUpToDate)
   at System.Web.Compilation.BuildManager.GetVPathBuildResult(HttpContext context, VirtualPath virtualPath, Boolean noBuild, Boolean allowCrossApp, Boolean allowBuildInPrecompile, Boolean ensureIsUpToDate)
   at System.Web.Compilation.BuildManager.GetCompiledAssembly(String virtualPath)
   at Orchard.Environment.DefaultBuildManager.GetCompiledAssembly(String virtualPath) in c:\Users\Lyrix\Desktop\Orchard\src\Orchard\Environment\IBuildManager.cs:line 53
2014-02-26 09:47:34,638 [10] Orchard.Environment.DefaultBuildManager - Error when compiling assembly under ~/Themes/OrchardProject.Net/OrchardProject.Net.csproj.
System.Web.HttpParseException (0x80004005): Error compiling module "OrchardProject.Net" from file "/OrchardLocal/Themes/OrchardProject.Net/OrchardProject.Net.csproj":
Could not find file 'C:\Users\Lyrix\Desktop\Orchard\src\Orchard.Web\Themes\OrchardProject.Net\Properties\AssemblyInfo.cs'. ---> Orchard.OrchardCoreException: Error compiling module "OrchardProject.Net" from file "/OrchardLocal/Themes/OrchardProject.Net/OrchardProject.Net.csproj":
Could not find file 'C:\Users\Lyrix\Desktop\Orchard\src\Orchard.Web\Themes\OrchardProject.Net\Properties\AssemblyInfo.cs'. ---> System.IO.FileNotFoundException: Could not find file 'C:\Users\Lyrix\Desktop\Orchard\src\Orchard.Web\Themes\OrchardProject.Net\Properties\AssemblyInfo.cs'.
   at System.IO.__Error.WinIOError(Int32 errorCode, String maybeFullPath)
   at System.IO.FileStream.Init(String path, FileMode mode, FileAccess access, Int32 rights, Boolean useRights, FileShare share, Int32 bufferSize, FileOptions options, SECURITY_ATTRIBUTES secAttrs, String msgPath, Boolean bFromProxy, Boolean useLongPath, Boolean checkHost)
   at System.IO.FileStream..ctor(String path, FileMode mode, FileAccess access, FileShare share)
   at System.Web.Hosting.MapPathBasedVirtualFile.Open()
   at Orchard.FileSystems.VirtualPath.DefaultVirtualPathProvider.OpenFile(String virtualPath) in c:\Users\Lyrix\Desktop\Orchard\src\Orchard\FileSystems\VirtualPath\DefaultVirtualPathProvider.cs:line 107
   at Orchard.Environment.Extensions.Compilers.DefaultExtensionCompiler.GetContents(String virtualPath) in c:\Users\Lyrix\Desktop\Orchard\src\Orchard\Environment\Extensions\Compilers\DefaultExtensionCompiler.cs:line 129
   at Orchard.Environment.Extensions.Compilers.DefaultExtensionCompiler.CreateCompileUnit(String virtualPath) in c:\Users\Lyrix\Desktop\Orchard\src\Orchard\Environment\Extensions\Compilers\DefaultExtensionCompiler.cs:line 117
   at Orchard.Environment.Extensions.Compilers.DefaultExtensionCompiler.Compile(CompileExtensionContext context) in c:\Users\Lyrix\Desktop\Orchard\src\Orchard\Environment\Extensions\Compilers\DefaultExtensionCompiler.cs:line 59
   --- End of inner exception stack trace ---
   at Orchard.Environment.Extensions.Compilers.DefaultExtensionCompiler.Compile(CompileExtensionContext context) in c:\Users\Lyrix\Desktop\Orchard\src\Orchard\Environment\Extensions\Compilers\DefaultExtensionCompiler.cs:line 112
   at Orchard.Environment.Extensions.Compilers.CSharpExtensionBuildProviderShim.GenerateCode(AssemblyBuilder assemblyBuilder) in c:\Users\Lyrix\Desktop\Orchard\src\Orchard\Environment\Extensions\Compilers\CSharpExtensionBuildProviderShim.cs:line 32
   at System.Web.Compilation.AssemblyBuilder.AddBuildProvider(BuildProvider buildProvider)
   at System.Web.Compilation.AssemblyBuilder.AddBuildProvider(BuildProvider buildProvider)
   at System.Web.Compilation.BuildProvidersCompiler.ProcessBuildProviders()
   at System.Web.Compilation.BuildProvidersCompiler.PerformBuild()
   at System.Web.Compilation.BuildManager.CompileWebFile(VirtualPath virtualPath)
   at System.Web.Compilation.BuildManager.GetVPathBuildResultInternal(VirtualPath virtualPath, Boolean noBuild, Boolean allowCrossApp, Boolean allowBuildInPrecompile, Boolean throwIfNotFound, Boolean ensureIsUpToDate)
   at System.Web.Compilation.BuildManager.GetVPathBuildResultWithNoAssert(HttpContext context, VirtualPath virtualPath, Boolean noBuild, Boolean allowCrossApp, Boolean allowBuildInPrecompile, Boolean throwIfNotFound, Boolean ensureIsUpToDate)
   at System.Web.Compilation.BuildManager.GetVPathBuildResult(HttpContext context, VirtualPath virtualPath, Boolean noBuild, Boolean allowCrossApp, Boolean allowBuildInPrecompile, Boolean ensureIsUpToDate)
   at System.Web.Compilation.BuildManager.GetCompiledAssembly(String virtualPath)
   at Orchard.Environment.DefaultBuildManager.GetCompiledAssembly(String virtualPath) in c:\Users\Lyrix\Desktop\Orchard\src\Orchard\Environment\IBuildManager.cs:line 53
2014-02-26 09:47:34,913 [10] Orchard.Environment.DefaultBuildManager - Error when compiling assembly under ~/Themes/OrchardProject.Net/OrchardProject.Net.csproj.
System.Web.HttpParseException (0x80004005): Error compiling module "OrchardProject.Net" from file "/OrchardLocal/Themes/OrchardProject.Net/OrchardProject.Net.csproj":
Could not find file 'C:\Users\Lyrix\Desktop\Orchard\src\Orchard.Web\Themes\OrchardProject.Net\Properties\AssemblyInfo.cs'. ---> Orchard.OrchardCoreException: Error compiling module "OrchardProject.Net" from file "/OrchardLocal/Themes/OrchardProject.Net/OrchardProject.Net.csproj":
Could not find file 'C:\Users\Lyrix\Desktop\Orchard\src\Orchard.Web\Themes\OrchardProject.Net\Properties\AssemblyInfo.cs'. ---> System.IO.FileNotFoundException: Could not find file 'C:\Users\Lyrix\Desktop\Orchard\src\Orchard.Web\Themes\OrchardProject.Net\Properties\AssemblyInfo.cs'.
   at System.IO.__Error.WinIOError(Int32 errorCode, String maybeFullPath)
   at System.IO.FileStream.Init(String path, FileMode mode, FileAccess access, Int32 rights, Boolean useRights, FileShare share, Int32 bufferSize, FileOptions options, SECURITY_ATTRIBUTES secAttrs, String msgPath, Boolean bFromProxy, Boolean useLongPath, Boolean checkHost)
   at System.IO.FileStream..ctor(String path, FileMode mode, FileAccess access, FileShare share)
   at System.Web.Hosting.MapPathBasedVirtualFile.Open()
   at Orchard.FileSystems.VirtualPath.DefaultVirtualPathProvider.OpenFile(String virtualPath) in c:\Users\Lyrix\Desktop\Orchard\src\Orchard\FileSystems\VirtualPath\DefaultVirtualPathProvider.cs:line 107
   at Orchard.Environment.Extensions.Compilers.DefaultExtensionCompiler.GetContents(String virtualPath) in c:\Users\Lyrix\Desktop\Orchard\src\Orchard\Environment\Extensions\Compilers\DefaultExtensionCompiler.cs:line 129
   at Orchard.Environment.Extensions.Compilers.DefaultExtensionCompiler.CreateCompileUnit(String virtualPath) in c:\Users\Lyrix\Desktop\Orchard\src\Orchard\Environment\Extensions\Compilers\DefaultExtensionCompiler.cs:line 117
   at Orchard.Environment.Extensions.Compilers.DefaultExtensionCompiler.Compile(CompileExtensionContext context) in c:\Users\Lyrix\Desktop\Orchard\src\Orchard\Environment\Extensions\Compilers\DefaultExtensionCompiler.cs:line 59
   --- End of inner exception stack trace ---
   at Orchard.Environment.Extensions.Compilers.DefaultExtensionCompiler.Compile(CompileExtensionContext context) in c:\Users\Lyrix\Desktop\Orchard\src\Orchard\Environment\Extensions\Compilers\DefaultExtensionCompiler.cs:line 112
   at Orchard.Environment.Extensions.Compilers.CSharpExtensionBuildProviderShim.GenerateCode(AssemblyBuilder assemblyBuilder) in c:\Users\Lyrix\Desktop\Orchard\src\Orchard\Environment\Extensions\Compilers\CSharpExtensionBuildProviderShim.cs:line 32
   at System.Web.Compilation.AssemblyBuilder.AddBuildProvider(BuildProvider buildProvider)
   at System.Web.Compilation.AssemblyBuilder.AddBuildProvider(BuildProvider buildProvider)
   at System.Web.Compilation.BuildProvidersCompiler.ProcessBuildProviders()
   at System.Web.Compilation.BuildProvidersCompiler.PerformBuild()
   at System.Web.Compilation.BuildManager.CompileWebFile(VirtualPath virtualPath)
   at System.Web.Compilation.BuildManager.GetVPathBuildResultInternal(VirtualPath virtualPath, Boolean noBuild, Boolean allowCrossApp, Boolean allowBuildInPrecompile, Boolean throwIfNotFound, Boolean ensureIsUpToDate)
   at System.Web.Compilation.BuildManager.GetVPathBuildResultWithNoAssert(HttpContext context, VirtualPath virtualPath, Boolean noBuild, Boolean allowCrossApp, Boolean allowBuildInPrecompile, Boolean throwIfNotFound, Boolean ensureIsUpToDate)
   at System.Web.Compilation.BuildManager.GetVPathBuildResult(HttpContext context, VirtualPath virtualPath, Boolean noBuild, Boolean allowCrossApp, Boolean allowBuildInPrecompile, Boolean ensureIsUpToDate)
   at System.Web.Compilation.BuildManager.GetCompiledAssembly(String virtualPath)
   at Orchard.Environment.DefaultBuildManager.GetCompiledAssembly(String virtualPath) in c:\Users\Lyrix\Desktop\Orchard\src\Orchard\Environment\IBuildManager.cs:line 53
2014-02-26 09:47:35,276 [10] Orchard.Environment.DefaultBuildManager - Error when compiling assembly under ~/Themes/OrchardProject.Net/OrchardProject.Net.csproj.
System.Web.HttpParseException (0x80004005): Error compiling module "OrchardProject.Net" from file "/OrchardLocal/Themes/OrchardProject.Net/OrchardProject.Net.csproj":
Could not find file 'C:\Users\Lyrix\Desktop\Orchard\src\Orchard.Web\Themes\OrchardProject.Net\Properties\AssemblyInfo.cs'. ---> Orchard.OrchardCoreException: Error compiling module "OrchardProject.Net" from file "/OrchardLocal/Themes/OrchardProject.Net/OrchardProject.Net.csproj":
Could not find file 'C:\Users\Lyrix\Desktop\Orchard\src\Orchard.Web\Themes\OrchardProject.Net\Properties\AssemblyInfo.cs'. ---> System.IO.FileNotFoundException: Could not find file 'C:\Users\Lyrix\Desktop\Orchard\src\Orchard.Web\Themes\OrchardProject.Net\Properties\AssemblyInfo.cs'.
   at System.IO.__Error.WinIOError(Int32 errorCode, String maybeFullPath)
   at System.IO.FileStream.Init(String path, FileMode mode, FileAccess access, Int32 rights, Boolean useRights, FileShare share, Int32 bufferSize, FileOptions options, SECURITY_ATTRIBUTES secAttrs, String msgPath, Boolean bFromProxy, Boolean useLongPath, Boolean checkHost)
   at System.IO.FileStream..ctor(String path, FileMode mode, FileAccess access, FileShare share)
   at System.Web.Hosting.MapPathBasedVirtualFile.Open()
   at Orchard.FileSystems.VirtualPath.DefaultVirtualPathProvider.OpenFile(String virtualPath) in c:\Users\Lyrix\Desktop\Orchard\src\Orchard\FileSystems\VirtualPath\DefaultVirtualPathProvider.cs:line 107
   at Orchard.Environment.Extensions.Compilers.DefaultExtensionCompiler.GetContents(String virtualPath) in c:\Users\Lyrix\Desktop\Orchard\src\Orchard\Environment\Extensions\Compilers\DefaultExtensionCompiler.cs:line 129
   at Orchard.Environment.Extensions.Compilers.DefaultExtensionCompiler.CreateCompileUnit(String virtualPath) in c:\Users\Lyrix\Desktop\Orchard\src\Orchard\Environment\Extensions\Compilers\DefaultExtensionCompiler.cs:line 117
   at Orchard.Environment.Extensions.Compilers.DefaultExtensionCompiler.Compile(CompileExtensionContext context) in c:\Users\Lyrix\Desktop\Orchard\src\Orchard\Environment\Extensions\Compilers\DefaultExtensionCompiler.cs:line 59
   --- End of inner exception stack trace ---
   at Orchard.Environment.Extensions.Compilers.DefaultExtensionCompiler.Compile(CompileExtensionContext context) in c:\Users\Lyrix\Desktop\Orchard\src\Orchard\Environment\Extensions\Compilers\DefaultExtensionCompiler.cs:line 112
   at Orchard.Environment.Extensions.Compilers.CSharpExtensionBuildProviderShim.GenerateCode(AssemblyBuilder assemblyBuilder) in c:\Users\Lyrix\Desktop\Orchard\src\Orchard\Environment\Extensions\Compilers\CSharpExtensionBuildProviderShim.cs:line 32
   at System.Web.Compilation.AssemblyBuilder.AddBuildProvider(BuildProvider buildProvider)
   at System.Web.Compilation.AssemblyBuilder.AddBuildProvider(BuildProvider buildProvider)
   at System.Web.Compilation.BuildProvidersCompiler.ProcessBuildProviders()
   at System.Web.Compilation.BuildProvidersCompiler.PerformBuild()
   at System.Web.Compilation.BuildManager.CompileWebFile(VirtualPath virtualPath)
   at System.Web.Compilation.BuildManager.GetVPathBuildResultInternal(VirtualPath virtualPath, Boolean noBuild, Boolean allowCrossApp, Boolean allowBuildInPrecompile, Boolean throwIfNotFound, Boolean ensureIsUpToDate)
   at System.Web.Compilation.BuildManager.GetVPathBuildResultWithNoAssert(HttpContext context, VirtualPath virtualPath, Boolean noBuild, Boolean allowCrossApp, Boolean allowBuildInPrecompile, Boolean throwIfNotFound, Boolean ensureIsUpToDate)
   at System.Web.Compilation.BuildManager.GetVPathBuildResult(HttpContext context, VirtualPath virtualPath, Boolean noBuild, Boolean allowCrossApp, Boolean allowBuildInPrecompile, Boolean ensureIsUpToDate)
   at System.Web.Compilation.BuildManager.GetCompiledAssembly(String virtualPath)
   at Orchard.Environment.DefaultBuildManager.GetCompiledAssembly(String virtualPath) in c:\Users\Lyrix\Desktop\Orchard\src\Orchard\Environment\IBuildManager.cs:line 53
2014-02-26 09:47:35,588 [10] Orchard.Environment.DefaultBuildManager - Error when compiling assembly under ~/Themes/OrchardProject.Net/OrchardProject.Net.csproj.
System.Web.HttpParseException (0x80004005): Error compiling module "OrchardProject.Net" from file "/OrchardLocal/Themes/OrchardProject.Net/OrchardProject.Net.csproj":
Could not find file 'C:\Users\Lyrix\Desktop\Orchard\src\Orchard.Web\Themes\OrchardProject.Net\Properties\AssemblyInfo.cs'. ---> Orchard.OrchardCoreException: Error compiling module "OrchardProject.Net" from file "/OrchardLocal/Themes/OrchardProject.Net/OrchardProject.Net.csproj":
Could not find file 'C:\Users\Lyrix\Desktop\Orchard\src\Orchard.Web\Themes\OrchardProject.Net\Properties\AssemblyInfo.cs'. ---> System.IO.FileNotFoundException: Could not find file 'C:\Users\Lyrix\Desktop\Orchard\src\Orchard.Web\Themes\OrchardProject.Net\Properties\AssemblyInfo.cs'.
   at System.IO.__Error.WinIOError(Int32 errorCode, String maybeFullPath)
   at System.IO.FileStream.Init(String path, FileMode mode, FileAccess access, Int32 rights, Boolean useRights, FileShare share, Int32 bufferSize, FileOptions options, SECURITY_ATTRIBUTES secAttrs, String msgPath, Boolean bFromProxy, Boolean useLongPath, Boolean checkHost)
   at System.IO.FileStream..ctor(String path, FileMode mode, FileAccess access, FileShare share)
   at System.Web.Hosting.MapPathBasedVirtualFile.Open()
   at Orchard.FileSystems.VirtualPath.DefaultVirtualPathProvider.OpenFile(String virtualPath) in c:\Users\Lyrix\Desktop\Orchard\src\Orchard\FileSystems\VirtualPath\DefaultVirtualPathProvider.cs:line 107
   at Orchard.Environment.Extensions.Compilers.DefaultExtensionCompiler.GetContents(String virtualPath) in c:\Users\Lyrix\Desktop\Orchard\src\Orchard\Environment\Extensions\Compilers\DefaultExtensionCompiler.cs:line 129
   at Orchard.Environment.Extensions.Compilers.DefaultExtensionCompiler.CreateCompileUnit(String virtualPath) in c:\Users\Lyrix\Desktop\Orchard\src\Orchard\Environment\Extensions\Compilers\DefaultExtensionCompiler.cs:line 117
   at Orchard.Environment.Extensions.Compilers.DefaultExtensionCompiler.Compile(CompileExtensionContext context) in c:\Users\Lyrix\Desktop\Orchard\src\Orchard\Environment\Extensions\Compilers\DefaultExtensionCompiler.cs:line 59
   --- End of inner exception stack trace ---
   at Orchard.Environment.Extensions.Compilers.DefaultExtensionCompiler.Compile(CompileExtensionContext context) in c:\Users\Lyrix\Desktop\Orchard\src\Orchard\Environment\Extensions\Compilers\DefaultExtensionCompiler.cs:line 112
   at Orchard.Environment.Extensions.Compilers.CSharpExtensionBuildProviderShim.GenerateCode(AssemblyBuilder assemblyBuilder) in c:\Users\Lyrix\Desktop\Orchard\src\Orchard\Environment\Extensions\Compilers\CSharpExtensionBuildProviderShim.cs:line 32
   at System.Web.Compilation.AssemblyBuilder.AddBuildProvider(BuildProvider buildProvider)
   at System.Web.Compilation.AssemblyBuilder.AddBuildProvider(BuildProvider buildProvider)
   at System.Web.Compilation.BuildProvidersCompiler.ProcessBuildProviders()
   at System.Web.Compilation.BuildProvidersCompiler.PerformBuild()
   at System.Web.Compilation.BuildManager.CompileWebFile(VirtualPath virtualPath)
   at System.Web.Compilation.BuildManager.GetVPathBuildResultInternal(VirtualPath virtualPath, Boolean noBuild, Boolean allowCrossApp, Boolean allowBuildInPrecompile, Boolean throwIfNotFound, Boolean ensureIsUpToDate)
   at System.Web.Compilation.BuildManager.GetVPathBuildResultWithNoAssert(HttpContext context, VirtualPath virtualPath, Boolean noBuild, Boolean allowCrossApp, Boolean allowBuildInPrecompile, Boolean throwIfNotFound, Boolean ensureIsUpToDate)
   at System.Web.Compilation.BuildManager.GetVPathBuildResult(HttpContext context, VirtualPath virtualPath, Boolean noBuild, Boolean allowCrossApp, Boolean allowBuildInPrecompile, Boolean ensureIsUpToDate)
   at System.Web.Compilation.BuildManager.GetCompiledAssembly(String virtualPath)
   at Orchard.Environment.DefaultBuildManager.GetCompiledAssembly(String virtualPath) in c:\Users\Lyrix\Desktop\Orchard\src\Orchard\Environment\IBuildManager.cs:line 53
2014-02-26 09:47:36,666 [10] Orchard.Environment.DefaultBuildManager - Error when compiling assembly under ~/Themes/OrchardProject.Net/OrchardProject.Net.csproj.
System.Web.HttpParseException (0x80004005): Error compiling module "OrchardProject.Net" from file "/OrchardLocal/Themes/OrchardProject.Net/OrchardProject.Net.csproj":
Could not find file 'C:\Users\Lyrix\Desktop\Orchard\src\Orchard.Web\Themes\OrchardProject.Net\Properties\AssemblyInfo.cs'. ---> Orchard.OrchardCoreException: Error compiling module "OrchardProject.Net" from file "/OrchardLocal/Themes/OrchardProject.Net/OrchardProject.Net.csproj":
Could not find file 'C:\Users\Lyrix\Desktop\Orchard\src\Orchard.Web\Themes\OrchardProject.Net\Properties\AssemblyInfo.cs'. ---> System.IO.FileNotFoundException: Could not find file 'C:\Users\Lyrix\Desktop\Orchard\src\Orchard.Web\Themes\OrchardProject.Net\Properties\AssemblyInfo.cs'.
   at System.IO.__Error.WinIOError(Int32 errorCode, String maybeFullPath)
   at System.IO.FileStream.Init(String path, FileMode mode, FileAccess access, Int32 rights, Boolean useRights, FileShare share, Int32 bufferSize, FileOptions options, SECURITY_ATTRIBUTES secAttrs, String msgPath, Boolean bFromProxy, Boolean useLongPath, Boolean checkHost)
   at System.IO.FileStream..ctor(String path, FileMode mode, FileAccess access, FileShare share)
   at System.Web.Hosting.MapPathBasedVirtualFile.Open()
   at Orchard.FileSystems.VirtualPath.DefaultVirtualPathProvider.OpenFile(String virtualPath) in c:\Users\Lyrix\Desktop\Orchard\src\Orchard\FileSystems\VirtualPath\DefaultVirtualPathProvider.cs:line 107
   at Orchard.Environment.Extensions.Compilers.DefaultExtensionCompiler.GetContents(String virtualPath) in c:\Users\Lyrix\Desktop\Orchard\src\Orchard\Environment\Extensions\Compilers\DefaultExtensionCompiler.cs:line 129
   at Orchard.Environment.Extensions.Compilers.DefaultExtensionCompiler.CreateCompileUnit(String virtualPath) in c:\Users\Lyrix\Desktop\Orchard\src\Orchard\Environment\Extensions\Compilers\DefaultExtensionCompiler.cs:line 117
   at Orchard.Environment.Extensions.Compilers.DefaultExtensionCompiler.Compile(CompileExtensionContext context) in c:\Users\Lyrix\Desktop\Orchard\src\Orchard\Environment\Extensions\Compilers\DefaultExtensionCompiler.cs:line 59
   --- End of inner exception stack trace ---
   at Orchard.Environment.Extensions.Compilers.DefaultExtensionCompiler.Compile(CompileExtensionContext context) in c:\Users\Lyrix\Desktop\Orchard\src\Orchard\Environment\Extensions\Compilers\DefaultExtensionCompiler.cs:line 112
   at Orchard.Environment.Extensions.Compilers.CSharpExtensionBuildProviderShim.GenerateCode(AssemblyBuilder assemblyBuilder) in c:\Users\Lyrix\Desktop\Orchard\src\Orchard\Environment\Extensions\Compilers\CSharpExtensionBuildProviderShim.cs:line 32
   at System.Web.Compilation.AssemblyBuilder.AddBuildProvider(BuildProvider buildProvider)
   at System.Web.Compilation.AssemblyBuilder.AddBuildProvider(BuildProvider buildProvider)
   at System.Web.Compilation.BuildProvidersCompiler.ProcessBuildProviders()
   at System.Web.Compilation.BuildProvidersCompiler.PerformBuild()
   at System.Web.Compilation.BuildManager.CompileWebFile(VirtualPath virtualPath)
   at System.Web.Compilation.BuildManager.GetVPathBuildResultInternal(VirtualPath virtualPath, Boolean noBuild, Boolean allowCrossApp, Boolean allowBuildInPrecompile, Boolean throwIfNotFound, Boolean ensureIsUpToDate)
   at System.Web.Compilation.BuildManager.GetVPathBuildResultWithNoAssert(HttpContext context, VirtualPath virtualPath, Boolean noBuild, Boolean allowCrossApp, Boolean allowBuildInPrecompile, Boolean throwIfNotFound, Boolean ensureIsUpToDate)
   at System.Web.Compilation.BuildManager.GetVPathBuildResult(HttpContext context, VirtualPath virtualPath, Boolean noBuild, Boolean allowCrossApp, Boolean allowBuildInPrecompile, Boolean ensureIsUpToDate)
   at System.Web.Compilation.BuildManager.GetCompiledAssembly(String virtualPath)
   at Orchard.Environment.DefaultBuildManager.GetCompiledAssembly(String virtualPath) in c:\Users\Lyrix\Desktop\Orchard\src\Orchard\Environment\IBuildManager.cs:line 53
2014-02-26 09:47:37,001 [10] Orchard.Environment.DefaultBuildManager - Error when compiling assembly under ~/Themes/OrchardProject.Net/OrchardProject.Net.csproj.
System.Web.HttpParseException (0x80004005): Error compiling module "OrchardProject.Net" from file "/OrchardLocal/Themes/OrchardProject.Net/OrchardProject.Net.csproj":
Could not find file 'C:\Users\Lyrix\Desktop\Orchard\src\Orchard.Web\Themes\OrchardProject.Net\Properties\AssemblyInfo.cs'. ---> Orchard.OrchardCoreException: Error compiling module "OrchardProject.Net" from file "/OrchardLocal/Themes/OrchardProject.Net/OrchardProject.Net.csproj":
Could not find file 'C:\Users\Lyrix\Desktop\Orchard\src\Orchard.Web\Themes\OrchardProject.Net\Properties\AssemblyInfo.cs'. ---> System.IO.FileNotFoundException: Could not find file 'C:\Users\Lyrix\Desktop\Orchard\src\Orchard.Web\Themes\OrchardProject.Net\Properties\AssemblyInfo.cs'.
   at System.IO.__Error.WinIOError(Int32 errorCode, String maybeFullPath)
   at System.IO.FileStream.Init(String path, FileMode mode, FileAccess access, Int32 rights, Boolean useRights, FileShare share, Int32 bufferSize, FileOptions options, SECURITY_ATTRIBUTES secAttrs, String msgPath, Boolean bFromProxy, Boolean useLongPath, Boolean checkHost)
   at System.IO.FileStream..ctor(String path, FileMode mode, FileAccess access, FileShare share)
   at System.Web.Hosting.MapPathBasedVirtualFile.Open()
   at Orchard.FileSystems.VirtualPath.DefaultVirtualPathProvider.OpenFile(String virtualPath) in c:\Users\Lyrix\Desktop\Orchard\src\Orchard\FileSystems\VirtualPath\DefaultVirtualPathProvider.cs:line 107
   at Orchard.Environment.Extensions.Compilers.DefaultExtensionCompiler.GetContents(String virtualPath) in c:\Users\Lyrix\Desktop\Orchard\src\Orchard\Environment\Extensions\Compilers\DefaultExtensionCompiler.cs:line 129
   at Orchard.Environment.Extensions.Compilers.DefaultExtensionCompiler.CreateCompileUnit(String virtualPath) in c:\Users\Lyrix\Desktop\Orchard\src\Orchard\Environment\Extensions\Compilers\DefaultExtensionCompiler.cs:line 117
   at Orchard.Environment.Extensions.Compilers.DefaultExtensionCompiler.Compile(CompileExtensionContext context) in c:\Users\Lyrix\Desktop\Orchard\src\Orchard\Environment\Extensions\Compilers\DefaultExtensionCompiler.cs:line 59
   --- End of inner exception stack trace ---
   at Orchard.Environment.Extensions.Compilers.DefaultExtensionCompiler.Compile(CompileExtensionContext context) in c:\Users\Lyrix\Desktop\Orchard\src\Orchard\Environment\Extensions\Compilers\DefaultExtensionCompiler.cs:line 112
   at Orchard.Environment.Extensions.Compilers.CSharpExtensionBuildProviderShim.GenerateCode(AssemblyBuilder assemblyBuilder) in c:\Users\Lyrix\Desktop\Orchard\src\Orchard\Environment\Extensions\Compilers\CSharpExtensionBuildProviderShim.cs:line 32
   at System.Web.Compilation.AssemblyBuilder.AddBuildProvider(BuildProvider buildProvider)
   at System.Web.Compilation.AssemblyBuilder.AddBuildProvider(BuildProvider buildProvider)
   at System.Web.Compilation.BuildProvidersCompiler.ProcessBuildProviders()
   at System.Web.Compilation.BuildProvidersCompiler.PerformBuild()
   at System.Web.Compilation.BuildManager.CompileWebFile(VirtualPath virtualPath)
   at System.Web.Compilation.BuildManager.GetVPathBuildResultInternal(VirtualPath virtualPath, Boolean noBuild, Boolean allowCrossApp, Boolean allowBuildInPrecompile, Boolean throwIfNotFound, Boolean ensureIsUpToDate)
   at System.Web.Compilation.BuildManager.GetVPathBuildResultWithNoAssert(HttpContext context, VirtualPath virtualPath, Boolean noBuild, Boolean allowCrossApp, Boolean allowBuildInPrecompile, Boolean throwIfNotFound, Boolean ensureIsUpToDate)
   at System.Web.Compilation.BuildManager.GetVPathBuildResult(HttpContext context, VirtualPath virtualPath, Boolean noBuild, Boolean allowCrossApp, Boolean allowBuildInPrecompile, Boolean ensureIsUpToDate)
   at System.Web.Compilation.BuildManager.GetCompiledAssembly(String virtualPath)
   at Orchard.Environment.DefaultBuildManager.GetCompiledAssembly(String virtualPath) in c:\Users\Lyrix\Desktop\Orchard\src\Orchard\Environment\IBuildManager.cs:line 53
2014-02-26 09:47:37,326 [10] Orchard.Environment.DefaultBuildManager - Error when compiling assembly under ~/Themes/OrchardProject.Net/OrchardProject.Net.csproj.
System.Web.HttpParseException (0x80004005): Error compiling module "OrchardProject.Net" from file "/OrchardLocal/Themes/OrchardProject.Net/OrchardProject.Net.csproj":
Could not find file 'C:\Users\Lyrix\Desktop\Orchard\src\Orchard.Web\Themes\OrchardProject.Net\Properties\AssemblyInfo.cs'. ---> Orchard.OrchardCoreException: Error compiling module "OrchardProject.Net" from file "/OrchardLocal/Themes/OrchardProject.Net/OrchardProject.Net.csproj":
Could not find file 'C:\Users\Lyrix\Desktop\Orchard\src\Orchard.Web\Themes\OrchardProject.Net\Properties\AssemblyInfo.cs'. ---> System.IO.FileNotFoundException: Could not find file 'C:\Users\Lyrix\Desktop\Orchard\src\Orchard.Web\Themes\OrchardProject.Net\Properties\AssemblyInfo.cs'.
   at System.IO.__Error.WinIOError(Int32 errorCode, String maybeFullPath)
   at System.IO.FileStream.Init(String path, FileMode mode, FileAccess access, Int32 rights, Boolean useRights, FileShare share, Int32 bufferSize, FileOptions options, SECURITY_ATTRIBUTES secAttrs, String msgPath, Boolean bFromProxy, Boolean useLongPath, Boolean checkHost)
   at System.IO.FileStream..ctor(String path, FileMode mode, FileAccess access, FileShare share)
   at System.Web.Hosting.MapPathBasedVirtualFile.Open()
   at Orchard.FileSystems.VirtualPath.DefaultVirtualPathProvider.OpenFile(String virtualPath) in c:\Users\Lyrix\Desktop\Orchard\src\Orchard\FileSystems\VirtualPath\DefaultVirtualPathProvider.cs:line 107
   at Orchard.Environment.Extensions.Compilers.DefaultExtensionCompiler.GetContents(String virtualPath) in c:\Users\Lyrix\Desktop\Orchard\src\Orchard\Environment\Extensions\Compilers\DefaultExtensionCompiler.cs:line 129
   at Orchard.Environment.Extensions.Compilers.DefaultExtensionCompiler.CreateCompileUnit(String virtualPath) in c:\Users\Lyrix\Desktop\Orchard\src\Orchard\Environment\Extensions\Compilers\DefaultExtensionCompiler.cs:line 117
   at Orchard.Environment.Extensions.Compilers.DefaultExtensionCompiler.Compile(CompileExtensionContext context) in c:\Users\Lyrix\Desktop\Orchard\src\Orchard\Environment\Extensions\Compilers\DefaultExtensionCompiler.cs:line 59
   --- End of inner exception stack trace ---
   at Orchard.Environment.Extensions.Compilers.DefaultExtensionCompiler.Compile(CompileExtensionContext context) in c:\Users\Lyrix\Desktop\Orchard\src\Orchard\Environment\Extensions\Compilers\DefaultExtensionCompiler.cs:line 112
   at Orchard.Environment.Extensions.Compilers.CSharpExtensionBuildProviderShim.GenerateCode(AssemblyBuilder assemblyBuilder) in c:\Users\Lyrix\Desktop\Orchard\src\Orchard\Environment\Extensions\Compilers\CSharpExtensionBuildProviderShim.cs:line 32
   at System.Web.Compilation.AssemblyBuilder.AddBuildProvider(BuildProvider buildProvider)
   at System.Web.Compilation.AssemblyBuilder.AddBuildProvider(BuildProvider buildProvider)
   at System.Web.Compilation.BuildProvidersCompiler.ProcessBuildProviders()
   at System.Web.Compilation.BuildProvidersCompiler.PerformBuild()
   at System.Web.Compilation.BuildManager.CompileWebFile(VirtualPath virtualPath)
   at System.Web.Compilation.BuildManager.GetVPathBuildResultInternal(VirtualPath virtualPath, Boolean noBuild, Boolean allowCrossApp, Boolean allowBuildInPrecompile, Boolean throwIfNotFound, Boolean ensureIsUpToDate)
   at System.Web.Compilation.BuildManager.GetVPathBuildResultWithNoAssert(HttpContext context, VirtualPath virtualPath, Boolean noBuild, Boolean allowCrossApp, Boolean allowBuildInPrecompile, Boolean throwIfNotFound, Boolean ensureIsUpToDate)
   at System.Web.Compilation.BuildManager.GetVPathBuildResult(HttpContext context, VirtualPath virtualPath, Boolean noBuild, Boolean allowCrossApp, Boolean allowBuildInPrecompile, Boolean ensureIsUpToDate)
   at System.Web.Compilation.BuildManager.GetCompiledAssembly(String virtualPath)
   at Orchard.Environment.DefaultBuildManager.GetCompiledAssembly(String virtualPath) in c:\Users\Lyrix\Desktop\Orchard\src\Orchard\Environment\IBuildManager.cs:line 53
2014-02-26 09:47:44,276 [5] Orchard.Environment.DefaultBuildManager - Error when compiling assembly under ~/Themes/OrchardProject.Net/OrchardProject.Net.csproj.
System.Web.HttpParseException (0x80004005): Error compiling module "OrchardProject.Net" from file "/OrchardLocal/Themes/OrchardProject.Net/OrchardProject.Net.csproj":
Could not find file 'C:\Users\Lyrix\Desktop\Orchard\src\Orchard.Web\Themes\OrchardProject.Net\Properties\AssemblyInfo.cs'. ---> Orchard.OrchardCoreException: Error compiling module "OrchardProject.Net" from file "/OrchardLocal/Themes/OrchardProject.Net/OrchardProject.Net.csproj":
Could not find file 'C:\Users\Lyrix\Desktop\Orchard\src\Orchard.Web\Themes\OrchardProject.Net\Properties\AssemblyInfo.cs'. ---> System.IO.FileNotFoundException: Could not find file 'C:\Users\Lyrix\Desktop\Orchard\src\Orchard.Web\Themes\OrchardProject.Net\Properties\AssemblyInfo.cs'.
   at System.IO.__Error.WinIOError(Int32 errorCode, String maybeFullPath)
   at System.IO.FileStream.Init(String path, FileMode mode, FileAccess access, Int32 rights, Boolean useRights, FileShare share, Int32 bufferSize, FileOptions options, SECURITY_ATTRIBUTES secAttrs, String msgPath, Boolean bFromProxy, Boolean useLongPath, Boolean checkHost)
   at System.IO.FileStream..ctor(String path, FileMode mode, FileAccess access, FileShare share)
   at System.Web.Hosting.MapPathBasedVirtualFile.Open()
   at Orchard.FileSystems.VirtualPath.DefaultVirtualPathProvider.OpenFile(String virtualPath) in c:\Users\Lyrix\Desktop\Orchard\src\Orchard\FileSystems\VirtualPath\DefaultVirtualPathProvider.cs:line 107
   at Orchard.Environment.Extensions.Compilers.DefaultExtensionCompiler.GetContents(String virtualPath) in c:\Users\Lyrix\Desktop\Orchard\src\Orchard\Environment\Extensions\Compilers\DefaultExtensionCompiler.cs:line 129
   at Orchard.Environment.Extensions.Compilers.DefaultExtensionCompiler.CreateCompileUnit(String virtualPath) in c:\Users\Lyrix\Desktop\Orchard\src\Orchard\Environment\Extensions\Compilers\DefaultExtensionCompiler.cs:line 117
   at Orchard.Environment.Extensions.Compilers.DefaultExtensionCompiler.Compile(CompileExtensionContext context) in c:\Users\Lyrix\Desktop\Orchard\src\Orchard\Environment\Extensions\Compilers\DefaultExtensionCompiler.cs:line 59
   --- End of inner exception stack trace ---
   at Orchard.Environment.Extensions.Compilers.DefaultExtensionCompiler.Compile(CompileExtensionContext context) in c:\Users\Lyrix\Desktop\Orchard\src\Orchard\Environment\Extensions\Compilers\DefaultExtensionCompiler.cs:line 112
   at Orchard.Environment.Extensions.Compilers.CSharpExtensionBuildProviderShim.GenerateCode(AssemblyBuilder assemblyBuilder) in c:\Users\Lyrix\Desktop\Orchard\src\Orchard\Environment\Extensions\Compilers\CSharpExtensionBuildProviderShim.cs:line 32
   at System.Web.Compilation.AssemblyBuilder.AddBuildProvider(BuildProvider buildProvider)
   at System.Web.Compilation.AssemblyBuilder.AddBuildProvider(BuildProvider buildProvider)
   at System.Web.Compilation.BuildProvidersCompiler.ProcessBuildProviders()
   at System.Web.Compilation.BuildProvidersCompiler.PerformBuild()
   at System.Web.Compilation.BuildManager.CompileWebFile(VirtualPath virtualPath)
   at System.Web.Compilation.BuildManager.GetVPathBuildResultInternal(VirtualPath virtualPath, Boolean noBuild, Boolean allowCrossApp, Boolean allowBuildInPrecompile, Boolean throwIfNotFound, Boolean ensureIsUpToDate)
   at System.Web.Compilation.BuildManager.GetVPathBuildResultWithNoAssert(HttpContext context, VirtualPath virtualPath, Boolean noBuild, Boolean allowCrossApp, Boolean allowBuildInPrecompile, Boolean throwIfNotFound, Boolean ensureIsUpToDate)
   at System.Web.Compilation.BuildManager.GetVPathBuildResult(HttpContext context, VirtualPath virtualPath, Boolean noBuild, Boolean allowCrossApp, Boolean allowBuildInPrecompile, Boolean ensureIsUpToDate)
   at System.Web.Compilation.BuildManager.GetCompiledAssembly(String virtualPath)
   at Orchard.Environment.DefaultBuildManager.GetCompiledAssembly(String virtualPath) in c:\Users\Lyrix\Desktop\Orchard\src\Orchard\Environment\IBuildManager.cs:line 53
2014-02-26 09:47:44,281 [5] Orchard.Environment.DefaultBuildManager - Error when compiling assembly under ~/Themes/OrchardProject.Net/OrchardProject.Net.csproj.
System.Web.HttpParseException (0x80004005): Error compiling module "OrchardProject.Net" from file "/OrchardLocal/Themes/OrchardProject.Net/OrchardProject.Net.csproj":
Could not find file 'C:\Users\Lyrix\Desktop\Orchard\src\Orchard.Web\Themes\OrchardProject.Net\Properties\AssemblyInfo.cs'. ---> Orchard.OrchardCoreException: Error compiling module "OrchardProject.Net" from file "/OrchardLocal/Themes/OrchardProject.Net/OrchardProject.Net.csproj":
Could not find file 'C:\Users\Lyrix\Desktop\Orchard\src\Orchard.Web\Themes\OrchardProject.Net\Properties\AssemblyInfo.cs'. ---> System.IO.FileNotFoundException: Could not find file 'C:\Users\Lyrix\Desktop\Orchard\src\Orchard.Web\Themes\OrchardProject.Net\Properties\AssemblyInfo.cs'.
   at System.IO.__Error.WinIOError(Int32 errorCode, String maybeFullPath)
   at System.IO.FileStream.Init(String path, FileMode mode, FileAccess access, Int32 rights, Boolean useRights, FileShare share, Int32 bufferSize, FileOptions options, SECURITY_ATTRIBUTES secAttrs, String msgPath, Boolean bFromProxy, Boolean useLongPath, Boolean checkHost)
   at System.IO.FileStream..ctor(String path, FileMode mode, FileAccess access, FileShare share)
   at System.Web.Hosting.MapPathBasedVirtualFile.Open()
   at Orchard.FileSystems.VirtualPath.DefaultVirtualPathProvider.OpenFile(String virtualPath) in c:\Users\Lyrix\Desktop\Orchard\src\Orchard\FileSystems\VirtualPath\DefaultVirtualPathProvider.cs:line 107
   at Orchard.Environment.Extensions.Compilers.DefaultExtensionCompiler.GetContents(String virtualPath) in c:\Users\Lyrix\Desktop\Orchard\src\Orchard\Environment\Extensions\Compilers\DefaultExtensionCompiler.cs:line 129
   at Orchard.Environment.Extensions.Compilers.DefaultExtensionCompiler.CreateCompileUnit(String virtualPath) in c:\Users\Lyrix\Desktop\Orchard\src\Orchard\Environment\Extensions\Compilers\DefaultExtensionCompiler.cs:line 117
   at Orchard.Environment.Extensions.Compilers.DefaultExtensionCompiler.Compile(CompileExtensionContext context) in c:\Users\Lyrix\Desktop\Orchard\src\Orchard\Environment\Extensions\Compilers\DefaultExtensionCompiler.cs:line 59
   --- End of inner exception stack trace ---
   at Orchard.Environment.Extensions.Compilers.DefaultExtensionCompiler.Compile(CompileExtensionContext context) in c:\Users\Lyrix\Desktop\Orchard\src\Orchard\Environment\Extensions\Compilers\DefaultExtensionCompiler.cs:line 112
   at Orchard.Environment.Extensions.Compilers.CSharpExtensionBuildProviderShim.GenerateCode(AssemblyBuilder assemblyBuilder) in c:\Users\Lyrix\Desktop\Orchard\src\Orchard\Environment\Extensions\Compilers\CSharpExtensionBuildProviderShim.cs:line 32
   at System.Web.Compilation.AssemblyBuilder.AddBuildProvider(BuildProvider buildProvider)
   at System.Web.Compilation.AssemblyBuilder.AddBuildProvider(BuildProvider buildProvider)
   at System.Web.Compilation.BuildProvidersCompiler.ProcessBuildProviders()
   at System.Web.Compilation.BuildProvidersCompiler.PerformBuild()
   at System.Web.Compilation.BuildManager.CompileWebFile(VirtualPath virtualPath)
   at System.Web.Compilation.BuildManager.GetVPathBuildResultInternal(VirtualPath virtualPath, Boolean noBuild, Boolean allowCrossApp, Boolean allowBuildInPrecompile, Boolean throwIfNotFound, Boolean ensureIsUpToDate)
   at System.Web.Compilation.BuildManager.GetVPathBuildResultWithNoAssert(HttpContext context, VirtualPath virtualPath, Boolean noBuild, Boolean allowCrossApp, Boolean allowBuildInPrecompile, Boolean throwIfNotFound, Boolean ensureIsUpToDate)
   at System.Web.Compilation.BuildManager.GetVPathBuildResult(HttpContext context, VirtualPath virtualPath, Boolean noBuild, Boolean allowCrossApp, Boolean allowBuildInPrecompile, Boolean ensureIsUpToDate)
   at System.Web.Compilation.BuildManager.GetCompiledAssembly(String virtualPath)
   at Orchard.Environment.DefaultBuildManager.GetCompiledAssembly(String virtualPath) in c:\Users\Lyrix\Desktop\Orchard\src\Orchard\Environment\IBuildManager.cs:line 53
2014-02-26 09:47:44,286 [5] Orchard.Environment.DefaultBuildManager - Error when compiling assembly under ~/Themes/OrchardProject.Net/OrchardProject.Net.csproj.
System.Web.HttpParseException (0x80004005): Error compiling module "OrchardProject.Net" from file "/OrchardLocal/Themes/OrchardProject.Net/OrchardProject.Net.csproj":
Could not find file 'C:\Users\Lyrix\Desktop\Orchard\src\Orchard.Web\Themes\OrchardProject.Net\Properties\AssemblyInfo.cs'. ---> Orchard.OrchardCoreException: Error compiling module "OrchardProject.Net" from file "/OrchardLocal/Themes/OrchardProject.Net/OrchardProject.Net.csproj":
Could not find file 'C:\Users\Lyrix\Desktop\Orchard\src\Orchard.Web\Themes\OrchardProject.Net\Properties\AssemblyInfo.cs'. ---> System.IO.FileNotFoundException: Could not find file 'C:\Users\Lyrix\Desktop\Orchard\src\Orchard.Web\Themes\OrchardProject.Net\Properties\AssemblyInfo.cs'.
   at System.IO.__Error.WinIOError(Int32 errorCode, String maybeFullPath)
   at System.IO.FileStream.Init(String path, FileMode mode, FileAccess access, Int32 rights, Boolean useRights, FileShare share, Int32 bufferSize, FileOptions options, SECURITY_ATTRIBUTES secAttrs, String msgPath, Boolean bFromProxy, Boolean useLongPath, Boolean checkHost)
   at System.IO.FileStream..ctor(String path, FileMode mode, FileAccess access, FileShare share)
   at System.Web.Hosting.MapPathBasedVirtualFile.Open()
   at Orchard.FileSystems.VirtualPath.DefaultVirtualPathProvider.OpenFile(String virtualPath) in c:\Users\Lyrix\Desktop\Orchard\src\Orchard\FileSystems\VirtualPath\DefaultVirtualPathProvider.cs:line 107
   at Orchard.Environment.Extensions.Compilers.DefaultExtensionCompiler.GetContents(String virtualPath) in c:\Users\Lyrix\Desktop\Orchard\src\Orchard\Environment\Extensions\Compilers\DefaultExtensionCompiler.cs:line 129
   at Orchard.Environment.Extensions.Compilers.DefaultExtensionCompiler.CreateCompileUnit(String virtualPath) in c:\Users\Lyrix\Desktop\Orchard\src\Orchard\Environment\Extensions\Compilers\DefaultExtensionCompiler.cs:line 117
   at Orchard.Environment.Extensions.Compilers.DefaultExtensionCompiler.Compile(CompileExtensionContext context) in c:\Users\Lyrix\Desktop\Orchard\src\Orchard\Environment\Extensions\Compilers\DefaultExtensionCompiler.cs:line 59
   --- End of inner exception stack trace ---
   at Orchard.Environment.Extensions.Compilers.DefaultExtensionCompiler.Compile(CompileExtensionContext context) in c:\Users\Lyrix\Desktop\Orchard\src\Orchard\Environment\Extensions\Compilers\DefaultExtensionCompiler.cs:line 112
   at Orchard.Environment.Extensions.Compilers.CSharpExtensionBuildProviderShim.GenerateCode(AssemblyBuilder assemblyBuilder) in c:\Users\Lyrix\Desktop\Orchard\src\Orchard\Environment\Extensions\Compilers\CSharpExtensionBuildProviderShim.cs:line 32
   at System.Web.Compilation.AssemblyBuilder.AddBuildProvider(BuildProvider buildProvider)
   at System.Web.Compilation.AssemblyBuilder.AddBuildProvider(BuildProvider buildProvider)
   at System.Web.Compilation.BuildProvidersCompiler.ProcessBuildProviders()
   at System.Web.Compilation.BuildProvidersCompiler.PerformBuild()
   at System.Web.Compilation.BuildManager.CompileWebFile(VirtualPath virtualPath)
   at System.Web.Compilation.BuildManager.GetVPathBuildResultInternal(VirtualPath virtualPath, Boolean noBuild, Boolean allowCrossApp, Boolean allowBuildInPrecompile, Boolean throwIfNotFound, Boolean ensureIsUpToDate)
   at System.Web.Compilation.BuildManager.GetVPathBuildResultWithNoAssert(HttpContext context, VirtualPath virtualPath, Boolean noBuild, Boolean allowCrossApp, Boolean allowBuildInPrecompile, Boolean throwIfNotFound, Boolean ensureIsUpToDate)
   at System.Web.Compilation.BuildManager.GetVPathBuildResult(HttpContext context, VirtualPath virtualPath, Boolean noBuild, Boolean allowCrossApp, Boolean allowBuildInPrecompile, Boolean ensureIsUpToDate)
   at System.Web.Compilation.BuildManager.GetCompiledAssembly(String virtualPath)
   at Orchard.Environment.DefaultBuildManager.GetCompiledAssembly(String virtualPath) in c:\Users\Lyrix\Desktop\Orchard\src\Orchard\Environment\IBuildManager.cs:line 53
2014-02-26 09:47:44,293 [5] Orchard.Environment.DefaultBuildManager - Error when compiling assembly under ~/Themes/OrchardProject.Net/OrchardProject.Net.csproj.
System.Web.HttpParseException (0x80004005): Error compiling module "OrchardProject.Net" from file "/OrchardLocal/Themes/OrchardProject.Net/OrchardProject.Net.csproj":
Could not find file 'C:\Users\Lyrix\Desktop\Orchard\src\Orchard.Web\Themes\OrchardProject.Net\Properties\AssemblyInfo.cs'. ---> Orchard.OrchardCoreException: Error compiling module "OrchardProject.Net" from file "/OrchardLocal/Themes/OrchardProject.Net/OrchardProject.Net.csproj":
Could not find file 'C:\Users\Lyrix\Desktop\Orchard\src\Orchard.Web\Themes\OrchardProject.Net\Properties\AssemblyInfo.cs'. ---> System.IO.FileNotFoundException: Could not find file 'C:\Users\Lyrix\Desktop\Orchard\src\Orchard.Web\Themes\OrchardProject.Net\Properties\AssemblyInfo.cs'.
   at System.IO.__Error.WinIOError(Int32 errorCode, String maybeFullPath)
   at System.IO.FileStream.Init(String path, FileMode mode, FileAccess access, Int32 rights, Boolean useRights, FileShare share, Int32 bufferSize, FileOptions options, SECURITY_ATTRIBUTES secAttrs, String msgPath, Boolean bFromProxy, Boolean useLongPath, Boolean checkHost)
   at System.IO.FileStream..ctor(String path, FileMode mode, FileAccess access, FileShare share)
   at System.Web.Hosting.MapPathBasedVirtualFile.Open()
   at Orchard.FileSystems.VirtualPath.DefaultVirtualPathProvider.OpenFile(String virtualPath) in c:\Users\Lyrix\Desktop\Orchard\src\Orchard\FileSystems\VirtualPath\DefaultVirtualPathProvider.cs:line 107
   at Orchard.Environment.Extensions.Compilers.DefaultExtensionCompiler.GetContents(String virtualPath) in c:\Users\Lyrix\Desktop\Orchard\src\Orchard\Environment\Extensions\Compilers\DefaultExtensionCompiler.cs:line 129
   at Orchard.Environment.Extensions.Compilers.DefaultExtensionCompiler.CreateCompileUnit(String virtualPath) in c:\Users\Lyrix\Desktop\Orchard\src\Orchard\Environment\Extensions\Compilers\DefaultExtensionCompiler.cs:line 117
   at Orchard.Environment.Extensions.Compilers.DefaultExtensionCompiler.Compile(CompileExtensionContext context) in c:\Users\Lyrix\Desktop\Orchard\src\Orchard\Environment\Extensions\Compilers\DefaultExtensionCompiler.cs:line 59
   --- End of inner exception stack trace ---
   at Orchard.Environment.Extensions.Compilers.DefaultExtensionCompiler.Compile(CompileExtensionContext context) in c:\Users\Lyrix\Desktop\Orchard\src\Orchard\Environment\Extensions\Compilers\DefaultExtensionCompiler.cs:line 112
   at Orchard.Environment.Extensions.Compilers.CSharpExtensionBuildProviderShim.GenerateCode(AssemblyBuilder assemblyBuilder) in c:\Users\Lyrix\Desktop\Orchard\src\Orchard\Environment\Extensions\Compilers\CSharpExtensionBuildProviderShim.cs:line 32
   at System.Web.Compilation.AssemblyBuilder.AddBuildProvider(BuildProvider buildProvider)
   at System.Web.Compilation.AssemblyBuilder.AddBuildProvider(BuildProvider buildProvider)
   at System.Web.Compilation.BuildProvidersCompiler.ProcessBuildProviders()
   at System.Web.Compilation.BuildProvidersCompiler.PerformBuild()
   at System.Web.Compilation.BuildManager.CompileWebFile(VirtualPath virtualPath)
   at System.Web.Compilation.BuildManager.GetVPathBuildResultInternal(VirtualPath virtualPath, Boolean noBuild, Boolean allowCrossApp, Boolean allowBuildInPrecompile, Boolean throwIfNotFound, Boolean ensureIsUpToDate)
   at System.Web.Compilation.BuildManager.GetVPathBuildResultWithNoAssert(HttpContext context, VirtualPath virtualPath, Boolean noBuild, Boolean allowCrossApp, Boolean allowBuildInPrecompile, Boolean throwIfNotFound, Boolean ensureIsUpToDate)
   at System.Web.Compilation.BuildManager.GetVPathBuildResult(HttpContext context, VirtualPath virtualPath, Boolean noBuild, Boolean allowCrossApp, Boolean allowBuildInPrecompile, Boolean ensureIsUpToDate)
   at System.Web.Compilation.BuildManager.GetCompiledAssembly(String virtualPath)
   at Orchard.Environment.DefaultBuildManager.GetCompiledAssembly(String virtualPath) in c:\Users\Lyrix\Desktop\Orchard\src\Orchard\Environment\IBuildManager.cs:line 53
2014-02-26 09:47:44,297 [5] Orchard.Environment.DefaultBuildManager - Error when compiling assembly under ~/Themes/OrchardProject.Net/OrchardProject.Net.csproj.
System.Web.HttpParseException (0x80004005): Error compiling module "OrchardProject.Net" from file "/OrchardLocal/Themes/OrchardProject.Net/OrchardProject.Net.csproj":
Could not find file 'C:\Users\Lyrix\Desktop\Orchard\src\Orchard.Web\Themes\OrchardProject.Net\Properties\AssemblyInfo.cs'. ---> Orchard.OrchardCoreException: Error compiling module "OrchardProject.Net" from file "/OrchardLocal/Themes/OrchardProject.Net/OrchardProject.Net.csproj":
Could not find file 'C:\Users\Lyrix\Desktop\Orchard\src\Orchard.Web\Themes\OrchardProject.Net\Properties\AssemblyInfo.cs'. ---> System.IO.FileNotFoundException: Could not find file 'C:\Users\Lyrix\Desktop\Orchard\src\Orchard.Web\Themes\OrchardProject.Net\Properties\AssemblyInfo.cs'.
   at System.IO.__Error.WinIOError(Int32 errorCode, String maybeFullPath)
   at System.IO.FileStream.Init(String path, FileMode mode, FileAccess access, Int32 rights, Boolean useRights, FileShare share, Int32 bufferSize, FileOptions options, SECURITY_ATTRIBUTES secAttrs, String msgPath, Boolean bFromProxy, Boolean useLongPath, Boolean checkHost)
   at System.IO.FileStream..ctor(String path, FileMode mode, FileAccess access, FileShare share)
   at System.Web.Hosting.MapPathBasedVirtualFile.Open()
   at Orchard.FileSystems.VirtualPath.DefaultVirtualPathProvider.OpenFile(String virtualPath) in c:\Users\Lyrix\Desktop\Orchard\src\Orchard\FileSystems\VirtualPath\DefaultVirtualPathProvider.cs:line 107
   at Orchard.Environment.Extensions.Compilers.DefaultExtensionCompiler.GetContents(String virtualPath) in c:\Users\Lyrix\Desktop\Orchard\src\Orchard\Environment\Extensions\Compilers\DefaultExtensionCompiler.cs:line 129
   at Orchard.Environment.Extensions.Compilers.DefaultExtensionCompiler.CreateCompileUnit(String virtualPath) in c:\Users\Lyrix\Desktop\Orchard\src\Orchard\Environment\Extensions\Compilers\DefaultExtensionCompiler.cs:line 117
   at Orchard.Environment.Extensions.Compilers.DefaultExtensionCompiler.Compile(CompileExtensionContext context) in c:\Users\Lyrix\Desktop\Orchard\src\Orchard\Environment\Extensions\Compilers\DefaultExtensionCompiler.cs:line 59
   --- End of inner exception stack trace ---
   at Orchard.Environment.Extensions.Compilers.DefaultExtensionCompiler.Compile(CompileExtensionContext context) in c:\Users\Lyrix\Desktop\Orchard\src\Orchard\Environment\Extensions\Compilers\DefaultExtensionCompiler.cs:line 112
   at Orchard.Environment.Extensions.Compilers.CSharpExtensionBuildProviderShim.GenerateCode(AssemblyBuilder assemblyBuilder) in c:\Users\Lyrix\Desktop\Orchard\src\Orchard\Environment\Extensions\Compilers\CSharpExtensionBuildProviderShim.cs:line 32
   at System.Web.Compilation.AssemblyBuilder.AddBuildProvider(BuildProvider buildProvider)
   at System.Web.Compilation.AssemblyBuilder.AddBuildProvider(BuildProvider buildProvider)
   at System.Web.Compilation.BuildProvidersCompiler.ProcessBuildProviders()
   at System.Web.Compilation.BuildProvidersCompiler.PerformBuild()
   at System.Web.Compilation.BuildManager.CompileWebFile(VirtualPath virtualPath)
   at System.Web.Compilation.BuildManager.GetVPathBuildResultInternal(VirtualPath virtualPath, Boolean noBuild, Boolean allowCrossApp, Boolean allowBuildInPrecompile, Boolean throwIfNotFound, Boolean ensureIsUpToDate)
   at System.Web.Compilation.BuildManager.GetVPathBuildResultWithNoAssert(HttpContext context, VirtualPath virtualPath, Boolean noBuild, Boolean allowCrossApp, Boolean allowBuildInPrecompile, Boolean throwIfNotFound, Boolean ensureIsUpToDate)
   at System.Web.Compilation.BuildManager.GetVPathBuildResult(HttpContext context, VirtualPath virtualPath, Boolean noBuild, Boolean allowCrossApp, Boolean allowBuildInPrecompile, Boolean ensureIsUpToDate)
   at System.Web.Compilation.BuildManager.GetCompiledAssembly(String virtualPath)
   at Orchard.Environment.DefaultBuildManager.GetCompiledAssembly(String virtualPath) in c:\Users\Lyrix\Desktop\Orchard\src\Orchard\Environment\IBuildManager.cs:line 53
2014-02-26 09:47:44,302 [5] Orchard.Environment.DefaultBuildManager - Error when compiling assembly under ~/Themes/OrchardProject.Net/OrchardProject.Net.csproj.
System.Web.HttpParseException (0x80004005): Error compiling module "OrchardProject.Net" from file "/OrchardLocal/Themes/OrchardProject.Net/OrchardProject.Net.csproj":
Could not find file 'C:\Users\Lyrix\Desktop\Orchard\src\Orchard.Web\Themes\OrchardProject.Net\Properties\AssemblyInfo.cs'. ---> Orchard.OrchardCoreException: Error compiling module "OrchardProject.Net" from file "/OrchardLocal/Themes/OrchardProject.Net/OrchardProject.Net.csproj":
Could not find file 'C:\Users\Lyrix\Desktop\Orchard\src\Orchard.Web\Themes\OrchardProject.Net\Properties\AssemblyInfo.cs'. ---> System.IO.FileNotFoundException: Could not find file 'C:\Users\Lyrix\Desktop\Orchard\src\Orchard.Web\Themes\OrchardProject.Net\Properties\AssemblyInfo.cs'.
   at System.IO.__Error.WinIOError(Int32 errorCode, String maybeFullPath)
   at System.IO.FileStream.Init(String path, FileMode mode, FileAccess access, Int32 rights, Boolean useRights, FileShare share, Int32 bufferSize, FileOptions options, SECURITY_ATTRIBUTES secAttrs, String msgPath, Boolean bFromProxy, Boolean useLongPath, Boolean checkHost)
   at System.IO.FileStream..ctor(String path, FileMode mode, FileAccess access, FileShare share)
   at System.Web.Hosting.MapPathBasedVirtualFile.Open()
   at Orchard.FileSystems.VirtualPath.DefaultVirtualPathProvider.OpenFile(String virtualPath) in c:\Users\Lyrix\Desktop\Orchard\src\Orchard\FileSystems\VirtualPath\DefaultVirtualPathProvider.cs:line 107
   at Orchard.Environment.Extensions.Compilers.DefaultExtensionCompiler.GetContents(String virtualPath) in c:\Users\Lyrix\Desktop\Orchard\src\Orchard\Environment\Extensions\Compilers\DefaultExtensionCompiler.cs:line 129
   at Orchard.Environment.Extensions.Compilers.DefaultExtensionCompiler.CreateCompileUnit(String virtualPath) in c:\Users\Lyrix\Desktop\Orchard\src\Orchard\Environment\Extensions\Compilers\DefaultExtensionCompiler.cs:line 117
   at Orchard.Environment.Extensions.Compilers.DefaultExtensionCompiler.Compile(CompileExtensionContext context) in c:\Users\Lyrix\Desktop\Orchard\src\Orchard\Environment\Extensions\Compilers\DefaultExtensionCompiler.cs:line 59
   --- End of inner exception stack trace ---
   at Orchard.Environment.Extensions.Compilers.DefaultExtensionCompiler.Compile(CompileExtensionContext context) in c:\Users\Lyrix\Desktop\Orchard\src\Orchard\Environment\Extensions\Compilers\DefaultExtensionCompiler.cs:line 112
   at Orchard.Environment.Extensions.Compilers.CSharpExtensionBuildProviderShim.GenerateCode(AssemblyBuilder assemblyBuilder) in c:\Users\Lyrix\Desktop\Orchard\src\Orchard\Environment\Extensions\Compilers\CSharpExtensionBuildProviderShim.cs:line 32
   at System.Web.Compilation.AssemblyBuilder.AddBuildProvider(BuildProvider buildProvider)
   at System.Web.Compilation.AssemblyBuilder.AddBuildProvider(BuildProvider buildProvider)
   at System.Web.Compilation.BuildProvidersCompiler.ProcessBuildProviders()
   at System.Web.Compilation.BuildProvidersCompiler.PerformBuild()
   at System.Web.Compilation.BuildManager.CompileWebFile(VirtualPath virtualPath)
   at System.Web.Compilation.BuildManager.GetVPathBuildResultInternal(VirtualPath virtualPath, Boolean noBuild, Boolean allowCrossApp, Boolean allowBuildInPrecompile, Boolean throwIfNotFound, Boolean ensureIsUpToDate)
   at System.Web.Compilation.BuildManager.GetVPathBuildResultWithNoAssert(HttpContext context, VirtualPath virtualPath, Boolean noBuild, Boolean allowCrossApp, Boolean allowBuildInPrecompile, Boolean throwIfNotFound, Boolean ensureIsUpToDate)
   at System.Web.Compilation.BuildManager.GetVPathBuildResult(HttpContext context, VirtualPath virtualPath, Boolean noBuild, Boolean allowCrossApp, Boolean allowBuildInPrecompile, Boolean ensureIsUpToDate)
   at System.Web.Compilation.BuildManager.GetCompiledAssembly(String virtualPath)
   at Orchard.Environment.DefaultBuildManager.GetCompiledAssembly(String virtualPath) in c:\Users\Lyrix\Desktop\Orchard\src\Orchard\Environment\IBuildManager.cs:line 53
2014-02-26 09:47:44,317 [5] Orchard.Environment.DefaultBuildManager - Error when compiling assembly under ~/Themes/OrchardProject.Net/OrchardProject.Net.csproj.
System.Web.HttpParseException (0x80004005): Error compiling module "OrchardProject.Net" from file "/OrchardLocal/Themes/OrchardProject.Net/OrchardProject.Net.csproj":
Could not find file 'C:\Users\Lyrix\Desktop\Orchard\src\Orchard.Web\Themes\OrchardProject.Net\Properties\AssemblyInfo.cs'. ---> Orchard.OrchardCoreException: Error compiling module "OrchardProject.Net" from file "/OrchardLocal/Themes/OrchardProject.Net/OrchardProject.Net.csproj":
Could not find file 'C:\Users\Lyrix\Desktop\Orchard\src\Orchard.Web\Themes\OrchardProject.Net\Properties\AssemblyInfo.cs'. ---> System.IO.FileNotFoundException: Could not find file 'C:\Users\Lyrix\Desktop\Orchard\src\Orchard.Web\Themes\OrchardProject.Net\Properties\AssemblyInfo.cs'.
   at System.IO.__Error.WinIOError(Int32 errorCode, String maybeFullPath)
   at System.IO.FileStream.Init(String path, FileMode mode, FileAccess access, Int32 rights, Boolean useRights, FileShare share, Int32 bufferSize, FileOptions options, SECURITY_ATTRIBUTES secAttrs, String msgPath, Boolean bFromProxy, Boolean useLongPath, Boolean checkHost)
   at System.IO.FileStream..ctor(String path, FileMode mode, FileAccess access, FileShare share)
   at System.Web.Hosting.MapPathBasedVirtualFile.Open()
   at Orchard.FileSystems.VirtualPath.DefaultVirtualPathProvider.OpenFile(String virtualPath) in c:\Users\Lyrix\Desktop\Orchard\src\Orchard\FileSystems\VirtualPath\DefaultVirtualPathProvider.cs:line 107
   at Orchard.Environment.Extensions.Compilers.DefaultExtensionCompiler.GetContents(String virtualPath) in c:\Users\Lyrix\Desktop\Orchard\src\Orchard\Environment\Extensions\Compilers\DefaultExtensionCompiler.cs:line 129
   at Orchard.Environment.Extensions.Compilers.DefaultExtensionCompiler.CreateCompileUnit(String virtualPath) in c:\Users\Lyrix\Desktop\Orchard\src\Orchard\Environment\Extensions\Compilers\DefaultExtensionCompiler.cs:line 117
   at Orchard.Environment.Extensions.Compilers.DefaultExtensionCompiler.Compile(CompileExtensionContext context) in c:\Users\Lyrix\Desktop\Orchard\src\Orchard\Environment\Extensions\Compilers\DefaultExtensionCompiler.cs:line 59
   --- End of inner exception stack trace ---
   at Orchard.Environment.Extensions.Compilers.DefaultExtensionCompiler.Compile(CompileExtensionContext context) in c:\Users\Lyrix\Desktop\Orchard\src\Orchard\Environment\Extensions\Compilers\DefaultExtensionCompiler.cs:line 112
   at Orchard.Environment.Extensions.Compilers.CSharpExtensionBuildProviderShim.GenerateCode(AssemblyBuilder assemblyBuilder) in c:\Users\Lyrix\Desktop\Orchard\src\Orchard\Environment\Extensions\Compilers\CSharpExtensionBuildProviderShim.cs:line 32
   at System.Web.Compilation.AssemblyBuilder.AddBuildProvider(BuildProvider buildProvider)
   at System.Web.Compilation.AssemblyBuilder.AddBuildProvider(BuildProvider buildProvider)
   at System.Web.Compilation.BuildProvidersCompiler.ProcessBuildProviders()
   at System.Web.Compilation.BuildProvidersCompiler.PerformBuild()
   at System.Web.Compilation.BuildManager.CompileWebFile(VirtualPath virtualPath)
   at System.Web.Compilation.BuildManager.GetVPathBuildResultInternal(VirtualPath virtualPath, Boolean noBuild, Boolean allowCrossApp, Boolean allowBuildInPrecompile, Boolean throwIfNotFound, Boolean ensureIsUpToDate)
   at System.Web.Compilation.BuildManager.GetVPathBuildResultWithNoAssert(HttpContext context, VirtualPath virtualPath, Boolean noBuild, Boolean allowCrossApp, Boolean allowBuildInPrecompile, Boolean throwIfNotFound, Boolean ensureIsUpToDate)
   at System.Web.Compilation.BuildManager.GetVPathBuildResult(HttpContext context, VirtualPath virtualPath, Boolean noBuild, Boolean allowCrossApp, Boolean allowBuildInPrecompile, Boolean ensureIsUpToDate)
   at System.Web.Compilation.BuildManager.GetCompiledAssembly(String virtualPath)
   at Orchard.Environment.DefaultBuildManager.GetCompiledAssembly(String virtualPath) in c:\Users\Lyrix\Desktop\Orchard\src\Orchard\Environment\IBuildManager.cs:line 53
2014-02-26 09:47:44,323 [5] Orchard.Environment.DefaultBuildManager - Error when compiling assembly under ~/Themes/OrchardProject.Net/OrchardProject.Net.csproj.
System.Web.HttpParseException (0x80004005): Error compiling module "OrchardProject.Net" from file "/OrchardLocal/Themes/OrchardProject.Net/OrchardProject.Net.csproj":
Could not find file 'C:\Users\Lyrix\Desktop\Orchard\src\Orchard.Web\Themes\OrchardProject.Net\Properties\AssemblyInfo.cs'. ---> Orchard.OrchardCoreException: Error compiling module "OrchardProject.Net" from file "/OrchardLocal/Themes/OrchardProject.Net/OrchardProject.Net.csproj":
Could not find file 'C:\Users\Lyrix\Desktop\Orchard\src\Orchard.Web\Themes\OrchardProject.Net\Properties\AssemblyInfo.cs'. ---> System.IO.FileNotFoundException: Could not find file 'C:\Users\Lyrix\Desktop\Orchard\src\Orchard.Web\Themes\OrchardProject.Net\Properties\AssemblyInfo.cs'.
   at System.IO.__Error.WinIOError(Int32 errorCode, String maybeFullPath)
   at System.IO.FileStream.Init(String path, FileMode mode, FileAccess access, Int32 rights, Boolean useRights, FileShare share, Int32 bufferSize, FileOptions options, SECURITY_ATTRIBUTES secAttrs, String msgPath, Boolean bFromProxy, Boolean useLongPath, Boolean checkHost)
   at System.IO.FileStream..ctor(String path, FileMode mode, FileAccess access, FileShare share)
   at System.Web.Hosting.MapPathBasedVirtualFile.Open()
   at Orchard.FileSystems.VirtualPath.DefaultVirtualPathProvider.OpenFile(String virtualPath) in c:\Users\Lyrix\Desktop\Orchard\src\Orchard\FileSystems\VirtualPath\DefaultVirtualPathProvider.cs:line 107
   at Orchard.Environment.Extensions.Compilers.DefaultExtensionCompiler.GetContents(String virtualPath) in c:\Users\Lyrix\Desktop\Orchard\src\Orchard\Environment\Extensions\Compilers\DefaultExtensionCompiler.cs:line 129
   at Orchard.Environment.Extensions.Compilers.DefaultExtensionCompiler.CreateCompileUnit(String virtualPath) in c:\Users\Lyrix\Desktop\Orchard\src\Orchard\Environment\Extensions\Compilers\DefaultExtensionCompiler.cs:line 117
   at Orchard.Environment.Extensions.Compilers.DefaultExtensionCompiler.Compile(CompileExtensionContext context) in c:\Users\Lyrix\Desktop\Orchard\src\Orchard\Environment\Extensions\Compilers\DefaultExtensionCompiler.cs:line 59
   --- End of inner exception stack trace ---
   at Orchard.Environment.Extensions.Compilers.DefaultExtensionCompiler.Compile(CompileExtensionContext context) in c:\Users\Lyrix\Desktop\Orchard\src\Orchard\Environment\Extensions\Compilers\DefaultExtensionCompiler.cs:line 112
   at Orchard.Environment.Extensions.Compilers.CSharpExtensionBuildProviderShim.GenerateCode(AssemblyBuilder assemblyBuilder) in c:\Users\Lyrix\Desktop\Orchard\src\Orchard\Environment\Extensions\Compilers\CSharpExtensionBuildProviderShim.cs:line 32
   at System.Web.Compilation.AssemblyBuilder.AddBuildProvider(BuildProvider buildProvider)
   at System.Web.Compilation.AssemblyBuilder.AddBuildProvider(BuildProvider buildProvider)
   at System.Web.Compilation.BuildProvidersCompiler.ProcessBuildProviders()
   at System.Web.Compilation.BuildProvidersCompiler.PerformBuild()
   at System.Web.Compilation.BuildManager.CompileWebFile(VirtualPath virtualPath)
   at System.Web.Compilation.BuildManager.GetVPathBuildResultInternal(VirtualPath virtualPath, Boolean noBuild, Boolean allowCrossApp, Boolean allowBuildInPrecompile, Boolean throwIfNotFound, Boolean ensureIsUpToDate)
   at System.Web.Compilation.BuildManager.GetVPathBuildResultWithNoAssert(HttpContext context, VirtualPath virtualPath, Boolean noBuild, Boolean allowCrossApp, Boolean allowBuildInPrecompile, Boolean throwIfNotFound, Boolean ensureIsUpToDate)
   at System.Web.Compilation.BuildManager.GetVPathBuildResult(HttpContext context, VirtualPath virtualPath, Boolean noBuild, Boolean allowCrossApp, Boolean allowBuildInPrecompile, Boolean ensureIsUpToDate)
   at System.Web.Compilation.BuildManager.GetCompiledAssembly(String virtualPath)
   at Orchard.Environment.DefaultBuildManager.GetCompiledAssembly(String virtualPath) in c:\Users\Lyrix\Desktop\Orchard\src\Orchard\Environment\IBuildManager.cs:line 53
2014-02-26 09:47:44,327 [5] Orchard.Environment.DefaultBuildManager - Error when compiling assembly under ~/Themes/OrchardProject.Net/OrchardProject.Net.csproj.
System.Web.HttpParseException (0x80004005): Error compiling module "OrchardProject.Net" from file "/OrchardLocal/Themes/OrchardProject.Net/OrchardProject.Net.csproj":
Could not find file 'C:\Users\Lyrix\Desktop\Orchard\src\Orchard.Web\Themes\OrchardProject.Net\Properties\AssemblyInfo.cs'. ---> Orchard.OrchardCoreException: Error compiling module "OrchardProject.Net" from file "/OrchardLocal/Themes/OrchardProject.Net/OrchardProject.Net.csproj":
Could not find file 'C:\Users\Lyrix\Desktop\Orchard\src\Orchard.Web\Themes\OrchardProject.Net\Properties\AssemblyInfo.cs'. ---> System.IO.FileNotFoundException: Could not find file 'C:\Users\Lyrix\Desktop\Orchard\src\Orchard.Web\Themes\OrchardProject.Net\Properties\AssemblyInfo.cs'.
   at System.IO.__Error.WinIOError(Int32 errorCode, String maybeFullPath)
   at System.IO.FileStream.Init(String path, FileMode mode, FileAccess access, Int32 rights, Boolean useRights, FileShare share, Int32 bufferSize, FileOptions options, SECURITY_ATTRIBUTES secAttrs, String msgPath, Boolean bFromProxy, Boolean useLongPath, Boolean checkHost)
   at System.IO.FileStream..ctor(String path, FileMode mode, FileAccess access, FileShare share)
   at System.Web.Hosting.MapPathBasedVirtualFile.Open()
   at Orchard.FileSystems.VirtualPath.DefaultVirtualPathProvider.OpenFile(String virtualPath) in c:\Users\Lyrix\Desktop\Orchard\src\Orchard\FileSystems\VirtualPath\DefaultVirtualPathProvider.cs:line 107
   at Orchard.Environment.Extensions.Compilers.DefaultExtensionCompiler.GetContents(String virtualPath) in c:\Users\Lyrix\Desktop\Orchard\src\Orchard\Environment\Extensions\Compilers\DefaultExtensionCompiler.cs:line 129
   at Orchard.Environment.Extensions.Compilers.DefaultExtensionCompiler.CreateCompileUnit(String virtualPath) in c:\Users\Lyrix\Desktop\Orchard\src\Orchard\Environment\Extensions\Compilers\DefaultExtensionCompiler.cs:line 117
   at Orchard.Environment.Extensions.Compilers.DefaultExtensionCompiler.Compile(CompileExtensionContext context) in c:\Users\Lyrix\Desktop\Orchard\src\Orchard\Environment\Extensions\Compilers\DefaultExtensionCompiler.cs:line 59
   --- End of inner exception stack trace ---
   at Orchard.Environment.Extensions.Compilers.DefaultExtensionCompiler.Compile(CompileExtensionContext context) in c:\Users\Lyrix\Desktop\Orchard\src\Orchard\Environment\Extensions\Compilers\DefaultExtensionCompiler.cs:line 112
   at Orchard.Environment.Extensions.Compilers.CSharpExtensionBuildProviderShim.GenerateCode(AssemblyBuilder assemblyBuilder) in c:\Users\Lyrix\Desktop\Orchard\src\Orchard\Environment\Extensions\Compilers\CSharpExtensionBuildProviderShim.cs:line 32
   at System.Web.Compilation.AssemblyBuilder.AddBuildProvider(BuildProvider buildProvider)
   at System.Web.Compilation.AssemblyBuilder.AddBuildProvider(BuildProvider buildProvider)
   at System.Web.Compilation.BuildProvidersCompiler.ProcessBuildProviders()
   at System.Web.Compilation.BuildProvidersCompiler.PerformBuild()
   at System.Web.Compilation.BuildManager.CompileWebFile(VirtualPath virtualPath)
   at System.Web.Compilation.BuildManager.GetVPathBuildResultInternal(VirtualPath virtualPath, Boolean noBuild, Boolean allowCrossApp, Boolean allowBuildInPrecompile, Boolean throwIfNotFound, Boolean ensureIsUpToDate)
   at System.Web.Compilation.BuildManager.GetVPathBuildResultWithNoAssert(HttpContext context, VirtualPath virtualPath, Boolean noBuild, Boolean allowCrossApp, Boolean allowBuildInPrecompile, Boolean throwIfNotFound, Boolean ensureIsUpToDate)
   at System.Web.Compilation.BuildManager.GetVPathBuildResult(HttpContext context, VirtualPath virtualPath, Boolean noBuild, Boolean allowCrossApp, Boolean allowBuildInPrecompile, Boolean ensureIsUpToDate)
   at System.Web.Compilation.BuildManager.GetCompiledAssembly(String virtualPath)
   at Orchard.Environment.DefaultBuildManager.GetCompiledAssembly(String virtualPath) in c:\Users\Lyrix\Desktop\Orchard\src\Orchard\Environment\IBuildManager.cs:line 53
2014-02-26 10:13:05,554 [13] Orchard.ContentManagement.Drivers.Coordinators.ContentFieldDriverCoordinator - ArgumentNullException thrown from IContentFieldDriver by Orchard.Taxonomies.Drivers.TaxonomyFieldDriver
System.ArgumentNullException: Value cannot be null.
Parameter name: name
   at Orchard.Taxonomies.Services.TaxonomyService.GetTaxonomyByName(String name)
   at Orchard.Taxonomies.Drivers.TaxonomyFieldDriver.<>c__DisplayClass10.<Editor>b__8()
   at Orchard.ContentManagement.Drivers.ContentFieldDriver`1.<>c__DisplayClass39.<ContentShape>b__38(BuildShapeContext ctx) in c:\Users\Lyrix\Desktop\Orchard\src\Orchard\ContentManagement\Drivers\ContentFieldDriver.cs:line 123
   at Orchard.ContentManagement.Drivers.ContentFieldDriver`1.<>c__DisplayClass42.<ContentShapeImplementation>b__41(BuildShapeContext ctx) in c:\Users\Lyrix\Desktop\Orchard\src\Orchard\ContentManagement\Drivers\ContentFieldDriver.cs:line 135
   at Orchard.ContentManagement.Drivers.ContentShapeResult.ApplyImplementation(BuildShapeContext context, String displayType) in c:\Users\Lyrix\Desktop\Orchard\src\Orchard\ContentManagement\Drivers\ContentShapeResult.cs:line 36
   at Orchard.ContentManagement.Drivers.ContentShapeResult.Apply(BuildEditorContext context) in c:\Users\Lyrix\Desktop\Orchard\src\Orchard\ContentManagement\Drivers\ContentShapeResult.cs:line 25
   at Orchard.ContentManagement.Drivers.CombinedResult.Apply(BuildEditorContext context) in c:\Users\Lyrix\Desktop\Orchard\src\Orchard\ContentManagement\Drivers\CombinedResult.cs:line 47
   at Orchard.ContentManagement.Drivers.Coordinators.ContentFieldDriverCoordinator.<>c__DisplayClassc.<BuildEditor>b__b(IContentFieldDriver driver) in c:\Users\Lyrix\Desktop\Orchard\src\Orchard\ContentManagement\Drivers\Coordinators\ContentFieldDriverCoordinator.cs:line 67
   at Orchard.InvokeExtensions.Invoke[TEvents](IEnumerable`1 events, Action`1 dispatch, ILogger logger) in c:\Users\Lyrix\Desktop\Orchard\src\Orchard\InvokeExtensions.cs:line 17
2014-02-26 10:15:29,430 [20] Orchard.ContentManagement.Drivers.Coordinators.ContentFieldDriverCoordinator - ArgumentNullException thrown from IContentFieldDriver by Orchard.Taxonomies.Drivers.TaxonomyFieldDriver
System.ArgumentNullException: Value cannot be null.
Parameter name: name
   at Orchard.Taxonomies.Services.TaxonomyService.GetTaxonomyByName(String name)
   at Orchard.Taxonomies.Drivers.TaxonomyFieldDriver.<>c__DisplayClass10.<Editor>b__8()
   at Orchard.ContentManagement.Drivers.ContentFieldDriver`1.<>c__DisplayClass39.<ContentShape>b__38(BuildShapeContext ctx) in c:\Users\Lyrix\Desktop\Orchard\src\Orchard\ContentManagement\Drivers\ContentFieldDriver.cs:line 123
   at Orchard.ContentManagement.Drivers.ContentFieldDriver`1.<>c__DisplayClass42.<ContentShapeImplementation>b__41(BuildShapeContext ctx) in c:\Users\Lyrix\Desktop\Orchard\src\Orchard\ContentManagement\Drivers\ContentFieldDriver.cs:line 135
   at Orchard.ContentManagement.Drivers.ContentShapeResult.ApplyImplementation(BuildShapeContext context, String displayType) in c:\Users\Lyrix\Desktop\Orchard\src\Orchard\ContentManagement\Drivers\ContentShapeResult.cs:line 36
   at Orchard.ContentManagement.Drivers.ContentShapeResult.Apply(BuildEditorContext context) in c:\Users\Lyrix\Desktop\Orchard\src\Orchard\ContentManagement\Drivers\ContentShapeResult.cs:line 25
   at Orchard.ContentManagement.Drivers.CombinedResult.Apply(BuildEditorContext context) in c:\Users\Lyrix\Desktop\Orchard\src\Orchard\ContentManagement\Drivers\CombinedResult.cs:line 47
   at Orchard.ContentManagement.Drivers.Coordinators.ContentFieldDriverCoordinator.<>c__DisplayClassf.<UpdateEditor>b__e(IContentFieldDriver driver) in c:\Users\Lyrix\Desktop\Orchard\src\Orchard\ContentManagement\Drivers\Coordinators\ContentFieldDriverCoordinator.cs:line 76
   at Orchard.InvokeExtensions.Invoke[TEvents](IEnumerable`1 events, Action`1 dispatch, ILogger logger) in c:\Users\Lyrix\Desktop\Orchard\src\Orchard\InvokeExtensions.cs:line 17
2014-02-26 10:15:29,504 [10] Orchard.ContentManagement.Drivers.Coordinators.ContentFieldDriverCoordinator - ArgumentNullException thrown from IContentFieldDriver by Orchard.Taxonomies.Drivers.TaxonomyFieldDriver
System.ArgumentNullException: Value cannot be null.
Parameter name: name
   at Orchard.Taxonomies.Services.TaxonomyService.GetTaxonomyByName(String name)
   at Orchard.Taxonomies.Drivers.TaxonomyFieldDriver.<>c__DisplayClass10.<Editor>b__8()
   at Orchard.ContentManagement.Drivers.ContentFieldDriver`1.<>c__DisplayClass39.<ContentShape>b__38(BuildShapeContext ctx) in c:\Users\Lyrix\Desktop\Orchard\src\Orchard\ContentManagement\Drivers\ContentFieldDriver.cs:line 123
   at Orchard.ContentManagement.Drivers.ContentFieldDriver`1.<>c__DisplayClass42.<ContentShapeImplementation>b__41(BuildShapeContext ctx) in c:\Users\Lyrix\Desktop\Orchard\src\Orchard\ContentManagement\Drivers\ContentFieldDriver.cs:line 135
   at Orchard.ContentManagement.Drivers.ContentShapeResult.ApplyImplementation(BuildShapeContext context, String displayType) in c:\Users\Lyrix\Desktop\Orchard\src\Orchard\ContentManagement\Drivers\ContentShapeResult.cs:line 36
   at Orchard.ContentManagement.Drivers.ContentShapeResult.Apply(BuildEditorContext context) in c:\Users\Lyrix\Desktop\Orchard\src\Orchard\ContentManagement\Drivers\ContentShapeResult.cs:line 25
   at Orchard.ContentManagement.Drivers.CombinedResult.Apply(BuildEditorContext context) in c:\Users\Lyrix\Desktop\Orchard\src\Orchard\ContentManagement\Drivers\CombinedResult.cs:line 47
   at Orchard.ContentManagement.Drivers.Coordinators.ContentFieldDriverCoordinator.<>c__DisplayClassc.<BuildEditor>b__b(IContentFieldDriver driver) in c:\Users\Lyrix\Desktop\Orchard\src\Orchard\ContentManagement\Drivers\Coordinators\ContentFieldDriverCoordinator.cs:line 67
   at Orchard.InvokeExtensions.Invoke[TEvents](IEnumerable`1 events, Action`1 dispatch, ILogger logger) in c:\Users\Lyrix\Desktop\Orchard\src\Orchard\InvokeExtensions.cs:line 17
2014-02-26 10:15:36,859 [13] Orchard.ContentManagement.Drivers.Coordinators.ContentFieldDriverCoordinator - ArgumentNullException thrown from IContentFieldDriver by Orchard.Taxonomies.Drivers.TaxonomyFieldDriver
System.ArgumentNullException: Value cannot be null.
Parameter name: name
   at Orchard.Taxonomies.Services.TaxonomyService.GetTaxonomyByName(String name)
   at Orchard.Taxonomies.Drivers.TaxonomyFieldDriver.<>c__DisplayClass3.<Display>b__2()
   at Orchard.ContentManagement.Drivers.ContentFieldDriver`1.<>c__DisplayClass39.<ContentShape>b__38(BuildShapeContext ctx) in c:\Users\Lyrix\Desktop\Orchard\src\Orchard\ContentManagement\Drivers\ContentFieldDriver.cs:line 123
   at Orchard.ContentManagement.Drivers.ContentFieldDriver`1.<>c__DisplayClass42.<ContentShapeImplementation>b__41(BuildShapeContext ctx) in c:\Users\Lyrix\Desktop\Orchard\src\Orchard\ContentManagement\Drivers\ContentFieldDriver.cs:line 135
   at Orchard.ContentManagement.Drivers.ContentShapeResult.ApplyImplementation(BuildShapeContext context, String displayType) in c:\Users\Lyrix\Desktop\Orchard\src\Orchard\ContentManagement\Drivers\ContentShapeResult.cs:line 36
   at Orchard.ContentManagement.Drivers.ContentShapeResult.Apply(BuildDisplayContext context) in c:\Users\Lyrix\Desktop\Orchard\src\Orchard\ContentManagement\Drivers\ContentShapeResult.cs:line 21
   at Orchard.ContentManagement.Drivers.CombinedResult.Apply(BuildDisplayContext context) in c:\Users\Lyrix\Desktop\Orchard\src\Orchard\ContentManagement\Drivers\CombinedResult.cs:line 28
   at Orchard.ContentManagement.Drivers.Coordinators.ContentFieldDriverCoordinator.<>c__DisplayClass9.<BuildDisplay>b__8(IContentFieldDriver driver) in c:\Users\Lyrix\Desktop\Orchard\src\Orchard\ContentManagement\Drivers\Coordinators\ContentFieldDriverCoordinator.cs:line 58
   at Orchard.InvokeExtensions.Invoke[TEvents](IEnumerable`1 events, Action`1 dispatch, ILogger logger) in c:\Users\Lyrix\Desktop\Orchard\src\Orchard\InvokeExtensions.cs:line 17
2014-02-26 10:15:52,746 [20] Orchard.ContentManagement.Drivers.Coordinators.ContentFieldDriverCoordinator - ArgumentNullException thrown from IContentFieldDriver by Orchard.Taxonomies.Drivers.TaxonomyFieldDriver
System.ArgumentNullException: Value cannot be null.
Parameter name: name
   at Orchard.Taxonomies.Services.TaxonomyService.GetTaxonomyByName(String name)
   at Orchard.Taxonomies.Drivers.TaxonomyFieldDriver.<>c__DisplayClass3.<Display>b__2()
   at Orchard.ContentManagement.Drivers.ContentFieldDriver`1.<>c__DisplayClass39.<ContentShape>b__38(BuildShapeContext ctx) in c:\Users\Lyrix\Desktop\Orchard\src\Orchard\ContentManagement\Drivers\ContentFieldDriver.cs:line 123
   at Orchard.ContentManagement.Drivers.ContentFieldDriver`1.<>c__DisplayClass42.<ContentShapeImplementation>b__41(BuildShapeContext ctx) in c:\Users\Lyrix\Desktop\Orchard\src\Orchard\ContentManagement\Drivers\ContentFieldDriver.cs:line 135
   at Orchard.ContentManagement.Drivers.ContentShapeResult.ApplyImplementation(BuildShapeContext context, String displayType) in c:\Users\Lyrix\Desktop\Orchard\src\Orchard\ContentManagement\Drivers\ContentShapeResult.cs:line 36
   at Orchard.ContentManagement.Drivers.ContentShapeResult.Apply(BuildDisplayContext context) in c:\Users\Lyrix\Desktop\Orchard\src\Orchard\ContentManagement\Drivers\ContentShapeResult.cs:line 21
   at Orchard.ContentManagement.Drivers.CombinedResult.Apply(BuildDisplayContext context) in c:\Users\Lyrix\Desktop\Orchard\src\Orchard\ContentManagement\Drivers\CombinedResult.cs:line 28
   at Orchard.ContentManagement.Drivers.Coordinators.ContentFieldDriverCoordinator.<>c__DisplayClass9.<BuildDisplay>b__8(IContentFieldDriver driver) in c:\Users\Lyrix\Desktop\Orchard\src\Orchard\ContentManagement\Drivers\Coordinators\ContentFieldDriverCoordinator.cs:line 58
   at Orchard.InvokeExtensions.Invoke[TEvents](IEnumerable`1 events, Action`1 dispatch, ILogger logger) in c:\Users\Lyrix\Desktop\Orchard\src\Orchard\InvokeExtensions.cs:line 17
2014-02-26 10:15:54,428 [27] Orchard.ContentManagement.Drivers.Coordinators.ContentFieldDriverCoordinator - ArgumentNullException thrown from IContentFieldDriver by Orchard.Taxonomies.Drivers.TaxonomyFieldDriver
System.ArgumentNullException: Value cannot be null.
Parameter name: name
   at Orchard.Taxonomies.Services.TaxonomyService.GetTaxonomyByName(String name)
   at Orchard.Taxonomies.Drivers.TaxonomyFieldDriver.<>c__DisplayClass10.<Editor>b__8()
   at Orchard.ContentManagement.Drivers.ContentFieldDriver`1.<>c__DisplayClass39.<ContentShape>b__38(BuildShapeContext ctx) in c:\Users\Lyrix\Desktop\Orchard\src\Orchard\ContentManagement\Drivers\ContentFieldDriver.cs:line 123
   at Orchard.ContentManagement.Drivers.ContentFieldDriver`1.<>c__DisplayClass42.<ContentShapeImplementation>b__41(BuildShapeContext ctx) in c:\Users\Lyrix\Desktop\Orchard\src\Orchard\ContentManagement\Drivers\ContentFieldDriver.cs:line 135
   at Orchard.ContentManagement.Drivers.ContentShapeResult.ApplyImplementation(BuildShapeContext context, String displayType) in c:\Users\Lyrix\Desktop\Orchard\src\Orchard\ContentManagement\Drivers\ContentShapeResult.cs:line 36
   at Orchard.ContentManagement.Drivers.ContentShapeResult.Apply(BuildEditorContext context) in c:\Users\Lyrix\Desktop\Orchard\src\Orchard\ContentManagement\Drivers\ContentShapeResult.cs:line 25
   at Orchard.ContentManagement.Drivers.CombinedResult.Apply(BuildEditorContext context) in c:\Users\Lyrix\Desktop\Orchard\src\Orchard\ContentManagement\Drivers\CombinedResult.cs:line 47
   at Orchard.ContentManagement.Drivers.Coordinators.ContentFieldDriverCoordinator.<>c__DisplayClassc.<BuildEditor>b__b(IContentFieldDriver driver) in c:\Users\Lyrix\Desktop\Orchard\src\Orchard\ContentManagement\Drivers\Coordinators\ContentFieldDriverCoordinator.cs:line 67
   at Orchard.InvokeExtensions.Invoke[TEvents](IEnumerable`1 events, Action`1 dispatch, ILogger logger) in c:\Users\Lyrix\Desktop\Orchard\src\Orchard\InvokeExtensions.cs:line 17
2014-02-26 10:51:20,369 [24] Orchard.ContentManagement.Drivers.Coordinators.ContentFieldDriverCoordinator - ArgumentNullException thrown from IContentFieldDriver by Orchard.Taxonomies.Drivers.TaxonomyFieldDriver
System.ArgumentNullException: Value cannot be null.
Parameter name: name
   at Orchard.Taxonomies.Services.TaxonomyService.GetTaxonomyByName(String name)
   at Orchard.Taxonomies.Drivers.TaxonomyFieldDriver.<>c__DisplayClass3.<Display>b__2()
   at Orchard.ContentManagement.Drivers.ContentFieldDriver`1.<>c__DisplayClass39.<ContentShape>b__38(BuildShapeContext ctx) in c:\Users\Lyrix\Desktop\Orchard\src\Orchard\ContentManagement\Drivers\ContentFieldDriver.cs:line 123
   at Orchard.ContentManagement.Drivers.ContentFieldDriver`1.<>c__DisplayClass42.<ContentShapeImplementation>b__41(BuildShapeContext ctx) in c:\Users\Lyrix\Desktop\Orchard\src\Orchard\ContentManagement\Drivers\ContentFieldDriver.cs:line 135
   at Orchard.ContentManagement.Drivers.ContentShapeResult.ApplyImplementation(BuildShapeContext context, String displayType) in c:\Users\Lyrix\Desktop\Orchard\src\Orchard\ContentManagement\Drivers\ContentShapeResult.cs:line 36
   at Orchard.ContentManagement.Drivers.ContentShapeResult.Apply(BuildDisplayContext context) in c:\Users\Lyrix\Desktop\Orchard\src\Orchard\ContentManagement\Drivers\ContentShapeResult.cs:line 21
   at Orchard.ContentManagement.Drivers.CombinedResult.Apply(BuildDisplayContext context) in c:\Users\Lyrix\Desktop\Orchard\src\Orchard\ContentManagement\Drivers\CombinedResult.cs:line 28
   at Orchard.ContentManagement.Drivers.Coordinators.ContentFieldDriverCoordinator.<>c__DisplayClass9.<BuildDisplay>b__8(IContentFieldDriver driver) in c:\Users\Lyrix\Desktop\Orchard\src\Orchard\ContentManagement\Drivers\Coordinators\ContentFieldDriverCoordinator.cs:line 58
   at Orchard.InvokeExtensions.Invoke[TEvents](IEnumerable`1 events, Action`1 dispatch, ILogger logger) in c:\Users\Lyrix\Desktop\Orchard\src\Orchard\InvokeExtensions.cs:line 17
2014-02-26 10:51:21,945 [10] Orchard.ContentManagement.Drivers.Coordinators.ContentFieldDriverCoordinator - ArgumentNullException thrown from IContentFieldDriver by Orchard.Taxonomies.Drivers.TaxonomyFieldDriver
System.ArgumentNullException: Value cannot be null.
Parameter name: name
   at Orchard.Taxonomies.Services.TaxonomyService.GetTaxonomyByName(String name)
   at Orchard.Taxonomies.Drivers.TaxonomyFieldDriver.<>c__DisplayClass10.<Editor>b__8()
   at Orchard.ContentManagement.Drivers.ContentFieldDriver`1.<>c__DisplayClass39.<ContentShape>b__38(BuildShapeContext ctx) in c:\Users\Lyrix\Desktop\Orchard\src\Orchard\ContentManagement\Drivers\ContentFieldDriver.cs:line 123
   at Orchard.ContentManagement.Drivers.ContentFieldDriver`1.<>c__DisplayClass42.<ContentShapeImplementation>b__41(BuildShapeContext ctx) in c:\Users\Lyrix\Desktop\Orchard\src\Orchard\ContentManagement\Drivers\ContentFieldDriver.cs:line 135
   at Orchard.ContentManagement.Drivers.ContentShapeResult.ApplyImplementation(BuildShapeContext context, String displayType) in c:\Users\Lyrix\Desktop\Orchard\src\Orchard\ContentManagement\Drivers\ContentShapeResult.cs:line 36
   at Orchard.ContentManagement.Drivers.ContentShapeResult.Apply(BuildEditorContext context) in c:\Users\Lyrix\Desktop\Orchard\src\Orchard\ContentManagement\Drivers\ContentShapeResult.cs:line 25
   at Orchard.ContentManagement.Drivers.CombinedResult.Apply(BuildEditorContext context) in c:\Users\Lyrix\Desktop\Orchard\src\Orchard\ContentManagement\Drivers\CombinedResult.cs:line 47
   at Orchard.ContentManagement.Drivers.Coordinators.ContentFieldDriverCoordinator.<>c__DisplayClassc.<BuildEditor>b__b(IContentFieldDriver driver) in c:\Users\Lyrix\Desktop\Orchard\src\Orchard\ContentManagement\Drivers\Coordinators\ContentFieldDriverCoordinator.cs:line 67
   at Orchard.InvokeExtensions.Invoke[TEvents](IEnumerable`1 events, Action`1 dispatch, ILogger logger) in c:\Users\Lyrix\Desktop\Orchard\src\Orchard\InvokeExtensions.cs:line 17
2014-02-26 11:20:37,237 [18] Orchard.ContentManagement.Drivers.Coordinators.ContentFieldDriverCoordinator - ArgumentNullException thrown from IContentFieldDriver by Orchard.Taxonomies.Drivers.TaxonomyFieldDriver
System.ArgumentNullException: Value cannot be null.
Parameter name: name
   at Orchard.Taxonomies.Services.TaxonomyService.GetTaxonomyByName(String name)
   at Orchard.Taxonomies.Drivers.TaxonomyFieldDriver.<>c__DisplayClass10.<Editor>b__8()
   at Orchard.ContentManagement.Drivers.ContentFieldDriver`1.<>c__DisplayClass39.<ContentShape>b__38(BuildShapeContext ctx) in c:\Users\Lyrix\Desktop\Orchard\src\Orchard\ContentManagement\Drivers\ContentFieldDriver.cs:line 123
   at Orchard.ContentManagement.Drivers.ContentFieldDriver`1.<>c__DisplayClass42.<ContentShapeImplementation>b__41(BuildShapeContext ctx) in c:\Users\Lyrix\Desktop\Orchard\src\Orchard\ContentManagement\Drivers\ContentFieldDriver.cs:line 135
   at Orchard.ContentManagement.Drivers.ContentShapeResult.ApplyImplementation(BuildShapeContext context, String displayType) in c:\Users\Lyrix\Desktop\Orchard\src\Orchard\ContentManagement\Drivers\ContentShapeResult.cs:line 36
   at Orchard.ContentManagement.Drivers.ContentShapeResult.Apply(BuildEditorContext context) in c:\Users\Lyrix\Desktop\Orchard\src\Orchard\ContentManagement\Drivers\ContentShapeResult.cs:line 25
   at Orchard.ContentManagement.Drivers.CombinedResult.Apply(BuildEditorContext context) in c:\Users\Lyrix\Desktop\Orchard\src\Orchard\ContentManagement\Drivers\CombinedResult.cs:line 47
   at Orchard.ContentManagement.Drivers.Coordinators.ContentFieldDriverCoordinator.<>c__DisplayClassc.<BuildEditor>b__b(IContentFieldDriver driver) in c:\Users\Lyrix\Desktop\Orchard\src\Orchard\ContentManagement\Drivers\Coordinators\ContentFieldDriverCoordinator.cs:line 67
   at Orchard.InvokeExtensions.Invoke[TEvents](IEnumerable`1 events, Action`1 dispatch, ILogger logger) in c:\Users\Lyrix\Desktop\Orchard\src\Orchard\InvokeExtensions.cs:line 17
2014-02-26 11:20:54,380 [21] Orchard.ContentManagement.Drivers.Coordinators.ContentFieldDriverCoordinator - ArgumentNullException thrown from IContentFieldDriver by Orchard.Taxonomies.Drivers.TaxonomyFieldDriver
System.ArgumentNullException: Value cannot be null.
Parameter name: name
   at Orchard.Taxonomies.Services.TaxonomyService.GetTaxonomyByName(String name)
   at Orchard.Taxonomies.Drivers.TaxonomyFieldDriver.<>c__DisplayClass10.<Editor>b__8()
   at Orchard.ContentManagement.Drivers.ContentFieldDriver`1.<>c__DisplayClass39.<ContentShape>b__38(BuildShapeContext ctx) in c:\Users\Lyrix\Desktop\Orchard\src\Orchard\ContentManagement\Drivers\ContentFieldDriver.cs:line 123
   at Orchard.ContentManagement.Drivers.ContentFieldDriver`1.<>c__DisplayClass42.<ContentShapeImplementation>b__41(BuildShapeContext ctx) in c:\Users\Lyrix\Desktop\Orchard\src\Orchard\ContentManagement\Drivers\ContentFieldDriver.cs:line 135
   at Orchard.ContentManagement.Drivers.ContentShapeResult.ApplyImplementation(BuildShapeContext context, String displayType) in c:\Users\Lyrix\Desktop\Orchard\src\Orchard\ContentManagement\Drivers\ContentShapeResult.cs:line 36
   at Orchard.ContentManagement.Drivers.ContentShapeResult.Apply(BuildEditorContext context) in c:\Users\Lyrix\Desktop\Orchard\src\Orchard\ContentManagement\Drivers\ContentShapeResult.cs:line 25
   at Orchard.ContentManagement.Drivers.CombinedResult.Apply(BuildEditorContext context) in c:\Users\Lyrix\Desktop\Orchard\src\Orchard\ContentManagement\Drivers\CombinedResult.cs:line 47
   at Orchard.ContentManagement.Drivers.Coordinators.ContentFieldDriverCoordinator.<>c__DisplayClassf.<UpdateEditor>b__e(IContentFieldDriver driver) in c:\Users\Lyrix\Desktop\Orchard\src\Orchard\ContentManagement\Drivers\Coordinators\ContentFieldDriverCoordinator.cs:line 76
   at Orchard.InvokeExtensions.Invoke[TEvents](IEnumerable`1 events, Action`1 dispatch, ILogger logger) in c:\Users\Lyrix\Desktop\Orchard\src\Orchard\InvokeExtensions.cs:line 17
2014-02-26 11:22:58,290 [19] Orchard.ContentManagement.Drivers.Coordinators.ContentPartDriverCoordinator - TargetInvocationException thrown from IContentPartDriver by Orchard.Core.Containers.Drivers.ContainerWidgetPartDriver
System.Reflection.TargetInvocationException: Exception has been thrown by the target of an invocation. ---> System.NullReferenceException: Object reference not set to an instance of an object.
   at lambda_method(Closure )
   --- End of inner exception stack trace ---
   at System.RuntimeMethodHandle.InvokeMethod(Object target, Object[] arguments, Signature sig, Boolean constructor)
   at System.Reflection.RuntimeMethodInfo.UnsafeInvokeInternal(Object obj, Object[] parameters, Object[] arguments)
   at System.Reflection.RuntimeMethodInfo.UnsafeInvoke(Object obj, BindingFlags invokeAttr, Binder binder, Object[] parameters, CultureInfo culture)
   at System.Delegate.DynamicInvokeImpl(Object[] args)
   at NHibernate.Linq.Visitors.Evaluator.SubtreeEvaluator.Evaluate(Expression e)
   at NHibernate.Linq.Visitors.Evaluator.SubtreeEvaluator.Visit(Expression exp)
   at NHibernate.Linq.Visitors.ExpressionVisitor.VisitBinary(BinaryExpression b)
   at NHibernate.Linq.Visitors.ExpressionVisitor.Visit(Expression exp)
   at NHibernate.Linq.Visitors.Evaluator.SubtreeEvaluator.Visit(Expression exp)
   at NHibernate.Linq.Visitors.ExpressionVisitor.VisitLambda(LambdaExpression lambda)
   at NHibernate.Linq.Visitors.ExpressionVisitor.Visit(Expression exp)
   at NHibernate.Linq.Visitors.Evaluator.SubtreeEvaluator.Visit(Expression exp)
   at NHibernate.Linq.Visitors.ExpressionVisitor.VisitUnary(UnaryExpression u)
   at NHibernate.Linq.Visitors.ExpressionVisitor.Visit(Expression exp)
   at NHibernate.Linq.Visitors.Evaluator.SubtreeEvaluator.Visit(Expression exp)
   at NHibernate.Linq.Visitors.ExpressionVisitor.VisitList(ReadOnlyCollection`1 original)
   at NHibernate.Linq.Visitors.ExpressionVisitor.VisitMethodCall(MethodCallExpression m)
   at NHibernate.Linq.Visitors.ExpressionVisitor.Visit(Expression exp)
   at NHibernate.Linq.Visitors.Evaluator.SubtreeEvaluator.Visit(Expression exp)
   at NHibernate.Linq.Visitors.Evaluator.PartialEval(Expression expression, Func`2 fnCanBeEvaluated)
   at NHibernate.Linq.Visitors.Evaluator.PartialEval(Expression expression)
   at NHibernate.Linq.NHibernateQueryProvider.TranslateExpression(Expression expression)
   at Orchard.ContentManagement.DefaultContentQuery.Where[TRecord](Expression`1 predicate, ICriteria bindCriteria) in c:\Users\Lyrix\Desktop\Orchard\src\Orchard\ContentManagement\DefaultContentQuery.cs:line 105
   at Orchard.ContentManagement.DefaultContentQuery.Where[TRecord](Expression`1 predicate) in c:\Users\Lyrix\Desktop\Orchard\src\Orchard\ContentManagement\DefaultContentQuery.cs:line 95
   at Orchard.ContentManagement.DefaultContentQuery.ContentQuery`2.Orchard.ContentManagement.IContentQuery<T,TR>.Where(Expression`1 predicate) in c:\Users\Lyrix\Desktop\Orchard\src\Orchard\ContentManagement\DefaultContentQuery.cs:line 258
   at Orchard.Core.Containers.Drivers.ContainerWidgetPartDriver.<>c__DisplayClass6.<Display>b__4() in c:\Users\Lyrix\Desktop\Orchard\src\Orchard.Web\Core\Containers\Drivers\ContainerWidgetPartDriver.cs:line 32
   at Orchard.ContentManagement.Drivers.ContentPartDriver`1.<>c__DisplayClassf.<ContentShape>b__e(BuildShapeContext ctx) in c:\Users\Lyrix\Desktop\Orchard\src\Orchard\ContentManagement\Drivers\ContentPartDriver.cs:line 130
   at Orchard.ContentManagement.Drivers.ContentPartDriver`1.<>c__DisplayClass15.<ContentShapeImplementation>b__14(BuildShapeContext ctx) in c:\Users\Lyrix\Desktop\Orchard\src\Orchard\ContentManagement\Drivers\ContentPartDriver.cs:line 139
   at Orchard.ContentManagement.Drivers.ContentShapeResult.ApplyImplementation(BuildShapeContext context, String displayType) in c:\Users\Lyrix\Desktop\Orchard\src\Orchard\ContentManagement\Drivers\ContentShapeResult.cs:line 36
   at Orchard.ContentManagement.Drivers.ContentShapeResult.Apply(BuildDisplayContext context) in c:\Users\Lyrix\Desktop\Orchard\src\Orchard\ContentManagement\Drivers\ContentShapeResult.cs:line 21
   at Orchard.ContentManagement.Drivers.Coordinators.ContentPartDriverCoordinator.<>c__DisplayClassa.<BuildDisplay>b__9(IContentPartDriver driver) in c:\Users\Lyrix\Desktop\Orchard\src\Orchard\ContentManagement\Drivers\Coordinators\ContentPartDriverCoordinator.cs:line 49
   at Orchard.InvokeExtensions.Invoke[TEvents](IEnumerable`1 events, Action`1 dispatch, ILogger logger) in c:\Users\Lyrix\Desktop\Orchard\src\Orchard\InvokeExtensions.cs:line 17
2014-02-26 11:23:00,974 [12] Orchard.ContentManagement.Drivers.Coordinators.ContentPartDriverCoordinator - TargetInvocationException thrown from IContentPartDriver by Orchard.Core.Containers.Drivers.ContainerWidgetPartDriver
System.Reflection.TargetInvocationException: Exception has been thrown by the target of an invocation. ---> System.NullReferenceException: Object reference not set to an instance of an object.
   at lambda_method(Closure )
   --- End of inner exception stack trace ---
   at System.RuntimeMethodHandle.InvokeMethod(Object target, Object[] arguments, Signature sig, Boolean constructor)
   at System.Reflection.RuntimeMethodInfo.UnsafeInvokeInternal(Object obj, Object[] parameters, Object[] arguments)
   at System.Reflection.RuntimeMethodInfo.UnsafeInvoke(Object obj, BindingFlags invokeAttr, Binder binder, Object[] parameters, CultureInfo culture)
   at System.Delegate.DynamicInvokeImpl(Object[] args)
   at NHibernate.Linq.Visitors.Evaluator.SubtreeEvaluator.Evaluate(Expression e)
   at NHibernate.Linq.Visitors.Evaluator.SubtreeEvaluator.Visit(Expression exp)
   at NHibernate.Linq.Visitors.ExpressionVisitor.VisitBinary(BinaryExpression b)
   at NHibernate.Linq.Visitors.ExpressionVisitor.Visit(Expression exp)
   at NHibernate.Linq.Visitors.Evaluator.SubtreeEvaluator.Visit(Expression exp)
   at NHibernate.Linq.Visitors.ExpressionVisitor.VisitLambda(LambdaExpression lambda)
   at NHibernate.Linq.Visitors.ExpressionVisitor.Visit(Expression exp)
   at NHibernate.Linq.Visitors.Evaluator.SubtreeEvaluator.Visit(Expression exp)
   at NHibernate.Linq.Visitors.ExpressionVisitor.VisitUnary(UnaryExpression u)
   at NHibernate.Linq.Visitors.ExpressionVisitor.Visit(Expression exp)
   at NHibernate.Linq.Visitors.Evaluator.SubtreeEvaluator.Visit(Expression exp)
   at NHibernate.Linq.Visitors.ExpressionVisitor.VisitList(ReadOnlyCollection`1 original)
   at NHibernate.Linq.Visitors.ExpressionVisitor.VisitMethodCall(MethodCallExpression m)
   at NHibernate.Linq.Visitors.ExpressionVisitor.Visit(Expression exp)
   at NHibernate.Linq.Visitors.Evaluator.SubtreeEvaluator.Visit(Expression exp)
   at NHibernate.Linq.Visitors.Evaluator.PartialEval(Expression expression, Func`2 fnCanBeEvaluated)
   at NHibernate.Linq.Visitors.Evaluator.PartialEval(Expression expression)
   at NHibernate.Linq.NHibernateQueryProvider.TranslateExpression(Expression expression)
   at Orchard.ContentManagement.DefaultContentQuery.Where[TRecord](Expression`1 predicate, ICriteria bindCriteria) in c:\Users\Lyrix\Desktop\Orchard\src\Orchard\ContentManagement\DefaultContentQuery.cs:line 105
   at Orchard.ContentManagement.DefaultContentQuery.Where[TRecord](Expression`1 predicate) in c:\Users\Lyrix\Desktop\Orchard\src\Orchard\ContentManagement\DefaultContentQuery.cs:line 95
   at Orchard.ContentManagement.DefaultContentQuery.ContentQuery`2.Orchard.ContentManagement.IContentQuery<T,TR>.Where(Expression`1 predicate) in c:\Users\Lyrix\Desktop\Orchard\src\Orchard\ContentManagement\DefaultContentQuery.cs:line 258
   at Orchard.Core.Containers.Drivers.ContainerWidgetPartDriver.<>c__DisplayClass6.<Display>b__4() in c:\Users\Lyrix\Desktop\Orchard\src\Orchard.Web\Core\Containers\Drivers\ContainerWidgetPartDriver.cs:line 32
   at Orchard.ContentManagement.Drivers.ContentPartDriver`1.<>c__DisplayClassf.<ContentShape>b__e(BuildShapeContext ctx) in c:\Users\Lyrix\Desktop\Orchard\src\Orchard\ContentManagement\Drivers\ContentPartDriver.cs:line 130
   at Orchard.ContentManagement.Drivers.ContentPartDriver`1.<>c__DisplayClass15.<ContentShapeImplementation>b__14(BuildShapeContext ctx) in c:\Users\Lyrix\Desktop\Orchard\src\Orchard\ContentManagement\Drivers\ContentPartDriver.cs:line 139
   at Orchard.ContentManagement.Drivers.ContentShapeResult.ApplyImplementation(BuildShapeContext context, String displayType) in c:\Users\Lyrix\Desktop\Orchard\src\Orchard\ContentManagement\Drivers\ContentShapeResult.cs:line 36
   at Orchard.ContentManagement.Drivers.ContentShapeResult.Apply(BuildDisplayContext context) in c:\Users\Lyrix\Desktop\Orchard\src\Orchard\ContentManagement\Drivers\ContentShapeResult.cs:line 21
   at Orchard.ContentManagement.Drivers.Coordinators.ContentPartDriverCoordinator.<>c__DisplayClassa.<BuildDisplay>b__9(IContentPartDriver driver) in c:\Users\Lyrix\Desktop\Orchard\src\Orchard\ContentManagement\Drivers\Coordinators\ContentPartDriverCoordinator.cs:line 49
   at Orchard.InvokeExtensions.Invoke[TEvents](IEnumerable`1 events, Action`1 dispatch, ILogger logger) in c:\Users\Lyrix\Desktop\Orchard\src\Orchard\InvokeExtensions.cs:line 17
2014-02-26 11:23:03,354 [10] Orchard.ContentManagement.Drivers.Coordinators.ContentPartDriverCoordinator - TargetInvocationException thrown from IContentPartDriver by Orchard.Core.Containers.Drivers.ContainerWidgetPartDriver
System.Reflection.TargetInvocationException: Exception has been thrown by the target of an invocation. ---> System.NullReferenceException: Object reference not set to an instance of an object.
   at lambda_method(Closure )
   --- End of inner exception stack trace ---
   at System.RuntimeMethodHandle.InvokeMethod(Object target, Object[] arguments, Signature sig, Boolean constructor)
   at System.Reflection.RuntimeMethodInfo.UnsafeInvokeInternal(Object obj, Object[] parameters, Object[] arguments)
   at System.Reflection.RuntimeMethodInfo.UnsafeInvoke(Object obj, BindingFlags invokeAttr, Binder binder, Object[] parameters, CultureInfo culture)
   at System.Delegate.DynamicInvokeImpl(Object[] args)
   at NHibernate.Linq.Visitors.Evaluator.SubtreeEvaluator.Evaluate(Expression e)
   at NHibernate.Linq.Visitors.Evaluator.SubtreeEvaluator.Visit(Expression exp)
   at NHibernate.Linq.Visitors.ExpressionVisitor.VisitBinary(BinaryExpression b)
   at NHibernate.Linq.Visitors.ExpressionVisitor.Visit(Expression exp)
   at NHibernate.Linq.Visitors.Evaluator.SubtreeEvaluator.Visit(Expression exp)
   at NHibernate.Linq.Visitors.ExpressionVisitor.VisitLambda(LambdaExpression lambda)
   at NHibernate.Linq.Visitors.ExpressionVisitor.Visit(Expression exp)
   at NHibernate.Linq.Visitors.Evaluator.SubtreeEvaluator.Visit(Expression exp)
   at NHibernate.Linq.Visitors.ExpressionVisitor.VisitUnary(UnaryExpression u)
   at NHibernate.Linq.Visitors.ExpressionVisitor.Visit(Expression exp)
   at NHibernate.Linq.Visitors.Evaluator.SubtreeEvaluator.Visit(Expression exp)
   at NHibernate.Linq.Visitors.ExpressionVisitor.VisitList(ReadOnlyCollection`1 original)
   at NHibernate.Linq.Visitors.ExpressionVisitor.VisitMethodCall(MethodCallExpression m)
   at NHibernate.Linq.Visitors.ExpressionVisitor.Visit(Expression exp)
   at NHibernate.Linq.Visitors.Evaluator.SubtreeEvaluator.Visit(Expression exp)
   at NHibernate.Linq.Visitors.Evaluator.PartialEval(Expression expression, Func`2 fnCanBeEvaluated)
   at NHibernate.Linq.Visitors.Evaluator.PartialEval(Expression expression)
   at NHibernate.Linq.NHibernateQueryProvider.TranslateExpression(Expression expression)
   at Orchard.ContentManagement.DefaultContentQuery.Where[TRecord](Expression`1 predicate, ICriteria bindCriteria) in c:\Users\Lyrix\Desktop\Orchard\src\Orchard\ContentManagement\DefaultContentQuery.cs:line 105
   at Orchard.ContentManagement.DefaultContentQuery.Where[TRecord](Expression`1 predicate) in c:\Users\Lyrix\Desktop\Orchard\src\Orchard\ContentManagement\DefaultContentQuery.cs:line 95
   at Orchard.ContentManagement.DefaultContentQuery.ContentQuery`2.Orchard.ContentManagement.IContentQuery<T,TR>.Where(Expression`1 predicate) in c:\Users\Lyrix\Desktop\Orchard\src\Orchard\ContentManagement\DefaultContentQuery.cs:line 258
   at Orchard.Core.Containers.Drivers.ContainerWidgetPartDriver.<>c__DisplayClass6.<Display>b__4() in c:\Users\Lyrix\Desktop\Orchard\src\Orchard.Web\Core\Containers\Drivers\ContainerWidgetPartDriver.cs:line 32
   at Orchard.ContentManagement.Drivers.ContentPartDriver`1.<>c__DisplayClassf.<ContentShape>b__e(BuildShapeContext ctx) in c:\Users\Lyrix\Desktop\Orchard\src\Orchard\ContentManagement\Drivers\ContentPartDriver.cs:line 130
   at Orchard.ContentManagement.Drivers.ContentPartDriver`1.<>c__DisplayClass15.<ContentShapeImplementation>b__14(BuildShapeContext ctx) in c:\Users\Lyrix\Desktop\Orchard\src\Orchard\ContentManagement\Drivers\ContentPartDriver.cs:line 139
   at Orchard.ContentManagement.Drivers.ContentShapeResult.ApplyImplementation(BuildShapeContext context, String displayType) in c:\Users\Lyrix\Desktop\Orchard\src\Orchard\ContentManagement\Drivers\ContentShapeResult.cs:line 36
   at Orchard.ContentManagement.Drivers.ContentShapeResult.Apply(BuildDisplayContext context) in c:\Users\Lyrix\Desktop\Orchard\src\Orchard\ContentManagement\Drivers\ContentShapeResult.cs:line 21
   at Orchard.ContentManagement.Drivers.Coordinators.ContentPartDriverCoordinator.<>c__DisplayClassa.<BuildDisplay>b__9(IContentPartDriver driver) in c:\Users\Lyrix\Desktop\Orchard\src\Orchard\ContentManagement\Drivers\Coordinators\ContentPartDriverCoordinator.cs:line 49
   at Orchard.InvokeExtensions.Invoke[TEvents](IEnumerable`1 events, Action`1 dispatch, ILogger logger) in c:\Users\Lyrix\Desktop\Orchard\src\Orchard\InvokeExtensions.cs:line 17
2014-02-26 15:24:09,150 [11] Orchard.Environment.DefaultBuildManager - Error when compiling assembly under ~/Themes/OrchardProject.Net/OrchardProject.Net.csproj.
System.Web.HttpParseException (0x80004005): Error compiling module "OrchardProject.Net" from file "/OrchardLocal/Themes/OrchardProject.Net/OrchardProject.Net.csproj":
Could not find file 'C:\Users\Lyrix\Desktop\Orchard\src\Orchard.Web\Themes\OrchardProject.Net\Properties\AssemblyInfo.cs'. ---> Orchard.OrchardCoreException: Error compiling module "OrchardProject.Net" from file "/OrchardLocal/Themes/OrchardProject.Net/OrchardProject.Net.csproj":
Could not find file 'C:\Users\Lyrix\Desktop\Orchard\src\Orchard.Web\Themes\OrchardProject.Net\Properties\AssemblyInfo.cs'. ---> System.IO.FileNotFoundException: Could not find file 'C:\Users\Lyrix\Desktop\Orchard\src\Orchard.Web\Themes\OrchardProject.Net\Properties\AssemblyInfo.cs'.
   at System.IO.__Error.WinIOError(Int32 errorCode, String maybeFullPath)
   at System.IO.FileStream.Init(String path, FileMode mode, FileAccess access, Int32 rights, Boolean useRights, FileShare share, Int32 bufferSize, FileOptions options, SECURITY_ATTRIBUTES secAttrs, String msgPath, Boolean bFromProxy, Boolean useLongPath, Boolean checkHost)
   at System.IO.FileStream..ctor(String path, FileMode mode, FileAccess access, FileShare share)
   at System.Web.Hosting.MapPathBasedVirtualFile.Open()
   at Orchard.FileSystems.VirtualPath.DefaultVirtualPathProvider.OpenFile(String virtualPath) in c:\Users\Lyrix\Desktop\Orchard\src\Orchard\FileSystems\VirtualPath\DefaultVirtualPathProvider.cs:line 107
   at Orchard.Environment.Extensions.Compilers.DefaultExtensionCompiler.GetContents(String virtualPath) in c:\Users\Lyrix\Desktop\Orchard\src\Orchard\Environment\Extensions\Compilers\DefaultExtensionCompiler.cs:line 129
   at Orchard.Environment.Extensions.Compilers.DefaultExtensionCompiler.CreateCompileUnit(String virtualPath) in c:\Users\Lyrix\Desktop\Orchard\src\Orchard\Environment\Extensions\Compilers\DefaultExtensionCompiler.cs:line 117
   at Orchard.Environment.Extensions.Compilers.DefaultExtensionCompiler.Compile(CompileExtensionContext context) in c:\Users\Lyrix\Desktop\Orchard\src\Orchard\Environment\Extensions\Compilers\DefaultExtensionCompiler.cs:line 59
   --- End of inner exception stack trace ---
   at Orchard.Environment.Extensions.Compilers.DefaultExtensionCompiler.Compile(CompileExtensionContext context) in c:\Users\Lyrix\Desktop\Orchard\src\Orchard\Environment\Extensions\Compilers\DefaultExtensionCompiler.cs:line 112
   at Orchard.Environment.Extensions.Compilers.CSharpExtensionBuildProviderShim.GenerateCode(AssemblyBuilder assemblyBuilder) in c:\Users\Lyrix\Desktop\Orchard\src\Orchard\Environment\Extensions\Compilers\CSharpExtensionBuildProviderShim.cs:line 32
   at System.Web.Compilation.AssemblyBuilder.AddBuildProvider(BuildProvider buildProvider)
   at System.Web.Compilation.AssemblyBuilder.AddBuildProvider(BuildProvider buildProvider)
   at System.Web.Compilation.BuildProvidersCompiler.ProcessBuildProviders()
   at System.Web.Compilation.BuildProvidersCompiler.PerformBuild()
   at System.Web.Compilation.BuildManager.CompileWebFile(VirtualPath virtualPath)
   at System.Web.Compilation.BuildManager.GetVPathBuildResultInternal(VirtualPath virtualPath, Boolean noBuild, Boolean allowCrossApp, Boolean allowBuildInPrecompile, Boolean throwIfNotFound, Boolean ensureIsUpToDate)
   at System.Web.Compilation.BuildManager.GetVPathBuildResultWithNoAssert(HttpContext context, VirtualPath virtualPath, Boolean noBuild, Boolean allowCrossApp, Boolean allowBuildInPrecompile, Boolean throwIfNotFound, Boolean ensureIsUpToDate)
   at System.Web.Compilation.BuildManager.GetVPathBuildResult(HttpContext context, VirtualPath virtualPath, Boolean noBuild, Boolean allowCrossApp, Boolean allowBuildInPrecompile, Boolean ensureIsUpToDate)
   at System.Web.Compilation.BuildManager.GetCompiledAssembly(String virtualPath)
   at Orchard.Environment.DefaultBuildManager.GetCompiledAssembly(String virtualPath) in c:\Users\Lyrix\Desktop\Orchard\src\Orchard\Environment\IBuildManager.cs:line 53
2014-02-26 15:24:09,165 [11] Orchard.Environment.Extensions.ExtensionManager - No suitable loader found for extension "OrchardProject.Net"
